0 verbose cli /usr/local/bin/node /usr/local/lib/node_modules/npm/bin/npm-cli.js
1 info using npm@10.9.3
2 info using node@v22.19.0
3 silly config load:file:/usr/local/lib/node_modules/npm/npmrc
4 silly config load:file:/Users/sohee/Documents/triptalk/.npmrc
5 silly config load:file:/Users/sohee/.npmrc
6 silly config load:file:/usr/local/etc/npmrc
7 verbose title npm exec cursor-talk-to-figma-socket
8 verbose argv "exec" "--yes" "--" "cursor-talk-to-figma-socket"
9 verbose logfile logs-max:10 dir:/Users/sohee/Documents/triptalk/.npm-cache/_logs/2025-10-29T08_04_53_944Z-
10 verbose logfile /Users/sohee/Documents/triptalk/.npm-cache/_logs/2025-10-29T08_04_53_944Z-debug-0.log
11 silly logfile done cleaning log files
12 silly packumentCache heap:4345298944 maxSize:1086324736 maxEntrySize:543162368
13 http fetch GET 200 https://registry.npmjs.org/cursor-talk-to-figma-socket 61ms (cache miss)
14 silly packumentCache heap:4345298944 maxSize:1086324736 maxEntrySize:543162368
15 silly packumentCache heap:4345298944 maxSize:1086324736 maxEntrySize:543162368
16 silly idealTree buildDeps
17 silly fetch manifest cursor-talk-to-figma-socket@0.3.4
18 silly packumentCache full:https://registry.npmjs.org/cursor-talk-to-figma-socket cache-miss
19 http fetch GET 200 https://registry.npmjs.org/npm 161ms
20 http fetch GET 200 https://registry.npmjs.org/cursor-talk-to-figma-socket 523ms (cache miss)
21 silly packumentCache full:https://registry.npmjs.org/cursor-talk-to-figma-socket set size:undefined disposed:false
22 silly placeDep ROOT cursor-talk-to-figma-socket@0.3.4 OK for:  want: 0.3.4
23 silly fetch manifest @modelcontextprotocol/sdk@1.13.1
24 silly packumentCache full:https://registry.npmjs.org/@modelcontextprotocol%2fsdk cache-miss
25 silly fetch manifest uuid@latest
26 silly packumentCache full:https://registry.npmjs.org/uuid cache-miss
27 silly fetch manifest ws@latest
28 silly packumentCache full:https://registry.npmjs.org/ws cache-miss
29 silly fetch manifest zod@3.22.4
30 silly packumentCache full:https://registry.npmjs.org/zod cache-miss
31 http fetch GET 200 https://registry.npmjs.org/uuid 40ms (cache miss)
32 silly packumentCache full:https://registry.npmjs.org/uuid set size:undefined disposed:false
33 http fetch GET 200 https://registry.npmjs.org/ws 83ms (cache miss)
34 silly packumentCache full:https://registry.npmjs.org/ws set size:undefined disposed:false
35 http fetch GET 200 https://registry.npmjs.org/@modelcontextprotocol%2fsdk 93ms (cache miss)
36 silly packumentCache full:https://registry.npmjs.org/@modelcontextprotocol%2fsdk set size:undefined disposed:false
37 http fetch GET 200 https://registry.npmjs.org/zod 112ms (cache miss)
38 silly packumentCache full:https://registry.npmjs.org/zod set size:undefined disposed:false
39 silly fetch manifest bufferutil@^4.0.1
40 silly packumentCache full:https://registry.npmjs.org/bufferutil cache-miss
41 http fetch GET 200 https://registry.npmjs.org/bufferutil 42ms (cache miss)
42 silly packumentCache full:https://registry.npmjs.org/bufferutil set size:undefined disposed:false
43 silly fetch manifest utf-8-validate@>=5.0.2
44 silly packumentCache full:https://registry.npmjs.org/utf-8-validate cache-miss
45 http fetch GET 200 https://registry.npmjs.org/utf-8-validate 43ms (cache miss)
46 silly packumentCache full:https://registry.npmjs.org/utf-8-validate set size:undefined disposed:false
47 silly placeDep ROOT @modelcontextprotocol/sdk@1.13.1 OK for: cursor-talk-to-figma-socket@0.3.4 want: 1.13.1
48 silly placeDep ROOT uuid@13.0.0 OK for: cursor-talk-to-figma-socket@0.3.4 want: latest
49 silly placeDep ROOT ws@8.18.3 OK for: cursor-talk-to-figma-socket@0.3.4 want: latest
50 silly placeDep ROOT zod@3.22.4 OK for: cursor-talk-to-figma-socket@0.3.4 want: 3.22.4
51 silly fetch manifest ajv@^6.12.6
52 silly packumentCache full:https://registry.npmjs.org/ajv cache-miss
53 silly fetch manifest zod@^3.23.8
54 silly packumentCache full:https://registry.npmjs.org/zod cache-miss
55 silly fetch manifest cors@^2.8.5
56 silly packumentCache full:https://registry.npmjs.org/cors cache-miss
57 silly fetch manifest express@^5.0.1
58 silly packumentCache full:https://registry.npmjs.org/express cache-miss
59 silly fetch manifest raw-body@^3.0.0
60 silly packumentCache full:https://registry.npmjs.org/raw-body cache-miss
61 silly fetch manifest cross-spawn@^7.0.5
62 silly packumentCache full:https://registry.npmjs.org/cross-spawn cache-miss
63 silly fetch manifest eventsource@^3.0.2
64 silly packumentCache full:https://registry.npmjs.org/eventsource cache-miss
65 silly fetch manifest content-type@^1.0.5
66 silly packumentCache full:https://registry.npmjs.org/content-type cache-miss
67 silly fetch manifest pkce-challenge@^5.0.0
68 silly packumentCache full:https://registry.npmjs.org/pkce-challenge cache-miss
69 http cache https://registry.npmjs.org/zod 11ms (cache hit)
70 silly packumentCache full:https://registry.npmjs.org/zod set size:3195909 disposed:false
71 silly fetch manifest express-rate-limit@^7.5.0
72 silly packumentCache full:https://registry.npmjs.org/express-rate-limit cache-miss
73 http fetch GET 200 https://registry.npmjs.org/raw-body 57ms (cache miss)
74 silly packumentCache full:https://registry.npmjs.org/raw-body set size:undefined disposed:false
75 silly fetch manifest zod-to-json-schema@^3.24.1
76 silly packumentCache full:https://registry.npmjs.org/zod-to-json-schema cache-miss
77 http fetch GET 200 https://registry.npmjs.org/cors 59ms (cache miss)
78 silly packumentCache full:https://registry.npmjs.org/cors set size:undefined disposed:false
79 http fetch GET 200 https://registry.npmjs.org/express 60ms (cache miss)
80 silly packumentCache full:https://registry.npmjs.org/express set size:undefined disposed:false
81 http fetch GET 200 https://registry.npmjs.org/ajv 74ms (cache miss)
82 silly packumentCache full:https://registry.npmjs.org/ajv set size:undefined disposed:false
83 http fetch GET 200 https://registry.npmjs.org/cross-spawn 87ms (cache miss)
84 silly packumentCache full:https://registry.npmjs.org/cross-spawn set size:undefined disposed:false
85 http fetch GET 200 https://registry.npmjs.org/eventsource 90ms (cache miss)
86 silly packumentCache full:https://registry.npmjs.org/eventsource set size:undefined disposed:false
87 http fetch GET 200 https://registry.npmjs.org/zod-to-json-schema 48ms (cache miss)
88 silly packumentCache full:https://registry.npmjs.org/zod-to-json-schema set size:undefined disposed:false
89 http fetch GET 200 https://registry.npmjs.org/content-type 107ms (cache miss)
90 silly packumentCache full:https://registry.npmjs.org/content-type set size:undefined disposed:false
91 http fetch GET 200 https://registry.npmjs.org/express-rate-limit 86ms (cache miss)
92 silly packumentCache full:https://registry.npmjs.org/express-rate-limit set size:undefined disposed:false
93 http fetch GET 200 https://registry.npmjs.org/pkce-challenge 160ms (cache miss)
94 silly packumentCache full:https://registry.npmjs.org/pkce-challenge set size:undefined disposed:false
95 silly placeDep ROOT ajv@6.12.6 OK for: @modelcontextprotocol/sdk@1.13.1 want: ^6.12.6
96 silly placeDep ROOT content-type@1.0.5 OK for: @modelcontextprotocol/sdk@1.13.1 want: ^1.0.5
97 silly placeDep ROOT cors@2.8.5 OK for: @modelcontextprotocol/sdk@1.13.1 want: ^2.8.5
98 silly placeDep ROOT cross-spawn@7.0.6 OK for: @modelcontextprotocol/sdk@1.13.1 want: ^7.0.5
99 silly placeDep ROOT eventsource@3.0.7 OK for: @modelcontextprotocol/sdk@1.13.1 want: ^3.0.2
100 silly placeDep ROOT express@5.1.0 OK for: @modelcontextprotocol/sdk@1.13.1 want: ^5.0.1
101 silly placeDep ROOT express-rate-limit@7.5.1 OK for: @modelcontextprotocol/sdk@1.13.1 want: ^7.5.0
102 silly placeDep ROOT pkce-challenge@5.0.0 OK for: @modelcontextprotocol/sdk@1.13.1 want: ^5.0.0
103 silly placeDep ROOT raw-body@3.0.1 OK for: @modelcontextprotocol/sdk@1.13.1 want: ^3.0.0
104 silly placeDep node_modules/@modelcontextprotocol/sdk zod@3.25.76 OK for: @modelcontextprotocol/sdk@1.13.1 want: ^3.23.8
105 silly placeDep node_modules/@modelcontextprotocol/sdk zod-to-json-schema@3.24.6 OK for: @modelcontextprotocol/sdk@1.13.1 want: ^3.24.1
106 silly fetch manifest uri-js@^4.2.2
107 silly packumentCache full:https://registry.npmjs.org/uri-js cache-miss
108 silly fetch manifest fast-deep-equal@^3.1.1
109 silly packumentCache full:https://registry.npmjs.org/fast-deep-equal cache-miss
110 silly fetch manifest json-schema-traverse@^0.4.1
111 silly packumentCache full:https://registry.npmjs.org/json-schema-traverse cache-miss
112 silly fetch manifest fast-json-stable-stringify@^2.0.0
113 silly packumentCache full:https://registry.npmjs.org/fast-json-stable-stringify cache-miss
114 silly fetch manifest vary@^1
115 silly packumentCache full:https://registry.npmjs.org/vary cache-miss
116 silly fetch manifest object-assign@^4
117 silly packumentCache full:https://registry.npmjs.org/object-assign cache-miss
118 silly fetch manifest which@^2.0.1
119 silly packumentCache full:https://registry.npmjs.org/which cache-miss
120 silly fetch manifest path-key@^3.1.0
121 silly packumentCache full:https://registry.npmjs.org/path-key cache-miss
122 silly fetch manifest shebang-command@^2.0.0
123 silly packumentCache full:https://registry.npmjs.org/shebang-command cache-miss
124 http fetch GET 200 https://registry.npmjs.org/path-key 32ms (cache miss)
125 silly packumentCache full:https://registry.npmjs.org/path-key set size:undefined disposed:false
126 silly fetch manifest eventsource-parser@^3.0.1
127 silly packumentCache full:https://registry.npmjs.org/eventsource-parser cache-miss
128 http fetch GET 200 https://registry.npmjs.org/fast-json-stable-stringify 36ms (cache miss)
129 silly packumentCache full:https://registry.npmjs.org/fast-json-stable-stringify set size:undefined disposed:false
130 silly fetch manifest qs@^6.14.0
131 silly packumentCache full:https://registry.npmjs.org/qs cache-miss
132 http fetch GET 200 https://registry.npmjs.org/object-assign 37ms (cache miss)
133 silly packumentCache full:https://registry.npmjs.org/object-assign set size:undefined disposed:false
134 silly fetch manifest etag@^1.8.1
135 silly packumentCache full:https://registry.npmjs.org/etag cache-miss
136 http fetch GET 200 https://registry.npmjs.org/vary 39ms (cache miss)
137 silly packumentCache full:https://registry.npmjs.org/vary set size:undefined disposed:false
138 silly fetch manifest once@^1.4.0
139 silly packumentCache full:https://registry.npmjs.org/once cache-miss
140 http fetch GET 200 https://registry.npmjs.org/uri-js 42ms (cache miss)
141 silly packumentCache full:https://registry.npmjs.org/uri-js set size:undefined disposed:false
142 silly fetch manifest send@^1.1.0
143 silly packumentCache full:https://registry.npmjs.org/send cache-miss
144 http fetch GET 200 https://registry.npmjs.org/fast-deep-equal 45ms (cache miss)
145 silly packumentCache full:https://registry.npmjs.org/fast-deep-equal set size:undefined disposed:false
146 silly fetch manifest vary@^1.1.2
147 silly packumentCache full:https://registry.npmjs.org/vary cache-miss
148 http cache https://registry.npmjs.org/vary 1ms (cache hit)
149 silly packumentCache full:https://registry.npmjs.org/vary set size:16018 disposed:false
150 silly fetch manifest debug@^4.4.0
151 silly packumentCache full:https://registry.npmjs.org/debug cache-miss
152 http fetch GET 200 https://registry.npmjs.org/json-schema-traverse 53ms (cache miss)
153 silly packumentCache full:https://registry.npmjs.org/json-schema-traverse set size:undefined disposed:false
154 silly fetch manifest fresh@^2.0.0
155 silly packumentCache full:https://registry.npmjs.org/fresh cache-miss
156 http fetch GET 200 https://registry.npmjs.org/shebang-command 54ms (cache miss)
157 silly packumentCache full:https://registry.npmjs.org/shebang-command set size:undefined disposed:false
158 silly fetch manifest cookie@^0.7.1
159 silly packumentCache full:https://registry.npmjs.org/cookie cache-miss
160 http fetch GET 200 https://registry.npmjs.org/which 55ms (cache miss)
161 silly packumentCache full:https://registry.npmjs.org/which set size:undefined disposed:false
162 silly fetch manifest router@^2.2.0
163 silly packumentCache full:https://registry.npmjs.org/router cache-miss
164 http fetch GET 200 https://registry.npmjs.org/eventsource-parser 34ms (cache miss)
165 silly packumentCache full:https://registry.npmjs.org/eventsource-parser set size:undefined disposed:false
166 silly fetch manifest accepts@^2.0.0
167 silly packumentCache full:https://registry.npmjs.org/accepts cache-miss
168 http fetch GET 200 https://registry.npmjs.org/qs 35ms (cache miss)
169 silly packumentCache full:https://registry.npmjs.org/qs set size:undefined disposed:false
170 silly fetch manifest type-is@^2.0.1
171 silly packumentCache full:https://registry.npmjs.org/type-is cache-miss
172 http fetch GET 200 https://registry.npmjs.org/send 34ms (cache miss)
173 silly packumentCache full:https://registry.npmjs.org/send set size:undefined disposed:false
174 silly fetch manifest parseurl@^1.3.3
175 silly packumentCache full:https://registry.npmjs.org/parseurl cache-miss
176 http fetch GET 200 https://registry.npmjs.org/cookie 40ms (cache miss)
177 silly packumentCache full:https://registry.npmjs.org/cookie set size:undefined disposed:false
178 silly fetch manifest statuses@^2.0.1
179 silly packumentCache full:https://registry.npmjs.org/statuses cache-miss
180 http fetch GET 200 https://registry.npmjs.org/router 39ms (cache miss)
181 silly packumentCache full:https://registry.npmjs.org/router set size:undefined disposed:false
182 silly fetch manifest encodeurl@^2.0.0
183 silly packumentCache full:https://registry.npmjs.org/encodeurl cache-miss
184 http fetch GET 200 https://registry.npmjs.org/once 56ms (cache miss)
185 silly packumentCache full:https://registry.npmjs.org/once set size:undefined disposed:false
186 silly fetch manifest mime-types@^3.0.0
187 silly packumentCache full:https://registry.npmjs.org/mime-types cache-miss
188 http fetch GET 200 https://registry.npmjs.org/accepts 32ms (cache miss)
189 silly packumentCache full:https://registry.npmjs.org/accepts set size:undefined disposed:false
190 silly fetch manifest proxy-addr@^2.0.7
191 silly packumentCache full:https://registry.npmjs.org/proxy-addr cache-miss
192 http fetch GET 200 https://registry.npmjs.org/fresh 46ms (cache miss)
193 silly packumentCache full:https://registry.npmjs.org/fresh set size:undefined disposed:false
194 silly fetch manifest body-parser@^2.2.0
195 silly packumentCache full:https://registry.npmjs.org/body-parser cache-miss
196 http fetch GET 200 https://registry.npmjs.org/etag 67ms (cache miss)
197 silly packumentCache full:https://registry.npmjs.org/etag set size:undefined disposed:false
198 silly fetch manifest escape-html@^1.0.3
199 silly packumentCache full:https://registry.npmjs.org/escape-html cache-miss
200 http fetch GET 200 https://registry.npmjs.org/parseurl 32ms (cache miss)
201 silly packumentCache full:https://registry.npmjs.org/parseurl set size:undefined disposed:false
202 silly fetch manifest http-errors@^2.0.0
203 silly packumentCache full:https://registry.npmjs.org/http-errors cache-miss
204 http fetch GET 200 https://registry.npmjs.org/type-is 37ms (cache miss)
205 silly packumentCache full:https://registry.npmjs.org/type-is set size:undefined disposed:false
206 silly fetch manifest on-finished@^2.4.1
207 silly packumentCache full:https://registry.npmjs.org/on-finished cache-miss
208 http fetch GET 200 https://registry.npmjs.org/debug 76ms (cache miss)
209 silly packumentCache full:https://registry.npmjs.org/debug set size:undefined disposed:false
210 silly fetch manifest finalhandler@^2.1.0
211 silly packumentCache full:https://registry.npmjs.org/finalhandler cache-miss
212 http fetch GET 200 https://registry.npmjs.org/proxy-addr 44ms (cache miss)
213 silly packumentCache full:https://registry.npmjs.org/proxy-addr set size:undefined disposed:false
214 silly fetch manifest range-parser@^1.2.1
215 silly packumentCache full:https://registry.npmjs.org/range-parser cache-miss
216 http fetch GET 200 https://registry.npmjs.org/encodeurl 51ms (cache miss)
217 silly packumentCache full:https://registry.npmjs.org/encodeurl set size:undefined disposed:false
218 silly fetch manifest serve-static@^2.2.0
219 silly packumentCache full:https://registry.npmjs.org/serve-static cache-miss
220 http fetch GET 200 https://registry.npmjs.org/escape-html 41ms (cache miss)
221 silly packumentCache full:https://registry.npmjs.org/escape-html set size:undefined disposed:false
222 silly fetch manifest cookie-signature@^1.2.1
223 silly packumentCache full:https://registry.npmjs.org/cookie-signature cache-miss
224 http fetch GET 200 https://registry.npmjs.org/statuses 54ms (cache miss)
225 silly packumentCache full:https://registry.npmjs.org/statuses set size:undefined disposed:false
226 silly fetch manifest merge-descriptors@^2.0.0
227 silly packumentCache full:https://registry.npmjs.org/merge-descriptors cache-miss
228 http fetch GET 200 https://registry.npmjs.org/body-parser 49ms (cache miss)
229 silly packumentCache full:https://registry.npmjs.org/body-parser set size:undefined disposed:false
230 silly fetch manifest content-disposition@^1.0.0
231 silly packumentCache full:https://registry.npmjs.org/content-disposition cache-miss
232 http fetch GET 200 https://registry.npmjs.org/mime-types 55ms (cache miss)
233 silly packumentCache full:https://registry.npmjs.org/mime-types set size:undefined disposed:false
234 silly fetch manifest bytes@3.1.2
235 silly packumentCache full:https://registry.npmjs.org/bytes cache-miss
236 http fetch GET 200 https://registry.npmjs.org/on-finished 39ms (cache miss)
237 silly packumentCache full:https://registry.npmjs.org/on-finished set size:undefined disposed:false
238 silly fetch manifest http-errors@2.0.0
239 silly packumentCache full:https://registry.npmjs.org/http-errors cache-miss
240 http fetch GET 200 https://registry.npmjs.org/http-errors 44ms (cache miss)
241 silly packumentCache full:https://registry.npmjs.org/http-errors set size:undefined disposed:false
242 silly fetch manifest iconv-lite@0.7.0
243 silly packumentCache full:https://registry.npmjs.org/iconv-lite cache-miss
244 http fetch GET 200 https://registry.npmjs.org/finalhandler 39ms (cache miss)
245 silly packumentCache full:https://registry.npmjs.org/finalhandler set size:undefined disposed:false
246 silly fetch manifest unpipe@1.0.0
247 silly packumentCache full:https://registry.npmjs.org/unpipe cache-miss
248 http fetch GET 200 https://registry.npmjs.org/range-parser 35ms (cache miss)
249 silly packumentCache full:https://registry.npmjs.org/range-parser set size:undefined disposed:false
250 http fetch GET 200 https://registry.npmjs.org/http-errors 34ms (cache miss)
251 silly packumentCache full:https://registry.npmjs.org/http-errors set size:undefined disposed:false
252 http fetch GET 200 https://registry.npmjs.org/serve-static 41ms (cache miss)
253 silly packumentCache full:https://registry.npmjs.org/serve-static set size:undefined disposed:false
254 http fetch GET 200 https://registry.npmjs.org/cookie-signature 40ms (cache miss)
255 silly packumentCache full:https://registry.npmjs.org/cookie-signature set size:undefined disposed:false
256 http fetch GET 200 https://registry.npmjs.org/merge-descriptors 40ms (cache miss)
257 silly packumentCache full:https://registry.npmjs.org/merge-descriptors set size:undefined disposed:false
258 http fetch GET 200 https://registry.npmjs.org/unpipe 40ms (cache miss)
259 silly packumentCache full:https://registry.npmjs.org/unpipe set size:undefined disposed:false
260 http fetch GET 200 https://registry.npmjs.org/bytes 53ms (cache miss)
261 silly packumentCache full:https://registry.npmjs.org/bytes set size:undefined disposed:false
262 http fetch GET 200 https://registry.npmjs.org/iconv-lite 68ms (cache miss)
263 silly packumentCache full:https://registry.npmjs.org/iconv-lite set size:undefined disposed:false
264 http fetch GET 200 https://registry.npmjs.org/content-disposition 134ms (cache miss)
265 silly packumentCache full:https://registry.npmjs.org/content-disposition set size:undefined disposed:false
266 silly placeDep ROOT fast-deep-equal@3.1.3 OK for: ajv@6.12.6 want: ^3.1.1
267 silly placeDep ROOT fast-json-stable-stringify@2.1.0 OK for: ajv@6.12.6 want: ^2.0.0
268 silly placeDep ROOT json-schema-traverse@0.4.1 OK for: ajv@6.12.6 want: ^0.4.1
269 silly placeDep ROOT uri-js@4.4.1 OK for: ajv@6.12.6 want: ^4.2.2
270 silly fetch manifest punycode@^2.1.0
271 silly packumentCache full:https://registry.npmjs.org/punycode cache-miss
272 http fetch GET 200 https://registry.npmjs.org/punycode 45ms (cache miss)
273 silly packumentCache full:https://registry.npmjs.org/punycode set size:undefined disposed:false
274 silly placeDep ROOT object-assign@4.1.1 OK for: cors@2.8.5 want: ^4
275 silly placeDep ROOT vary@1.1.2 OK for: cors@2.8.5 want: ^1
276 silly placeDep ROOT path-key@3.1.1 OK for: cross-spawn@7.0.6 want: ^3.1.0
277 silly placeDep ROOT shebang-command@2.0.0 OK for: cross-spawn@7.0.6 want: ^2.0.0
278 silly placeDep ROOT which@2.0.2 OK for: cross-spawn@7.0.6 want: ^2.0.1
279 silly fetch manifest shebang-regex@^3.0.0
280 silly packumentCache full:https://registry.npmjs.org/shebang-regex cache-miss
281 silly fetch manifest isexe@^2.0.0
282 silly packumentCache full:https://registry.npmjs.org/isexe cache-miss
283 http fetch GET 200 https://registry.npmjs.org/isexe 37ms (cache miss)
284 silly packumentCache full:https://registry.npmjs.org/isexe set size:undefined disposed:false
285 http fetch GET 200 https://registry.npmjs.org/shebang-regex 53ms (cache miss)
286 silly packumentCache full:https://registry.npmjs.org/shebang-regex set size:undefined disposed:false
287 silly placeDep ROOT eventsource-parser@3.0.6 OK for: eventsource@3.0.7 want: ^3.0.1
288 silly placeDep ROOT accepts@2.0.0 OK for: express@5.1.0 want: ^2.0.0
289 silly placeDep ROOT body-parser@2.2.0 OK for: express@5.1.0 want: ^2.2.0
290 silly placeDep ROOT content-disposition@1.0.0 OK for: express@5.1.0 want: ^1.0.0
291 silly placeDep ROOT cookie@0.7.2 OK for: express@5.1.0 want: ^0.7.1
292 silly placeDep ROOT cookie-signature@1.2.2 OK for: express@5.1.0 want: ^1.2.1
293 silly placeDep ROOT debug@4.4.3 OK for: express@5.1.0 want: ^4.4.0
294 silly placeDep ROOT encodeurl@2.0.0 OK for: express@5.1.0 want: ^2.0.0
295 silly placeDep ROOT escape-html@1.0.3 OK for: express@5.1.0 want: ^1.0.3
296 silly placeDep ROOT etag@1.8.1 OK for: express@5.1.0 want: ^1.8.1
297 silly placeDep ROOT finalhandler@2.1.0 OK for: express@5.1.0 want: ^2.1.0
298 silly placeDep ROOT fresh@2.0.0 OK for: express@5.1.0 want: ^2.0.0
299 silly placeDep ROOT http-errors@2.0.0 OK for: express@5.1.0 want: ^2.0.0
300 silly placeDep ROOT merge-descriptors@2.0.0 OK for: express@5.1.0 want: ^2.0.0
301 silly placeDep ROOT mime-types@3.0.1 OK for: express@5.1.0 want: ^3.0.0
302 silly placeDep ROOT on-finished@2.4.1 OK for: express@5.1.0 want: ^2.4.1
303 silly placeDep ROOT once@1.4.0 OK for: express@5.1.0 want: ^1.4.0
304 silly placeDep ROOT parseurl@1.3.3 OK for: express@5.1.0 want: ^1.3.3
305 silly placeDep ROOT proxy-addr@2.0.7 OK for: express@5.1.0 want: ^2.0.7
306 silly placeDep ROOT qs@6.14.0 OK for: express@5.1.0 want: ^6.14.0
307 silly placeDep ROOT range-parser@1.2.1 OK for: express@5.1.0 want: ^1.2.1
308 silly placeDep ROOT router@2.2.0 OK for: express@5.1.0 want: ^2.2.0
309 silly placeDep ROOT send@1.2.0 OK for: express@5.1.0 want: ^1.1.0
310 silly placeDep ROOT serve-static@2.2.0 OK for: express@5.1.0 want: ^2.2.0
311 silly placeDep ROOT statuses@2.0.2 OK for: express@5.1.0 want: ^2.0.1
312 silly placeDep ROOT type-is@2.0.1 OK for: express@5.1.0 want: ^2.0.1
313 silly fetch manifest negotiator@^1.0.0
314 silly packumentCache full:https://registry.npmjs.org/negotiator cache-miss
315 silly fetch manifest bytes@^3.1.2
316 silly packumentCache full:https://registry.npmjs.org/bytes cache-miss
317 silly fetch manifest type-is@^2.0.0
318 silly packumentCache full:https://registry.npmjs.org/type-is cache-miss
319 silly fetch manifest iconv-lite@^0.6.3
320 silly packumentCache full:https://registry.npmjs.org/iconv-lite cache-miss
321 silly fetch manifest safe-buffer@5.2.1
322 silly packumentCache full:https://registry.npmjs.org/safe-buffer cache-miss
323 silly fetch manifest ms@^2.1.3
324 silly packumentCache full:https://registry.npmjs.org/ms cache-miss
325 silly fetch manifest depd@2.0.0
326 silly packumentCache full:https://registry.npmjs.org/depd cache-miss
327 silly fetch manifest inherits@2.0.4
328 silly packumentCache full:https://registry.npmjs.org/inherits cache-miss
329 silly fetch manifest statuses@2.0.1
330 silly packumentCache full:https://registry.npmjs.org/statuses cache-miss
331 http cache https://registry.npmjs.org/bytes 4ms (cache hit)
332 silly packumentCache full:https://registry.npmjs.org/bytes set size:37018 disposed:false
333 silly fetch manifest toidentifier@1.0.1
334 silly packumentCache full:https://registry.npmjs.org/toidentifier cache-miss
335 http cache https://registry.npmjs.org/statuses 4ms (cache hit)
336 silly packumentCache full:https://registry.npmjs.org/statuses set size:37117 disposed:false
337 silly fetch manifest setprototypeof@1.2.0
338 silly packumentCache full:https://registry.npmjs.org/setprototypeof cache-miss
339 http cache https://registry.npmjs.org/type-is 5ms (cache hit)
340 silly packumentCache full:https://registry.npmjs.org/type-is set size:86196 disposed:false
341 silly fetch manifest mime-db@^1.54.0
342 silly packumentCache full:https://registry.npmjs.org/mime-db cache-miss
343 http cache https://registry.npmjs.org/iconv-lite 6ms (cache hit)
344 silly packumentCache full:https://registry.npmjs.org/iconv-lite set size:118890 disposed:false
345 silly fetch manifest ee-first@1.1.1
346 silly packumentCache full:https://registry.npmjs.org/ee-first cache-miss
347 http fetch GET 200 https://registry.npmjs.org/ms 37ms (cache miss)
348 silly packumentCache full:https://registry.npmjs.org/ms set size:undefined disposed:false
349 silly fetch manifest wrappy@1
350 silly packumentCache full:https://registry.npmjs.org/wrappy cache-miss
351 http fetch GET 200 https://registry.npmjs.org/inherits 40ms (cache miss)
352 silly packumentCache full:https://registry.npmjs.org/inherits set size:undefined disposed:false
353 silly fetch manifest forwarded@0.2.0
354 silly packumentCache full:https://registry.npmjs.org/forwarded cache-miss
355 http fetch GET 200 https://registry.npmjs.org/toidentifier 39ms (cache miss)
356 silly packumentCache full:https://registry.npmjs.org/toidentifier set size:undefined disposed:false
357 silly fetch manifest ipaddr.js@1.9.1
358 silly packumentCache full:https://registry.npmjs.org/ipaddr.js cache-miss
359 http fetch GET 200 https://registry.npmjs.org/depd 43ms (cache miss)
360 silly packumentCache full:https://registry.npmjs.org/depd set size:undefined disposed:false
361 silly fetch manifest side-channel@^1.1.0
362 silly packumentCache full:https://registry.npmjs.org/side-channel cache-miss
363 http fetch GET 200 https://registry.npmjs.org/negotiator 46ms (cache miss)
364 silly packumentCache full:https://registry.npmjs.org/negotiator set size:undefined disposed:false
365 silly fetch manifest depd@^2.0.0
366 silly packumentCache full:https://registry.npmjs.org/depd cache-miss
367 http cache https://registry.npmjs.org/depd 1ms (cache hit)
368 silly packumentCache full:https://registry.npmjs.org/depd set size:40182 disposed:false
369 silly fetch manifest is-promise@^4.0.0
370 silly packumentCache full:https://registry.npmjs.org/is-promise cache-miss
371 http fetch GET 200 https://registry.npmjs.org/safe-buffer 50ms (cache miss)
372 silly packumentCache full:https://registry.npmjs.org/safe-buffer set size:undefined disposed:false
373 silly fetch manifest path-to-regexp@^8.0.0
374 silly packumentCache full:https://registry.npmjs.org/path-to-regexp cache-miss
375 http fetch GET 200 https://registry.npmjs.org/setprototypeof 45ms (cache miss)
376 silly packumentCache full:https://registry.npmjs.org/setprototypeof set size:undefined disposed:false
377 silly fetch manifest media-typer@^1.1.0
378 silly packumentCache full:https://registry.npmjs.org/media-typer cache-miss
379 http fetch GET 200 https://registry.npmjs.org/ee-first 45ms (cache miss)
380 silly packumentCache full:https://registry.npmjs.org/ee-first set size:undefined disposed:false
381 http fetch GET 200 https://registry.npmjs.org/mime-db 60ms (cache miss)
382 silly packumentCache full:https://registry.npmjs.org/mime-db set size:undefined disposed:false
383 http fetch GET 200 https://registry.npmjs.org/wrappy 34ms (cache miss)
384 silly packumentCache full:https://registry.npmjs.org/wrappy set size:undefined disposed:false
385 http fetch GET 200 https://registry.npmjs.org/is-promise 33ms (cache miss)
386 silly packumentCache full:https://registry.npmjs.org/is-promise set size:undefined disposed:false
387 http fetch GET 200 https://registry.npmjs.org/media-typer 36ms (cache miss)
388 silly packumentCache full:https://registry.npmjs.org/media-typer set size:undefined disposed:false
389 http fetch GET 200 https://registry.npmjs.org/ipaddr.js 44ms (cache miss)
390 silly packumentCache full:https://registry.npmjs.org/ipaddr.js set size:undefined disposed:false
391 http fetch GET 200 https://registry.npmjs.org/path-to-regexp 43ms (cache miss)
392 silly packumentCache full:https://registry.npmjs.org/path-to-regexp set size:undefined disposed:false
393 http fetch GET 200 https://registry.npmjs.org/forwarded 52ms (cache miss)
394 silly packumentCache full:https://registry.npmjs.org/forwarded set size:undefined disposed:false
395 http fetch GET 200 https://registry.npmjs.org/side-channel 68ms (cache miss)
396 silly packumentCache full:https://registry.npmjs.org/side-channel set size:undefined disposed:false
397 silly placeDep ROOT negotiator@1.0.0 OK for: accepts@2.0.0 want: ^1.0.0
398 silly placeDep ROOT bytes@3.1.2 OK for: body-parser@2.2.0 want: ^3.1.2
399 silly placeDep ROOT iconv-lite@0.6.3 OK for: body-parser@2.2.0 want: ^0.6.3
400 silly fetch manifest safer-buffer@>= 2.1.2 < 3.0.0
401 silly packumentCache full:https://registry.npmjs.org/safer-buffer cache-miss
402 http fetch GET 200 https://registry.npmjs.org/safer-buffer 34ms (cache miss)
403 silly packumentCache full:https://registry.npmjs.org/safer-buffer set size:undefined disposed:false
404 silly placeDep ROOT safe-buffer@5.2.1 OK for: content-disposition@1.0.0 want: 5.2.1
405 silly placeDep ROOT ms@2.1.3 OK for: debug@4.4.3 want: ^2.1.3
406 silly placeDep ROOT depd@2.0.0 OK for: http-errors@2.0.0 want: 2.0.0
407 silly placeDep ROOT inherits@2.0.4 OK for: http-errors@2.0.0 want: 2.0.4
408 silly placeDep ROOT setprototypeof@1.2.0 OK for: http-errors@2.0.0 want: 1.2.0
409 silly placeDep node_modules/http-errors statuses@2.0.1 OK for: http-errors@2.0.0 want: 2.0.1
410 silly placeDep ROOT toidentifier@1.0.1 OK for: http-errors@2.0.0 want: 1.0.1
411 silly placeDep ROOT safer-buffer@2.1.2 OK for: iconv-lite@0.6.3 want: >= 2.1.2 < 3.0.0
412 silly placeDep ROOT mime-db@1.54.0 OK for: mime-types@3.0.1 want: ^1.54.0
413 silly placeDep ROOT ee-first@1.1.1 OK for: on-finished@2.4.1 want: 1.1.1
414 silly placeDep ROOT wrappy@1.0.2 OK for: once@1.4.0 want: 1
415 silly placeDep ROOT forwarded@0.2.0 OK for: proxy-addr@2.0.7 want: 0.2.0
416 silly placeDep ROOT ipaddr.js@1.9.1 OK for: proxy-addr@2.0.7 want: 1.9.1
417 silly placeDep ROOT side-channel@1.1.0 OK for: qs@6.14.0 want: ^1.1.0
418 silly fetch manifest es-errors@^1.3.0
419 silly packumentCache full:https://registry.npmjs.org/es-errors cache-miss
420 silly fetch manifest object-inspect@^1.13.3
421 silly packumentCache full:https://registry.npmjs.org/object-inspect cache-miss
422 silly fetch manifest side-channel-list@^1.0.0
423 silly packumentCache full:https://registry.npmjs.org/side-channel-list cache-miss
424 silly fetch manifest side-channel-map@^1.0.1
425 silly packumentCache full:https://registry.npmjs.org/side-channel-map cache-miss
426 silly fetch manifest side-channel-weakmap@^1.0.2
427 silly packumentCache full:https://registry.npmjs.org/side-channel-weakmap cache-miss
428 http fetch GET 200 https://registry.npmjs.org/side-channel-map 28ms (cache miss)
429 silly packumentCache full:https://registry.npmjs.org/side-channel-map set size:undefined disposed:false
430 http fetch GET 200 https://registry.npmjs.org/object-inspect 37ms (cache miss)
431 silly packumentCache full:https://registry.npmjs.org/object-inspect set size:undefined disposed:false
432 http fetch GET 200 https://registry.npmjs.org/es-errors 38ms (cache miss)
433 silly packumentCache full:https://registry.npmjs.org/es-errors set size:undefined disposed:false
434 http fetch GET 200 https://registry.npmjs.org/side-channel-list 43ms (cache miss)
435 silly packumentCache full:https://registry.npmjs.org/side-channel-list set size:undefined disposed:false
436 http fetch GET 200 https://registry.npmjs.org/side-channel-weakmap 60ms (cache miss)
437 silly packumentCache full:https://registry.npmjs.org/side-channel-weakmap set size:undefined disposed:false
438 silly placeDep node_modules/raw-body iconv-lite@0.7.0 OK for: raw-body@3.0.1 want: 0.7.0
439 silly placeDep ROOT unpipe@1.0.0 OK for: raw-body@3.0.1 want: 1.0.0
440 silly placeDep ROOT is-promise@4.0.0 OK for: router@2.2.0 want: ^4.0.0
441 silly placeDep ROOT path-to-regexp@8.3.0 OK for: router@2.2.0 want: ^8.0.0
442 silly placeDep ROOT shebang-regex@3.0.0 OK for: shebang-command@2.0.0 want: ^3.0.0
443 silly placeDep ROOT es-errors@1.3.0 OK for: side-channel@1.1.0 want: ^1.3.0
444 silly placeDep ROOT object-inspect@1.13.4 OK for: side-channel@1.1.0 want: ^1.13.3
445 silly placeDep ROOT side-channel-list@1.0.0 OK for: side-channel@1.1.0 want: ^1.0.0
446 silly placeDep ROOT side-channel-map@1.0.1 OK for: side-channel@1.1.0 want: ^1.0.1
447 silly placeDep ROOT side-channel-weakmap@1.0.2 OK for: side-channel@1.1.0 want: ^1.0.2
448 silly fetch manifest call-bound@^1.0.2
449 silly packumentCache full:https://registry.npmjs.org/call-bound cache-miss
450 silly fetch manifest get-intrinsic@^1.2.5
451 silly packumentCache full:https://registry.npmjs.org/get-intrinsic cache-miss
452 silly fetch manifest call-bound@^1.0.2
453 silly packumentCache full:https://registry.npmjs.org/call-bound cache-miss
454 silly fetch manifest get-intrinsic@^1.2.5
455 silly packumentCache full:https://registry.npmjs.org/get-intrinsic cache-miss
456 http fetch GET 200 https://registry.npmjs.org/get-intrinsic 32ms (cache miss)
457 silly packumentCache full:https://registry.npmjs.org/get-intrinsic set size:undefined disposed:false
458 http fetch GET 200 https://registry.npmjs.org/call-bound 41ms (cache miss)
459 silly packumentCache full:https://registry.npmjs.org/call-bound set size:undefined disposed:false
460 http fetch GET 200 https://registry.npmjs.org/get-intrinsic 42ms (cache miss)
461 silly packumentCache full:https://registry.npmjs.org/get-intrinsic set size:undefined disposed:false
462 http fetch GET 200 https://registry.npmjs.org/call-bound 56ms (cache miss)
463 silly packumentCache full:https://registry.npmjs.org/call-bound set size:undefined disposed:false
464 silly placeDep ROOT call-bound@1.0.4 OK for: side-channel-map@1.0.1 want: ^1.0.2
465 silly placeDep ROOT get-intrinsic@1.3.0 OK for: side-channel-map@1.0.1 want: ^1.2.5
466 silly fetch manifest call-bind-apply-helpers@^1.0.2
467 silly packumentCache full:https://registry.npmjs.org/call-bind-apply-helpers cache-miss
468 silly fetch manifest get-intrinsic@^1.3.0
469 silly packumentCache full:https://registry.npmjs.org/get-intrinsic cache-miss
470 silly fetch manifest gopd@^1.2.0
471 silly packumentCache full:https://registry.npmjs.org/gopd cache-miss
472 silly fetch manifest hasown@^2.0.2
473 silly packumentCache full:https://registry.npmjs.org/hasown cache-miss
474 silly fetch manifest get-proto@^1.0.1
475 silly packumentCache full:https://registry.npmjs.org/get-proto cache-miss
476 silly fetch manifest has-symbols@^1.1.0
477 silly packumentCache full:https://registry.npmjs.org/has-symbols cache-miss
478 silly fetch manifest function-bind@^1.1.2
479 silly packumentCache full:https://registry.npmjs.org/function-bind cache-miss
480 silly fetch manifest es-object-atoms@^1.1.1
481 silly packumentCache full:https://registry.npmjs.org/es-object-atoms cache-miss
482 silly fetch manifest math-intrinsics@^1.1.0
483 silly packumentCache full:https://registry.npmjs.org/math-intrinsics cache-miss
484 http cache https://registry.npmjs.org/get-intrinsic 3ms (cache hit)
485 silly packumentCache full:https://registry.npmjs.org/get-intrinsic set size:60985 disposed:false
486 silly fetch manifest es-define-property@^1.0.1
487 silly packumentCache full:https://registry.npmjs.org/es-define-property cache-miss
488 http fetch GET 200 https://registry.npmjs.org/math-intrinsics 29ms (cache miss)
489 silly packumentCache full:https://registry.npmjs.org/math-intrinsics set size:undefined disposed:false
490 silly fetch manifest call-bind-apply-helpers@^1.0.2
491 silly packumentCache full:https://registry.npmjs.org/call-bind-apply-helpers cache-miss
492 http fetch GET 200 https://registry.npmjs.org/has-symbols 30ms (cache miss)
493 silly packumentCache full:https://registry.npmjs.org/has-symbols set size:undefined disposed:false
494 http fetch GET 200 https://registry.npmjs.org/call-bind-apply-helpers 35ms (cache miss)
495 silly packumentCache full:https://registry.npmjs.org/call-bind-apply-helpers set size:undefined disposed:false
496 http fetch GET 200 https://registry.npmjs.org/gopd 40ms (cache miss)
497 silly packumentCache full:https://registry.npmjs.org/gopd set size:undefined disposed:false
498 http fetch GET 200 https://registry.npmjs.org/hasown 43ms (cache miss)
499 silly packumentCache full:https://registry.npmjs.org/hasown set size:undefined disposed:false
500 http fetch GET 200 https://registry.npmjs.org/function-bind 47ms (cache miss)
501 silly packumentCache full:https://registry.npmjs.org/function-bind set size:undefined disposed:false
502 http fetch GET 200 https://registry.npmjs.org/es-define-property 53ms (cache miss)
503 silly packumentCache full:https://registry.npmjs.org/es-define-property set size:undefined disposed:false
504 http fetch GET 200 https://registry.npmjs.org/call-bind-apply-helpers 40ms (cache miss)
505 silly packumentCache full:https://registry.npmjs.org/call-bind-apply-helpers set size:undefined disposed:false
506 http fetch GET 200 https://registry.npmjs.org/get-proto 70ms (cache miss)
507 silly packumentCache full:https://registry.npmjs.org/get-proto set size:undefined disposed:false
508 http fetch GET 200 https://registry.npmjs.org/es-object-atoms 93ms (cache miss)
509 silly packumentCache full:https://registry.npmjs.org/es-object-atoms set size:undefined disposed:false
510 silly placeDep ROOT call-bind-apply-helpers@1.0.2 OK for: call-bound@1.0.4 want: ^1.0.2
511 silly placeDep ROOT function-bind@1.1.2 OK for: call-bind-apply-helpers@1.0.2 want: ^1.1.2
512 silly placeDep ROOT es-define-property@1.0.1 OK for: get-intrinsic@1.3.0 want: ^1.0.1
513 silly placeDep ROOT es-object-atoms@1.1.1 OK for: get-intrinsic@1.3.0 want: ^1.1.1
514 silly placeDep ROOT get-proto@1.0.1 OK for: get-intrinsic@1.3.0 want: ^1.0.1
515 silly placeDep ROOT gopd@1.2.0 OK for: get-intrinsic@1.3.0 want: ^1.2.0
516 silly placeDep ROOT has-symbols@1.1.0 OK for: get-intrinsic@1.3.0 want: ^1.1.0
517 silly placeDep ROOT hasown@2.0.2 OK for: get-intrinsic@1.3.0 want: ^2.0.2
518 silly placeDep ROOT math-intrinsics@1.1.0 OK for: get-intrinsic@1.3.0 want: ^1.1.0
519 silly fetch manifest dunder-proto@^1.0.1
520 silly packumentCache full:https://registry.npmjs.org/dunder-proto cache-miss
521 http fetch GET 200 https://registry.npmjs.org/dunder-proto 48ms (cache miss)
522 silly packumentCache full:https://registry.npmjs.org/dunder-proto set size:undefined disposed:false
523 silly placeDep ROOT dunder-proto@1.0.1 OK for: get-proto@1.0.1 want: ^1.0.1
524 silly placeDep ROOT media-typer@1.1.0 OK for: type-is@2.0.1 want: ^1.1.0
525 silly placeDep ROOT punycode@2.3.1 OK for: uri-js@4.4.1 want: ^2.1.0
526 silly placeDep ROOT isexe@2.0.0 OK for: which@2.0.2 want: ^2.0.0
527 silly reify moves {}
528 silly audit bulk request {
528 silly audit   'cursor-talk-to-figma-socket': [ '0.3.4' ],
528 silly audit   '@modelcontextprotocol/sdk': [ '1.13.1' ],
528 silly audit   uuid: [ '13.0.0' ],
528 silly audit   ws: [ '8.18.3' ],
528 silly audit   zod: [ '3.22.4', '3.25.76' ],
528 silly audit   ajv: [ '6.12.6' ],
528 silly audit   'content-type': [ '1.0.5' ],
528 silly audit   cors: [ '2.8.5' ],
528 silly audit   'cross-spawn': [ '7.0.6' ],
528 silly audit   eventsource: [ '3.0.7' ],
528 silly audit   express: [ '5.1.0' ],
528 silly audit   'express-rate-limit': [ '7.5.1' ],
528 silly audit   'pkce-challenge': [ '5.0.0' ],
528 silly audit   'raw-body': [ '3.0.1' ],
528 silly audit   'zod-to-json-schema': [ '3.24.6' ],
528 silly audit   'fast-deep-equal': [ '3.1.3' ],
528 silly audit   'fast-json-stable-stringify': [ '2.1.0' ],
528 silly audit   'json-schema-traverse': [ '0.4.1' ],
528 silly audit   'uri-js': [ '4.4.1' ],
528 silly audit   'object-assign': [ '4.1.1' ],
528 silly audit   vary: [ '1.1.2' ],
528 silly audit   'path-key': [ '3.1.1' ],
528 silly audit   'shebang-command': [ '2.0.0' ],
528 silly audit   which: [ '2.0.2' ],
528 silly audit   'eventsource-parser': [ '3.0.6' ],
528 silly audit   accepts: [ '2.0.0' ],
528 silly audit   'body-parser': [ '2.2.0' ],
528 silly audit   'content-disposition': [ '1.0.0' ],
528 silly audit   cookie: [ '0.7.2' ],
528 silly audit   'cookie-signature': [ '1.2.2' ],
528 silly audit   debug: [ '4.4.3' ],
528 silly audit   encodeurl: [ '2.0.0' ],
528 silly audit   'escape-html': [ '1.0.3' ],
528 silly audit   etag: [ '1.8.1' ],
528 silly audit   finalhandler: [ '2.1.0' ],
528 silly audit   fresh: [ '2.0.0' ],
528 silly audit   'http-errors': [ '2.0.0' ],
528 silly audit   'merge-descriptors': [ '2.0.0' ],
528 silly audit   'mime-types': [ '3.0.1' ],
528 silly audit   'on-finished': [ '2.4.1' ],
528 silly audit   once: [ '1.4.0' ],
528 silly audit   parseurl: [ '1.3.3' ],
528 silly audit   'proxy-addr': [ '2.0.7' ],
528 silly audit   qs: [ '6.14.0' ],
528 silly audit   'range-parser': [ '1.2.1' ],
528 silly audit   router: [ '2.2.0' ],
528 silly audit   send: [ '1.2.0' ],
528 silly audit   'serve-static': [ '2.2.0' ],
528 silly audit   statuses: [ '2.0.2', '2.0.1' ],
528 silly audit   'type-is': [ '2.0.1' ],
528 silly audit   negotiator: [ '1.0.0' ],
528 silly audit   bytes: [ '3.1.2' ],
528 silly audit   'iconv-lite': [ '0.6.3', '0.7.0' ],
528 silly audit   'safe-buffer': [ '5.2.1' ],
528 silly audit   ms: [ '2.1.3' ],
528 silly audit   depd: [ '2.0.0' ],
528 silly audit   inherits: [ '2.0.4' ],
528 silly audit   setprototypeof: [ '1.2.0' ],
528 silly audit   toidentifier: [ '1.0.1' ],
528 silly audit   'safer-buffer': [ '2.1.2' ],
528 silly audit   'mime-db': [ '1.54.0' ],
528 silly audit   'ee-first': [ '1.1.1' ],
528 silly audit   wrappy: [ '1.0.2' ],
528 silly audit   forwarded: [ '0.2.0' ],
528 silly audit   'ipaddr.js': [ '1.9.1' ],
528 silly audit   'side-channel': [ '1.1.0' ],
528 silly audit   unpipe: [ '1.0.0' ],
528 silly audit   'is-promise': [ '4.0.0' ],
528 silly audit   'path-to-regexp': [ '8.3.0' ],
528 silly audit   'shebang-regex': [ '3.0.0' ],
528 silly audit   'es-errors': [ '1.3.0' ],
528 silly audit   'object-inspect': [ '1.13.4' ],
528 silly audit   'side-channel-list': [ '1.0.0' ],
528 silly audit   'side-channel-map': [ '1.0.1' ],
528 silly audit   'side-channel-weakmap': [ '1.0.2' ],
528 silly audit   'call-bound': [ '1.0.4' ],
528 silly audit   'get-intrinsic': [ '1.3.0' ],
528 silly audit   'call-bind-apply-helpers': [ '1.0.2' ],
528 silly audit   'function-bind': [ '1.1.2' ],
528 silly audit   'es-define-property': [ '1.0.1' ],
528 silly audit   'es-object-atoms': [ '1.1.1' ],
528 silly audit   'get-proto': [ '1.0.1' ],
528 silly audit   gopd: [ '1.2.0' ],
528 silly audit   'has-symbols': [ '1.1.0' ],
528 silly audit   hasown: [ '2.0.2' ],
528 silly audit   'math-intrinsics': [ '1.1.0' ],
528 silly audit   'dunder-proto': [ '1.0.1' ],
528 silly audit   'media-typer': [ '1.1.0' ],
528 silly audit   punycode: [ '2.3.1' ],
528 silly audit   isexe: [ '2.0.0' ]
528 silly audit }
529 http cache punycode@https://registry.npmjs.org/punycode/-/punycode-2.3.1.tgz 0ms (cache hit)
530 http cache isexe@https://registry.npmjs.org/isexe/-/isexe-2.0.0.tgz 0ms (cache hit)
531 http cache media-typer@https://registry.npmjs.org/media-typer/-/media-typer-1.1.0.tgz 0ms (cache hit)
532 http cache dunder-proto@https://registry.npmjs.org/dunder-proto/-/dunder-proto-1.0.1.tgz 0ms (cache hit)
533 http cache math-intrinsics@https://registry.npmjs.org/math-intrinsics/-/math-intrinsics-1.1.0.tgz 0ms (cache hit)
534 http cache hasown@https://registry.npmjs.org/hasown/-/hasown-2.0.2.tgz 0ms (cache hit)
535 http cache has-symbols@https://registry.npmjs.org/has-symbols/-/has-symbols-1.1.0.tgz 0ms (cache hit)
536 http cache gopd@https://registry.npmjs.org/gopd/-/gopd-1.2.0.tgz 0ms (cache hit)
537 http cache es-object-atoms@https://registry.npmjs.org/es-object-atoms/-/es-object-atoms-1.1.1.tgz 0ms (cache hit)
538 http cache function-bind@https://registry.npmjs.org/function-bind/-/function-bind-1.1.2.tgz 0ms (cache hit)
539 http cache get-proto@https://registry.npmjs.org/get-proto/-/get-proto-1.0.1.tgz 0ms (cache hit)
540 http cache es-define-property@https://registry.npmjs.org/es-define-property/-/es-define-property-1.0.1.tgz 0ms (cache hit)
541 http cache call-bind-apply-helpers@https://registry.npmjs.org/call-bind-apply-helpers/-/call-bind-apply-helpers-1.0.2.tgz 0ms (cache hit)
542 http cache side-channel-map@https://registry.npmjs.org/side-channel-map/-/side-channel-map-1.0.1.tgz 0ms (cache hit)
543 http cache side-channel-list@https://registry.npmjs.org/side-channel-list/-/side-channel-list-1.0.0.tgz 0ms (cache hit)
544 http cache call-bound@https://registry.npmjs.org/call-bound/-/call-bound-1.0.4.tgz 0ms (cache hit)
545 http cache side-channel-weakmap@https://registry.npmjs.org/side-channel-weakmap/-/side-channel-weakmap-1.0.2.tgz 0ms (cache hit)
546 http cache get-intrinsic@https://registry.npmjs.org/get-intrinsic/-/get-intrinsic-1.3.0.tgz 0ms (cache hit)
547 http cache object-inspect@https://registry.npmjs.org/object-inspect/-/object-inspect-1.13.4.tgz 0ms (cache hit)
548 http cache es-errors@https://registry.npmjs.org/es-errors/-/es-errors-1.3.0.tgz 0ms (cache hit)
549 http cache side-channel@https://registry.npmjs.org/side-channel/-/side-channel-1.1.0.tgz 0ms (cache hit)
550 http cache unpipe@https://registry.npmjs.org/unpipe/-/unpipe-1.0.0.tgz 0ms (cache hit)
551 http cache path-to-regexp@https://registry.npmjs.org/path-to-regexp/-/path-to-regexp-8.3.0.tgz 0ms (cache hit)
552 http cache shebang-regex@https://registry.npmjs.org/shebang-regex/-/shebang-regex-3.0.0.tgz 0ms (cache hit)
553 http cache is-promise@https://registry.npmjs.org/is-promise/-/is-promise-4.0.0.tgz 0ms (cache hit)
554 http cache ipaddr.js@https://registry.npmjs.org/ipaddr.js/-/ipaddr.js-1.9.1.tgz 0ms (cache hit)
555 http cache ee-first@https://registry.npmjs.org/ee-first/-/ee-first-1.1.1.tgz 0ms (cache hit)
556 http cache mime-db@https://registry.npmjs.org/mime-db/-/mime-db-1.54.0.tgz 0ms (cache hit)
557 http cache wrappy@https://registry.npmjs.org/wrappy/-/wrappy-1.0.2.tgz 0ms (cache hit)
558 http cache forwarded@https://registry.npmjs.org/forwarded/-/forwarded-0.2.0.tgz 0ms (cache hit)
559 http cache safer-buffer@https://registry.npmjs.org/safer-buffer/-/safer-buffer-2.1.2.tgz 0ms (cache hit)
560 http cache toidentifier@https://registry.npmjs.org/toidentifier/-/toidentifier-1.0.1.tgz 0ms (cache hit)
561 http cache setprototypeof@https://registry.npmjs.org/setprototypeof/-/setprototypeof-1.2.0.tgz 0ms (cache hit)
562 http cache safe-buffer@https://registry.npmjs.org/safe-buffer/-/safe-buffer-5.2.1.tgz 0ms (cache hit)
563 http cache depd@https://registry.npmjs.org/depd/-/depd-2.0.0.tgz 0ms (cache hit)
564 http cache inherits@https://registry.npmjs.org/inherits/-/inherits-2.0.4.tgz 0ms (cache hit)
565 http cache ms@https://registry.npmjs.org/ms/-/ms-2.1.3.tgz 0ms (cache hit)
566 http cache negotiator@https://registry.npmjs.org/negotiator/-/negotiator-1.0.0.tgz 0ms (cache hit)
567 http cache iconv-lite@https://registry.npmjs.org/iconv-lite/-/iconv-lite-0.6.3.tgz 0ms (cache hit)
568 http cache bytes@https://registry.npmjs.org/bytes/-/bytes-3.1.2.tgz 0ms (cache hit)
569 http cache type-is@https://registry.npmjs.org/type-is/-/type-is-2.0.1.tgz 0ms (cache hit)
570 http cache statuses@https://registry.npmjs.org/statuses/-/statuses-2.0.2.tgz 0ms (cache hit)
571 http cache send@https://registry.npmjs.org/send/-/send-1.2.0.tgz 0ms (cache hit)
572 http cache serve-static@https://registry.npmjs.org/serve-static/-/serve-static-2.2.0.tgz 0ms (cache hit)
573 http cache qs@https://registry.npmjs.org/qs/-/qs-6.14.0.tgz 0ms (cache hit)
574 http cache proxy-addr@https://registry.npmjs.org/proxy-addr/-/proxy-addr-2.0.7.tgz 0ms (cache hit)
575 http cache router@https://registry.npmjs.org/router/-/router-2.2.0.tgz 0ms (cache hit)
576 http cache range-parser@https://registry.npmjs.org/range-parser/-/range-parser-1.2.1.tgz 0ms (cache hit)
577 http cache once@https://registry.npmjs.org/once/-/once-1.4.0.tgz 0ms (cache hit)
578 http cache parseurl@https://registry.npmjs.org/parseurl/-/parseurl-1.3.3.tgz 0ms (cache hit)
579 http cache mime-types@https://registry.npmjs.org/mime-types/-/mime-types-3.0.1.tgz 0ms (cache hit)
580 http cache merge-descriptors@https://registry.npmjs.org/merge-descriptors/-/merge-descriptors-2.0.0.tgz 0ms (cache hit)
581 http cache on-finished@https://registry.npmjs.org/on-finished/-/on-finished-2.4.1.tgz 0ms (cache hit)
582 http cache fresh@https://registry.npmjs.org/fresh/-/fresh-2.0.0.tgz 0ms (cache hit)
583 http cache http-errors@https://registry.npmjs.org/http-errors/-/http-errors-2.0.0.tgz 0ms (cache hit)
584 http cache etag@https://registry.npmjs.org/etag/-/etag-1.8.1.tgz 0ms (cache hit)
585 http cache finalhandler@https://registry.npmjs.org/finalhandler/-/finalhandler-2.1.0.tgz 0ms (cache hit)
586 http cache encodeurl@https://registry.npmjs.org/encodeurl/-/encodeurl-2.0.0.tgz 0ms (cache hit)
587 http cache cookie-signature@https://registry.npmjs.org/cookie-signature/-/cookie-signature-1.2.2.tgz 0ms (cache hit)
588 http cache content-disposition@https://registry.npmjs.org/content-disposition/-/content-disposition-1.0.0.tgz 0ms (cache hit)
589 http cache debug@https://registry.npmjs.org/debug/-/debug-4.4.3.tgz 0ms (cache hit)
590 http cache escape-html@https://registry.npmjs.org/escape-html/-/escape-html-1.0.3.tgz 0ms (cache hit)
591 http cache body-parser@https://registry.npmjs.org/body-parser/-/body-parser-2.2.0.tgz 0ms (cache hit)
592 http cache accepts@https://registry.npmjs.org/accepts/-/accepts-2.0.0.tgz 0ms (cache hit)
593 http cache which@https://registry.npmjs.org/which/-/which-2.0.2.tgz 0ms (cache hit)
594 http cache shebang-command@https://registry.npmjs.org/shebang-command/-/shebang-command-2.0.0.tgz 0ms (cache hit)
595 http cache cookie@https://registry.npmjs.org/cookie/-/cookie-0.7.2.tgz 0ms (cache hit)
596 http cache eventsource-parser@https://registry.npmjs.org/eventsource-parser/-/eventsource-parser-3.0.6.tgz 0ms (cache hit)
597 http cache path-key@https://registry.npmjs.org/path-key/-/path-key-3.1.1.tgz 0ms (cache hit)
598 http cache vary@https://registry.npmjs.org/vary/-/vary-1.1.2.tgz 0ms (cache hit)
599 http cache uri-js@https://registry.npmjs.org/uri-js/-/uri-js-4.4.1.tgz 0ms (cache hit)
600 http cache object-assign@https://registry.npmjs.org/object-assign/-/object-assign-4.1.1.tgz 0ms (cache hit)
601 http cache fast-json-stable-stringify@https://registry.npmjs.org/fast-json-stable-stringify/-/fast-json-stable-stringify-2.1.0.tgz 0ms (cache hit)
602 http cache raw-body@https://registry.npmjs.org/raw-body/-/raw-body-3.0.1.tgz 0ms (cache hit)
603 http cache json-schema-traverse@https://registry.npmjs.org/json-schema-traverse/-/json-schema-traverse-0.4.1.tgz 1ms (cache hit)
604 http cache pkce-challenge@https://registry.npmjs.org/pkce-challenge/-/pkce-challenge-5.0.0.tgz 0ms (cache hit)
605 http cache cross-spawn@https://registry.npmjs.org/cross-spawn/-/cross-spawn-7.0.6.tgz 0ms (cache hit)
606 http cache fast-deep-equal@https://registry.npmjs.org/fast-deep-equal/-/fast-deep-equal-3.1.3.tgz 0ms (cache hit)
607 http cache express-rate-limit@https://registry.npmjs.org/express-rate-limit/-/express-rate-limit-7.5.1.tgz 0ms (cache hit)
608 http cache cors@https://registry.npmjs.org/cors/-/cors-2.8.5.tgz 0ms (cache hit)
609 http cache express@https://registry.npmjs.org/express/-/express-5.1.0.tgz 0ms (cache hit)
610 http cache content-type@https://registry.npmjs.org/content-type/-/content-type-1.0.5.tgz 0ms (cache hit)
611 http cache zod@https://registry.npmjs.org/zod/-/zod-3.22.4.tgz 0ms (cache hit)
612 http cache eventsource@https://registry.npmjs.org/eventsource/-/eventsource-3.0.7.tgz 0ms (cache hit)
613 http cache ajv@https://registry.npmjs.org/ajv/-/ajv-6.12.6.tgz 0ms (cache hit)
614 http cache uuid@https://registry.npmjs.org/uuid/-/uuid-13.0.0.tgz 0ms (cache hit)
615 http cache ws@https://registry.npmjs.org/ws/-/ws-8.18.3.tgz 0ms (cache hit)
616 http cache @modelcontextprotocol/sdk@https://registry.npmjs.org/@modelcontextprotocol/sdk/-/sdk-1.13.1.tgz 0ms (cache hit)
617 http cache iconv-lite@https://registry.npmjs.org/iconv-lite/-/iconv-lite-0.7.0.tgz 0ms (cache hit)
618 http cache cursor-talk-to-figma-socket@https://registry.npmjs.org/cursor-talk-to-figma-socket/-/cursor-talk-to-figma-socket-0.3.4.tgz 0ms (cache hit)
619 http cache zod-to-json-schema@https://registry.npmjs.org/zod-to-json-schema/-/zod-to-json-schema-3.24.6.tgz 0ms (cache hit)
620 http cache zod@https://registry.npmjs.org/zod/-/zod-3.25.76.tgz 0ms (cache hit)
621 http cache statuses@https://registry.npmjs.org/statuses/-/statuses-2.0.1.tgz 0ms (cache hit)
622 silly tarball no local data for punycode@https://registry.npmjs.org/punycode/-/punycode-2.3.1.tgz. Extracting by manifest.
623 silly tarball no local data for isexe@https://registry.npmjs.org/isexe/-/isexe-2.0.0.tgz. Extracting by manifest.
624 silly tarball no local data for media-typer@https://registry.npmjs.org/media-typer/-/media-typer-1.1.0.tgz. Extracting by manifest.
625 silly tarball no local data for dunder-proto@https://registry.npmjs.org/dunder-proto/-/dunder-proto-1.0.1.tgz. Extracting by manifest.
626 silly tarball no local data for math-intrinsics@https://registry.npmjs.org/math-intrinsics/-/math-intrinsics-1.1.0.tgz. Extracting by manifest.
627 silly tarball no local data for hasown@https://registry.npmjs.org/hasown/-/hasown-2.0.2.tgz. Extracting by manifest.
628 silly tarball no local data for has-symbols@https://registry.npmjs.org/has-symbols/-/has-symbols-1.1.0.tgz. Extracting by manifest.
629 silly tarball no local data for gopd@https://registry.npmjs.org/gopd/-/gopd-1.2.0.tgz. Extracting by manifest.
630 silly tarball no local data for es-object-atoms@https://registry.npmjs.org/es-object-atoms/-/es-object-atoms-1.1.1.tgz. Extracting by manifest.
631 silly tarball no local data for function-bind@https://registry.npmjs.org/function-bind/-/function-bind-1.1.2.tgz. Extracting by manifest.
632 silly tarball no local data for get-proto@https://registry.npmjs.org/get-proto/-/get-proto-1.0.1.tgz. Extracting by manifest.
633 silly tarball no local data for es-define-property@https://registry.npmjs.org/es-define-property/-/es-define-property-1.0.1.tgz. Extracting by manifest.
634 silly tarball no local data for call-bind-apply-helpers@https://registry.npmjs.org/call-bind-apply-helpers/-/call-bind-apply-helpers-1.0.2.tgz. Extracting by manifest.
635 silly tarball no local data for side-channel-map@https://registry.npmjs.org/side-channel-map/-/side-channel-map-1.0.1.tgz. Extracting by manifest.
636 silly tarball no local data for side-channel-list@https://registry.npmjs.org/side-channel-list/-/side-channel-list-1.0.0.tgz. Extracting by manifest.
637 silly tarball no local data for call-bound@https://registry.npmjs.org/call-bound/-/call-bound-1.0.4.tgz. Extracting by manifest.
638 silly tarball no local data for side-channel-weakmap@https://registry.npmjs.org/side-channel-weakmap/-/side-channel-weakmap-1.0.2.tgz. Extracting by manifest.
639 silly tarball no local data for get-intrinsic@https://registry.npmjs.org/get-intrinsic/-/get-intrinsic-1.3.0.tgz. Extracting by manifest.
640 silly tarball no local data for object-inspect@https://registry.npmjs.org/object-inspect/-/object-inspect-1.13.4.tgz. Extracting by manifest.
641 silly tarball no local data for es-errors@https://registry.npmjs.org/es-errors/-/es-errors-1.3.0.tgz. Extracting by manifest.
642 silly tarball no local data for side-channel@https://registry.npmjs.org/side-channel/-/side-channel-1.1.0.tgz. Extracting by manifest.
643 silly tarball no local data for unpipe@https://registry.npmjs.org/unpipe/-/unpipe-1.0.0.tgz. Extracting by manifest.
644 silly tarball no local data for path-to-regexp@https://registry.npmjs.org/path-to-regexp/-/path-to-regexp-8.3.0.tgz. Extracting by manifest.
645 silly tarball no local data for shebang-regex@https://registry.npmjs.org/shebang-regex/-/shebang-regex-3.0.0.tgz. Extracting by manifest.
646 silly tarball no local data for is-promise@https://registry.npmjs.org/is-promise/-/is-promise-4.0.0.tgz. Extracting by manifest.
647 silly tarball no local data for ipaddr.js@https://registry.npmjs.org/ipaddr.js/-/ipaddr.js-1.9.1.tgz. Extracting by manifest.
648 silly tarball no local data for ee-first@https://registry.npmjs.org/ee-first/-/ee-first-1.1.1.tgz. Extracting by manifest.
649 silly tarball no local data for mime-db@https://registry.npmjs.org/mime-db/-/mime-db-1.54.0.tgz. Extracting by manifest.
650 silly tarball no local data for wrappy@https://registry.npmjs.org/wrappy/-/wrappy-1.0.2.tgz. Extracting by manifest.
651 silly tarball no local data for forwarded@https://registry.npmjs.org/forwarded/-/forwarded-0.2.0.tgz. Extracting by manifest.
652 silly tarball no local data for safer-buffer@https://registry.npmjs.org/safer-buffer/-/safer-buffer-2.1.2.tgz. Extracting by manifest.
653 silly tarball no local data for toidentifier@https://registry.npmjs.org/toidentifier/-/toidentifier-1.0.1.tgz. Extracting by manifest.
654 silly tarball no local data for setprototypeof@https://registry.npmjs.org/setprototypeof/-/setprototypeof-1.2.0.tgz. Extracting by manifest.
655 silly tarball no local data for safe-buffer@https://registry.npmjs.org/safe-buffer/-/safe-buffer-5.2.1.tgz. Extracting by manifest.
656 silly tarball no local data for depd@https://registry.npmjs.org/depd/-/depd-2.0.0.tgz. Extracting by manifest.
657 silly tarball no local data for inherits@https://registry.npmjs.org/inherits/-/inherits-2.0.4.tgz. Extracting by manifest.
658 silly tarball no local data for ms@https://registry.npmjs.org/ms/-/ms-2.1.3.tgz. Extracting by manifest.
659 silly tarball no local data for negotiator@https://registry.npmjs.org/negotiator/-/negotiator-1.0.0.tgz. Extracting by manifest.
660 silly tarball no local data for iconv-lite@https://registry.npmjs.org/iconv-lite/-/iconv-lite-0.6.3.tgz. Extracting by manifest.
661 silly tarball no local data for bytes@https://registry.npmjs.org/bytes/-/bytes-3.1.2.tgz. Extracting by manifest.
662 silly tarball no local data for type-is@https://registry.npmjs.org/type-is/-/type-is-2.0.1.tgz. Extracting by manifest.
663 silly tarball no local data for statuses@https://registry.npmjs.org/statuses/-/statuses-2.0.2.tgz. Extracting by manifest.
664 silly tarball no local data for send@https://registry.npmjs.org/send/-/send-1.2.0.tgz. Extracting by manifest.
665 silly tarball no local data for serve-static@https://registry.npmjs.org/serve-static/-/serve-static-2.2.0.tgz. Extracting by manifest.
666 silly tarball no local data for qs@https://registry.npmjs.org/qs/-/qs-6.14.0.tgz. Extracting by manifest.
667 silly tarball no local data for proxy-addr@https://registry.npmjs.org/proxy-addr/-/proxy-addr-2.0.7.tgz. Extracting by manifest.
668 silly tarball no local data for router@https://registry.npmjs.org/router/-/router-2.2.0.tgz. Extracting by manifest.
669 silly tarball no local data for range-parser@https://registry.npmjs.org/range-parser/-/range-parser-1.2.1.tgz. Extracting by manifest.
670 silly tarball no local data for once@https://registry.npmjs.org/once/-/once-1.4.0.tgz. Extracting by manifest.
671 silly tarball no local data for parseurl@https://registry.npmjs.org/parseurl/-/parseurl-1.3.3.tgz. Extracting by manifest.
672 silly tarball no local data for mime-types@https://registry.npmjs.org/mime-types/-/mime-types-3.0.1.tgz. Extracting by manifest.
673 silly tarball no local data for merge-descriptors@https://registry.npmjs.org/merge-descriptors/-/merge-descriptors-2.0.0.tgz. Extracting by manifest.
674 silly tarball no local data for on-finished@https://registry.npmjs.org/on-finished/-/on-finished-2.4.1.tgz. Extracting by manifest.
675 silly tarball no local data for fresh@https://registry.npmjs.org/fresh/-/fresh-2.0.0.tgz. Extracting by manifest.
676 silly tarball no local data for http-errors@https://registry.npmjs.org/http-errors/-/http-errors-2.0.0.tgz. Extracting by manifest.
677 silly tarball no local data for etag@https://registry.npmjs.org/etag/-/etag-1.8.1.tgz. Extracting by manifest.
678 silly tarball no local data for finalhandler@https://registry.npmjs.org/finalhandler/-/finalhandler-2.1.0.tgz. Extracting by manifest.
679 silly tarball no local data for encodeurl@https://registry.npmjs.org/encodeurl/-/encodeurl-2.0.0.tgz. Extracting by manifest.
680 silly tarball no local data for cookie-signature@https://registry.npmjs.org/cookie-signature/-/cookie-signature-1.2.2.tgz. Extracting by manifest.
681 silly tarball no local data for content-disposition@https://registry.npmjs.org/content-disposition/-/content-disposition-1.0.0.tgz. Extracting by manifest.
682 silly tarball no local data for debug@https://registry.npmjs.org/debug/-/debug-4.4.3.tgz. Extracting by manifest.
683 silly tarball no local data for escape-html@https://registry.npmjs.org/escape-html/-/escape-html-1.0.3.tgz. Extracting by manifest.
684 silly tarball no local data for body-parser@https://registry.npmjs.org/body-parser/-/body-parser-2.2.0.tgz. Extracting by manifest.
685 silly tarball no local data for accepts@https://registry.npmjs.org/accepts/-/accepts-2.0.0.tgz. Extracting by manifest.
686 silly tarball no local data for which@https://registry.npmjs.org/which/-/which-2.0.2.tgz. Extracting by manifest.
687 silly tarball no local data for shebang-command@https://registry.npmjs.org/shebang-command/-/shebang-command-2.0.0.tgz. Extracting by manifest.
688 silly tarball no local data for cookie@https://registry.npmjs.org/cookie/-/cookie-0.7.2.tgz. Extracting by manifest.
689 silly tarball no local data for eventsource-parser@https://registry.npmjs.org/eventsource-parser/-/eventsource-parser-3.0.6.tgz. Extracting by manifest.
690 silly tarball no local data for path-key@https://registry.npmjs.org/path-key/-/path-key-3.1.1.tgz. Extracting by manifest.
691 silly tarball no local data for vary@https://registry.npmjs.org/vary/-/vary-1.1.2.tgz. Extracting by manifest.
692 silly tarball no local data for uri-js@https://registry.npmjs.org/uri-js/-/uri-js-4.4.1.tgz. Extracting by manifest.
693 silly tarball no local data for object-assign@https://registry.npmjs.org/object-assign/-/object-assign-4.1.1.tgz. Extracting by manifest.
694 silly tarball no local data for fast-json-stable-stringify@https://registry.npmjs.org/fast-json-stable-stringify/-/fast-json-stable-stringify-2.1.0.tgz. Extracting by manifest.
695 silly tarball no local data for raw-body@https://registry.npmjs.org/raw-body/-/raw-body-3.0.1.tgz. Extracting by manifest.
696 silly tarball no local data for json-schema-traverse@https://registry.npmjs.org/json-schema-traverse/-/json-schema-traverse-0.4.1.tgz. Extracting by manifest.
697 silly tarball no local data for pkce-challenge@https://registry.npmjs.org/pkce-challenge/-/pkce-challenge-5.0.0.tgz. Extracting by manifest.
698 silly tarball no local data for cross-spawn@https://registry.npmjs.org/cross-spawn/-/cross-spawn-7.0.6.tgz. Extracting by manifest.
699 silly tarball no local data for fast-deep-equal@https://registry.npmjs.org/fast-deep-equal/-/fast-deep-equal-3.1.3.tgz. Extracting by manifest.
700 silly tarball no local data for express-rate-limit@https://registry.npmjs.org/express-rate-limit/-/express-rate-limit-7.5.1.tgz. Extracting by manifest.
701 silly tarball no local data for cors@https://registry.npmjs.org/cors/-/cors-2.8.5.tgz. Extracting by manifest.
702 silly tarball no local data for express@https://registry.npmjs.org/express/-/express-5.1.0.tgz. Extracting by manifest.
703 silly tarball no local data for content-type@https://registry.npmjs.org/content-type/-/content-type-1.0.5.tgz. Extracting by manifest.
704 silly tarball no local data for zod@https://registry.npmjs.org/zod/-/zod-3.22.4.tgz. Extracting by manifest.
705 silly tarball no local data for eventsource@https://registry.npmjs.org/eventsource/-/eventsource-3.0.7.tgz. Extracting by manifest.
706 silly tarball no local data for ajv@https://registry.npmjs.org/ajv/-/ajv-6.12.6.tgz. Extracting by manifest.
707 silly tarball no local data for uuid@https://registry.npmjs.org/uuid/-/uuid-13.0.0.tgz. Extracting by manifest.
708 silly tarball no local data for ws@https://registry.npmjs.org/ws/-/ws-8.18.3.tgz. Extracting by manifest.
709 silly tarball no local data for @modelcontextprotocol/sdk@https://registry.npmjs.org/@modelcontextprotocol/sdk/-/sdk-1.13.1.tgz. Extracting by manifest.
710 silly tarball no local data for iconv-lite@https://registry.npmjs.org/iconv-lite/-/iconv-lite-0.7.0.tgz. Extracting by manifest.
711 silly tarball no local data for cursor-talk-to-figma-socket@https://registry.npmjs.org/cursor-talk-to-figma-socket/-/cursor-talk-to-figma-socket-0.3.4.tgz. Extracting by manifest.
712 silly tarball no local data for zod-to-json-schema@https://registry.npmjs.org/zod-to-json-schema/-/zod-to-json-schema-3.24.6.tgz. Extracting by manifest.
713 silly tarball no local data for zod@https://registry.npmjs.org/zod/-/zod-3.25.76.tgz. Extracting by manifest.
714 silly tarball no local data for statuses@https://registry.npmjs.org/statuses/-/statuses-2.0.1.tgz. Extracting by manifest.
715 http fetch GET 200 https://registry.npmjs.org/isexe/-/isexe-2.0.0.tgz 55ms (cache miss)
716 http fetch GET 200 https://registry.npmjs.org/hasown/-/hasown-2.0.2.tgz 55ms (cache miss)
717 http fetch GET 200 https://registry.npmjs.org/math-intrinsics/-/math-intrinsics-1.1.0.tgz 55ms (cache miss)
718 http fetch GET 200 https://registry.npmjs.org/media-typer/-/media-typer-1.1.0.tgz 55ms (cache miss)
719 http fetch GET 200 https://registry.npmjs.org/punycode/-/punycode-2.3.1.tgz 56ms (cache miss)
720 http fetch GET 200 https://registry.npmjs.org/gopd/-/gopd-1.2.0.tgz 55ms (cache miss)
721 http fetch GET 200 https://registry.npmjs.org/dunder-proto/-/dunder-proto-1.0.1.tgz 58ms (cache miss)
722 http fetch GET 200 https://registry.npmjs.org/es-object-atoms/-/es-object-atoms-1.1.1.tgz 70ms (cache miss)
723 http fetch GET 200 https://registry.npmjs.org/has-symbols/-/has-symbols-1.1.0.tgz 78ms (cache miss)
724 http fetch GET 200 https://registry.npmjs.org/es-errors/-/es-errors-1.3.0.tgz 80ms (cache miss)
725 http fetch GET 200 https://registry.npmjs.org/side-channel-map/-/side-channel-map-1.0.1.tgz 81ms (cache miss)
726 http fetch GET 200 https://registry.npmjs.org/call-bind-apply-helpers/-/call-bind-apply-helpers-1.0.2.tgz 83ms (cache miss)
727 http fetch GET 200 https://registry.npmjs.org/side-channel-list/-/side-channel-list-1.0.0.tgz 89ms (cache miss)
728 http fetch GET 200 https://registry.npmjs.org/es-define-property/-/es-define-property-1.0.1.tgz 90ms (cache miss)
729 http fetch GET 200 https://registry.npmjs.org/get-proto/-/get-proto-1.0.1.tgz 90ms (cache miss)
730 http fetch GET 200 https://registry.npmjs.org/get-intrinsic/-/get-intrinsic-1.3.0.tgz 98ms (cache miss)
731 http fetch GET 200 https://registry.npmjs.org/side-channel/-/side-channel-1.1.0.tgz 98ms (cache miss)
732 http fetch GET 200 https://registry.npmjs.org/side-channel-weakmap/-/side-channel-weakmap-1.0.2.tgz 99ms (cache miss)
733 http fetch GET 200 https://registry.npmjs.org/object-inspect/-/object-inspect-1.13.4.tgz 99ms (cache miss)
734 http fetch GET 200 https://registry.npmjs.org/call-bound/-/call-bound-1.0.4.tgz 102ms (cache miss)
735 http fetch GET 200 https://registry.npmjs.org/unpipe/-/unpipe-1.0.0.tgz 101ms (cache miss)
736 http fetch GET 200 https://registry.npmjs.org/shebang-regex/-/shebang-regex-3.0.0.tgz 106ms (cache miss)
737 http fetch GET 200 https://registry.npmjs.org/ee-first/-/ee-first-1.1.1.tgz 118ms (cache miss)
738 http fetch GET 200 https://registry.npmjs.org/function-bind/-/function-bind-1.1.2.tgz 122ms (cache miss)
739 http fetch GET 200 https://registry.npmjs.org/forwarded/-/forwarded-0.2.0.tgz 126ms (cache miss)
740 http fetch GET 200 https://registry.npmjs.org/safer-buffer/-/safer-buffer-2.1.2.tgz 126ms (cache miss)
741 http fetch GET 200 https://registry.npmjs.org/depd/-/depd-2.0.0.tgz 125ms (cache miss)
742 http fetch GET 200 https://registry.npmjs.org/setprototypeof/-/setprototypeof-1.2.0.tgz 130ms (cache miss)
743 http fetch GET 200 https://registry.npmjs.org/toidentifier/-/toidentifier-1.0.1.tgz 131ms (cache miss)
744 http fetch GET 200 https://registry.npmjs.org/mime-db/-/mime-db-1.54.0.tgz 131ms (cache miss)
745 http fetch GET 200 https://registry.npmjs.org/wrappy/-/wrappy-1.0.2.tgz 131ms (cache miss)
746 http fetch GET 200 https://registry.npmjs.org/ipaddr.js/-/ipaddr.js-1.9.1.tgz 132ms (cache miss)
747 http fetch GET 200 https://registry.npmjs.org/path-to-regexp/-/path-to-regexp-8.3.0.tgz 140ms (cache miss)
748 http fetch GET 200 https://registry.npmjs.org/is-promise/-/is-promise-4.0.0.tgz 143ms (cache miss)
749 http fetch GET 200 https://registry.npmjs.org/safe-buffer/-/safe-buffer-5.2.1.tgz 139ms (cache miss)
750 http fetch GET 200 https://registry.npmjs.org/inherits/-/inherits-2.0.4.tgz 139ms (cache miss)
751 http fetch GET 200 https://registry.npmjs.org/ms/-/ms-2.1.3.tgz 152ms (cache miss)
752 http fetch GET 200 https://registry.npmjs.org/send/-/send-1.2.0.tgz 169ms (cache miss)
753 http fetch GET 200 https://registry.npmjs.org/bytes/-/bytes-3.1.2.tgz 169ms (cache miss)
754 http fetch GET 200 https://registry.npmjs.org/statuses/-/statuses-2.0.2.tgz 170ms (cache miss)
755 http fetch GET 200 https://registry.npmjs.org/type-is/-/type-is-2.0.1.tgz 171ms (cache miss)
756 http fetch GET 200 https://registry.npmjs.org/parseurl/-/parseurl-1.3.3.tgz 170ms (cache miss)
757 http fetch GET 200 https://registry.npmjs.org/once/-/once-1.4.0.tgz 174ms (cache miss)
758 http fetch GET 200 https://registry.npmjs.org/range-parser/-/range-parser-1.2.1.tgz 174ms (cache miss)
759 http fetch GET 200 https://registry.npmjs.org/iconv-lite/-/iconv-lite-0.6.3.tgz 175ms (cache miss)
760 http fetch GET 200 https://registry.npmjs.org/negotiator/-/negotiator-1.0.0.tgz 175ms (cache miss)
761 http fetch GET 200 https://registry.npmjs.org/serve-static/-/serve-static-2.2.0.tgz 176ms (cache miss)
762 http fetch GET 200 https://registry.npmjs.org/qs/-/qs-6.14.0.tgz 184ms (cache miss)
763 http fetch GET 200 https://registry.npmjs.org/mime-types/-/mime-types-3.0.1.tgz 184ms (cache miss)
764 http fetch GET 200 https://registry.npmjs.org/proxy-addr/-/proxy-addr-2.0.7.tgz 188ms (cache miss)
765 http fetch GET 200 https://registry.npmjs.org/merge-descriptors/-/merge-descriptors-2.0.0.tgz 194ms (cache miss)
766 http fetch POST 200 https://registry.npmjs.org/-/npm/v1/security/advisories/bulk 218ms
767 silly audit report {}
768 http fetch GET 200 https://registry.npmjs.org/fresh/-/fresh-2.0.0.tgz 202ms (cache miss)
769 http fetch GET 200 https://registry.npmjs.org/etag/-/etag-1.8.1.tgz 202ms (cache miss)
770 http fetch GET 200 https://registry.npmjs.org/on-finished/-/on-finished-2.4.1.tgz 202ms (cache miss)
771 http fetch GET 200 https://registry.npmjs.org/cookie-signature/-/cookie-signature-1.2.2.tgz 202ms (cache miss)
772 http fetch GET 200 https://registry.npmjs.org/encodeurl/-/encodeurl-2.0.0.tgz 207ms (cache miss)
773 http fetch GET 200 https://registry.npmjs.org/router/-/router-2.2.0.tgz 211ms (cache miss)
774 http fetch GET 200 https://registry.npmjs.org/http-errors/-/http-errors-2.0.0.tgz 214ms (cache miss)
775 http fetch GET 200 https://registry.npmjs.org/body-parser/-/body-parser-2.2.0.tgz 221ms (cache miss)
776 http fetch GET 200 https://registry.npmjs.org/debug/-/debug-4.4.3.tgz 222ms (cache miss)
777 http fetch GET 200 https://registry.npmjs.org/content-disposition/-/content-disposition-1.0.0.tgz 227ms (cache miss)
778 http fetch GET 200 https://registry.npmjs.org/which/-/which-2.0.2.tgz 228ms (cache miss)
779 http fetch GET 200 https://registry.npmjs.org/eventsource-parser/-/eventsource-parser-3.0.6.tgz 233ms (cache miss)
780 http fetch GET 200 https://registry.npmjs.org/accepts/-/accepts-2.0.0.tgz 233ms (cache miss)
781 http fetch GET 200 https://registry.npmjs.org/finalhandler/-/finalhandler-2.1.0.tgz 235ms (cache miss)
782 http fetch GET 200 https://registry.npmjs.org/path-key/-/path-key-3.1.1.tgz 238ms (cache miss)
783 http fetch GET 200 https://registry.npmjs.org/vary/-/vary-1.1.2.tgz 241ms (cache miss)
784 http fetch GET 200 https://registry.npmjs.org/escape-html/-/escape-html-1.0.3.tgz 241ms (cache miss)
785 http fetch GET 200 https://registry.npmjs.org/object-assign/-/object-assign-4.1.1.tgz 248ms (cache miss)
786 http fetch GET 200 https://registry.npmjs.org/shebang-command/-/shebang-command-2.0.0.tgz 255ms (cache miss)
787 http fetch GET 200 https://registry.npmjs.org/cookie/-/cookie-0.7.2.tgz 257ms (cache miss)
788 http fetch GET 200 https://registry.npmjs.org/uri-js/-/uri-js-4.4.1.tgz 258ms (cache miss)
789 http fetch GET 200 https://registry.npmjs.org/raw-body/-/raw-body-3.0.1.tgz 258ms (cache miss)
790 http fetch GET 200 https://registry.npmjs.org/json-schema-traverse/-/json-schema-traverse-0.4.1.tgz 263ms (cache miss)
791 http fetch GET 200 https://registry.npmjs.org/cors/-/cors-2.8.5.tgz 271ms (cache miss)
792 http fetch GET 200 https://registry.npmjs.org/fast-json-stable-stringify/-/fast-json-stable-stringify-2.1.0.tgz 273ms (cache miss)
793 http fetch GET 200 https://registry.npmjs.org/pkce-challenge/-/pkce-challenge-5.0.0.tgz 274ms (cache miss)
794 http fetch GET 200 https://registry.npmjs.org/fast-deep-equal/-/fast-deep-equal-3.1.3.tgz 274ms (cache miss)
795 http fetch GET 200 https://registry.npmjs.org/express-rate-limit/-/express-rate-limit-7.5.1.tgz 275ms (cache miss)
796 http fetch GET 200 https://registry.npmjs.org/express/-/express-5.1.0.tgz 283ms (cache miss)
797 http fetch GET 200 https://registry.npmjs.org/cross-spawn/-/cross-spawn-7.0.6.tgz 284ms (cache miss)
798 http fetch GET 200 https://registry.npmjs.org/uuid/-/uuid-13.0.0.tgz 289ms (cache miss)
799 http fetch GET 200 https://registry.npmjs.org/content-type/-/content-type-1.0.5.tgz 289ms (cache miss)
800 http fetch GET 200 https://registry.npmjs.org/eventsource/-/eventsource-3.0.7.tgz 291ms (cache miss)
801 http fetch GET 200 https://registry.npmjs.org/zod/-/zod-3.22.4.tgz 294ms (cache miss)
802 http fetch GET 200 https://registry.npmjs.org/cursor-talk-to-figma-socket/-/cursor-talk-to-figma-socket-0.3.4.tgz 305ms (cache miss)
803 http fetch GET 200 https://registry.npmjs.org/iconv-lite/-/iconv-lite-0.7.0.tgz 308ms (cache miss)
804 http fetch GET 200 https://registry.npmjs.org/ws/-/ws-8.18.3.tgz 317ms (cache miss)
805 http fetch GET 200 https://registry.npmjs.org/zod-to-json-schema/-/zod-to-json-schema-3.24.6.tgz 346ms (cache miss)
806 http fetch GET 200 https://registry.npmjs.org/statuses/-/statuses-2.0.1.tgz 353ms (cache miss)
807 http fetch GET 200 https://registry.npmjs.org/ajv/-/ajv-6.12.6.tgz 372ms (cache miss)
808 http fetch GET 200 https://registry.npmjs.org/zod/-/zod-3.25.76.tgz 408ms (cache miss)
809 http fetch GET 200 https://registry.npmjs.org/@modelcontextprotocol/sdk/-/sdk-1.13.1.tgz 844ms (cache miss)
