0 verbose cli /usr/local/bin/node /usr/local/bin/npm
1 info using npm@10.9.3
2 info using node@v22.19.0
3 silly config load:file:/usr/local/lib/node_modules/npm/npmrc
4 silly config load:file:/Users/sohee/Documents/triptalk/.npmrc
5 silly config load:file:/Users/sohee/.npmrc
6 silly config load:file:/usr/local/etc/npmrc
7 verbose title npm i apollo-upload-client
8 verbose argv "i" "apollo-upload-client" "--cache" ".npm-cache"
9 verbose logfile logs-max:10 dir:/Users/sohee/Documents/triptalk/.npm-cache/_logs/2025-10-30T08_17_33_689Z-
10 verbose logfile /Users/sohee/Documents/triptalk/.npm-cache/_logs/2025-10-30T08_17_33_689Z-debug-0.log
11 silly logfile done cleaning log files
12 silly packumentCache heap:4345298944 maxSize:1086324736 maxEntrySize:543162368
13 silly idealTree buildDeps
14 silly fetch manifest apollo-upload-client@*
15 silly packumentCache full:https://registry.npmjs.org/apollo-upload-client cache-miss
16 http fetch GET 200 https://registry.npmjs.org/apollo-upload-client 275ms (cache miss)
17 silly packumentCache full:https://registry.npmjs.org/apollo-upload-client set size:undefined disposed:false
18 silly fetch manifest @apollo/client@^4.0.7
19 silly packumentCache full:https://registry.npmjs.org/@apollo%2fclient cache-miss
20 http fetch GET 200 https://registry.npmjs.org/@apollo%2fclient 171ms (cache miss)
21 silly packumentCache full:https://registry.npmjs.org/@apollo%2fclient set size:undefined disposed:false
22 silly fetch manifest graphql@^16.11.0
23 silly packumentCache full:https://registry.npmjs.org/graphql cache-miss
24 http fetch GET 200 https://registry.npmjs.org/graphql 98ms (cache miss)
25 silly packumentCache full:https://registry.npmjs.org/graphql set size:undefined disposed:false
26 silly fetch manifest graphql-ws@^5.5.5 || ^6.0.3
27 silly packumentCache full:https://registry.npmjs.org/graphql-ws cache-miss
28 http fetch GET 200 https://registry.npmjs.org/graphql-ws 192ms (cache miss)
29 silly packumentCache full:https://registry.npmjs.org/graphql-ws set size:undefined disposed:false
30 silly fetch manifest @fastify/websocket@^10 || ^11
31 silly packumentCache full:https://registry.npmjs.org/@fastify%2fwebsocket cache-miss
32 http fetch GET 200 https://registry.npmjs.org/@fastify%2fwebsocket 403ms (cache miss)
33 silly packumentCache full:https://registry.npmjs.org/@fastify%2fwebsocket set size:undefined disposed:false
34 silly fetch manifest crossws@~0.3
35 silly packumentCache full:https://registry.npmjs.org/crossws cache-miss
36 http fetch GET 200 https://registry.npmjs.org/crossws 116ms (cache miss)
37 silly packumentCache full:https://registry.npmjs.org/crossws set size:undefined disposed:false
38 silly fetch manifest uWebSockets.js@^20
39 silly packumentCache full:https://registry.npmjs.org/uWebSockets.js cache-miss
40 http fetch GET 404 https://registry.npmjs.org/uWebSockets.js 52ms (cache skip)
41 silly fetch manifest ws@^8
42 silly packumentCache full:https://registry.npmjs.org/ws cache-miss
43 http fetch GET 200 https://registry.npmjs.org/ws 93ms (cache revalidated)
44 silly packumentCache full:https://registry.npmjs.org/ws set size:410885 disposed:false
45 silly fetch manifest bufferutil@^4.0.1
46 silly packumentCache full:https://registry.npmjs.org/bufferutil cache-miss
47 http fetch GET 200 https://registry.npmjs.org/bufferutil 49ms (cache revalidated)
48 silly packumentCache full:https://registry.npmjs.org/bufferutil set size:51033 disposed:false
49 silly fetch manifest utf-8-validate@>=5.0.2
50 silly packumentCache full:https://registry.npmjs.org/utf-8-validate cache-miss
51 http fetch GET 200 https://registry.npmjs.org/utf-8-validate 79ms (cache revalidated)
52 silly packumentCache full:https://registry.npmjs.org/utf-8-validate set size:75205 disposed:false
53 silly fetch manifest react@^18
54 silly packumentCache full:https://registry.npmjs.org/react cache-miss
55 http fetch GET 200 https://registry.npmjs.org/react 79ms (cache revalidated)
56 silly packumentCache full:https://registry.npmjs.org/react set size:6208813 disposed:false
57 silly fetch manifest react-dom@^18
58 silly packumentCache full:https://registry.npmjs.org/react-dom cache-miss
59 http fetch GET 200 https://registry.npmjs.org/react-dom 313ms (cache miss)
60 silly packumentCache full:https://registry.npmjs.org/react-dom set size:undefined disposed:false
61 silly fetch manifest rxjs@^7.3.0
62 silly packumentCache full:https://registry.npmjs.org/rxjs cache-miss
63 http fetch GET 200 https://registry.npmjs.org/rxjs 114ms (cache miss)
64 silly packumentCache full:https://registry.npmjs.org/rxjs set size:undefined disposed:false
65 silly fetch manifest subscriptions-transport-ws@^0.9.0 || ^0.11.0
66 silly packumentCache full:https://registry.npmjs.org/subscriptions-transport-ws cache-miss
67 http fetch GET 200 https://registry.npmjs.org/subscriptions-transport-ws 112ms (cache miss)
68 silly packumentCache full:https://registry.npmjs.org/subscriptions-transport-ws set size:undefined disposed:false
69 silly placeDep ROOT apollo-upload-client@19.0.0 OK for: triptalk@0.1.0 want: *
70 silly fetch manifest extract-files@^13.0.0
71 silly packumentCache full:https://registry.npmjs.org/extract-files cache-miss
72 http fetch GET 200 https://registry.npmjs.org/extract-files 117ms (cache miss)
73 silly packumentCache full:https://registry.npmjs.org/extract-files set size:undefined disposed:false
74 silly placeDep ROOT extract-files@13.0.0 OK for: apollo-upload-client@19.0.0 want: ^13.0.0
75 silly fetch manifest is-plain-obj@^4.1.0
76 silly packumentCache full:https://registry.npmjs.org/is-plain-obj cache-miss
77 http fetch GET 200 https://registry.npmjs.org/is-plain-obj 84ms (cache miss)
78 silly packumentCache full:https://registry.npmjs.org/is-plain-obj set size:undefined disposed:false
79 silly placeDep ROOT is-plain-obj@4.1.0 OK for: extract-files@13.0.0 want: ^4.1.0
80 silly reify moves {}
81 silly audit bulk request {
81 silly audit   '@alloc/quick-lru': [ '5.2.0' ],
81 silly audit   '@apollo/client': [ '4.0.7' ],
81 silly audit   '@emnapi/core': [ '1.6.0' ],
81 silly audit   '@emnapi/runtime': [ '1.6.0' ],
81 silly audit   '@emnapi/wasi-threads': [ '1.1.0' ],
81 silly audit   '@eslint-community/eslint-utils': [ '4.9.0' ],
81 silly audit   '@eslint-community/regexpp': [ '4.12.1' ],
81 silly audit   '@eslint/eslintrc': [ '2.1.4' ],
81 silly audit   '@eslint/js': [ '8.57.1' ],
81 silly audit   '@graphql-typed-document-node/core': [ '3.2.0' ],
81 silly audit   '@hookform/resolvers': [ '5.2.2' ],
81 silly audit   '@humanwhocodes/config-array': [ '0.13.0' ],
81 silly audit   '@humanwhocodes/module-importer': [ '1.0.1' ],
81 silly audit   '@humanwhocodes/object-schema': [ '2.0.3' ],
81 silly audit   '@isaacs/cliui': [ '8.0.2' ],
81 silly audit   'ansi-regex': [ '6.2.2', '5.0.1' ],
81 silly audit   'strip-ansi': [ '7.1.2', '6.0.1' ],
81 silly audit   '@jridgewell/gen-mapping': [ '0.3.13' ],
81 silly audit   '@jridgewell/resolve-uri': [ '3.1.2' ],
81 silly audit   '@jridgewell/sourcemap-codec': [ '1.5.5' ],
81 silly audit   '@jridgewell/trace-mapping': [ '0.3.31' ],
81 silly audit   '@napi-rs/wasm-runtime': [ '0.2.12' ],
81 silly audit   '@next/env': [ '14.2.32' ],
81 silly audit   '@next/eslint-plugin-next': [ '14.2.32' ],
81 silly audit   '@next/swc-darwin-arm64': [ '14.2.32' ],
81 silly audit   '@next/swc-darwin-x64': [ '14.2.32' ],
81 silly audit   '@next/swc-linux-arm64-gnu': [ '14.2.32' ],
81 silly audit   '@next/swc-linux-arm64-musl': [ '14.2.32' ],
81 silly audit   '@next/swc-linux-x64-gnu': [ '14.2.32' ],
81 silly audit   '@next/swc-linux-x64-musl': [ '14.2.32' ],
81 silly audit   '@next/swc-win32-arm64-msvc': [ '14.2.32' ],
81 silly audit   '@next/swc-win32-ia32-msvc': [ '14.2.32' ],
81 silly audit   '@next/swc-win32-x64-msvc': [ '14.2.32' ],
81 silly audit   '@nodelib/fs.scandir': [ '2.1.5' ],
81 silly audit   '@nodelib/fs.stat': [ '2.0.5' ],
81 silly audit   '@nodelib/fs.walk': [ '1.2.8' ],
81 silly audit   '@nolyfill/is-core-module': [ '1.0.39' ],
81 silly audit   '@pkgjs/parseargs': [ '0.11.0' ],
81 silly audit   '@rtsao/scc': [ '1.1.0' ],
81 silly audit   '@rushstack/eslint-patch': [ '1.14.0' ],
81 silly audit   '@standard-schema/utils': [ '0.3.0' ],
81 silly audit   '@swc/counter': [ '0.1.3' ],
81 silly audit   '@swc/helpers': [ '0.5.5' ],
81 silly audit   '@tanstack/query-core': [ '5.90.5' ],
81 silly audit   '@tanstack/react-query': [ '5.90.5' ],
81 silly audit   '@tybys/wasm-util': [ '0.10.1' ],
81 silly audit   '@types/json5': [ '0.0.29' ],
81 silly audit   '@types/node': [ '20.19.23' ],
81 silly audit   '@types/prop-types': [ '15.7.15' ],
81 silly audit   '@types/react': [ '18.3.26' ],
81 silly audit   '@types/react-daum-postcode': [ '1.3.4' ],
81 silly audit   '@types/react-dom': [ '18.3.7' ],
81 silly audit   '@typescript-eslint/eslint-plugin': [ '8.46.2' ],
81 silly audit   ignore: [ '7.0.5', '5.3.2' ],
81 silly audit   '@typescript-eslint/parser': [ '8.46.2' ],
81 silly audit   '@typescript-eslint/project-service': [ '8.46.2' ],
81 silly audit   '@typescript-eslint/scope-manager': [ '8.46.2' ],
81 silly audit   '@typescript-eslint/tsconfig-utils': [ '8.46.2' ],
81 silly audit   '@typescript-eslint/type-utils': [ '8.46.2' ],
81 silly audit   '@typescript-eslint/types': [ '8.46.2' ],
81 silly audit   '@typescript-eslint/typescript-estree': [ '8.46.2' ],
81 silly audit   'brace-expansion': [ '2.0.2', '1.1.12' ],
81 silly audit   minimatch: [ '9.0.5', '3.1.2' ],
81 silly audit   '@typescript-eslint/utils': [ '8.46.2' ],
81 silly audit   '@typescript-eslint/visitor-keys': [ '8.46.2' ],
81 silly audit   'eslint-visitor-keys': [ '4.2.1', '3.4.3' ],
81 silly audit   '@ungap/structured-clone': [ '1.3.0' ],
81 silly audit   '@unrs/resolver-binding-android-arm-eabi': [ '1.11.1' ],
81 silly audit   '@unrs/resolver-binding-android-arm64': [ '1.11.1' ],
81 silly audit   '@unrs/resolver-binding-darwin-arm64': [ '1.11.1' ],
81 silly audit   '@unrs/resolver-binding-darwin-x64': [ '1.11.1' ],
81 silly audit   '@unrs/resolver-binding-freebsd-x64': [ '1.11.1' ],
81 silly audit   '@unrs/resolver-binding-linux-arm-gnueabihf': [ '1.11.1' ],
81 silly audit   '@unrs/resolver-binding-linux-arm-musleabihf': [ '1.11.1' ],
81 silly audit   '@unrs/resolver-binding-linux-arm64-gnu': [ '1.11.1' ],
81 silly audit   '@unrs/resolver-binding-linux-arm64-musl': [ '1.11.1' ],
81 silly audit   '@unrs/resolver-binding-linux-ppc64-gnu': [ '1.11.1' ],
81 silly audit   '@unrs/resolver-binding-linux-riscv64-gnu': [ '1.11.1' ],
81 silly audit   '@unrs/resolver-binding-linux-riscv64-musl': [ '1.11.1' ],
81 silly audit   '@unrs/resolver-binding-linux-s390x-gnu': [ '1.11.1' ],
81 silly audit   '@unrs/resolver-binding-linux-x64-gnu': [ '1.11.1' ],
81 silly audit   '@unrs/resolver-binding-linux-x64-musl': [ '1.11.1' ],
81 silly audit   '@unrs/resolver-binding-wasm32-wasi': [ '1.11.1' ],
81 silly audit   '@unrs/resolver-binding-win32-arm64-msvc': [ '1.11.1' ],
81 silly audit   '@unrs/resolver-binding-win32-ia32-msvc': [ '1.11.1' ],
81 silly audit   '@unrs/resolver-binding-win32-x64-msvc': [ '1.11.1' ],
81 silly audit   '@wry/caches': [ '1.0.1' ],
81 silly audit   '@wry/context': [ '0.7.4' ],
81 silly audit   '@wry/equality': [ '0.5.7' ],
81 silly audit   '@wry/trie': [ '0.5.0' ],
81 silly audit   acorn: [ '8.15.0' ],
81 silly audit   'acorn-jsx': [ '5.3.2' ],
81 silly audit   ajv: [ '6.12.6' ],
81 silly audit   'ansi-styles': [ '4.3.0', '6.2.3' ],
81 silly audit   'any-promise': [ '1.3.0' ],
81 silly audit   anymatch: [ '3.1.3' ],
81 silly audit   arg: [ '5.0.2' ],
81 silly audit   argparse: [ '2.0.1' ],
81 silly audit   'aria-query': [ '5.3.2' ],
81 silly audit   'array-buffer-byte-length': [ '1.0.2' ],
81 silly audit   'array-includes': [ '3.1.9' ],
81 silly audit   'array.prototype.findlast': [ '1.2.5' ],
81 silly audit   'array.prototype.findlastindex': [ '1.2.6' ],
81 silly audit   'array.prototype.flat': [ '1.3.3' ],
81 silly audit   'array.prototype.flatmap': [ '1.3.3' ],
81 silly audit   'array.prototype.tosorted': [ '1.1.4' ],
81 silly audit   'arraybuffer.prototype.slice': [ '1.0.4' ],
81 silly audit   'ast-types-flow': [ '0.0.8' ],
81 silly audit   'async-function': [ '1.0.0' ],
81 silly audit   'available-typed-arrays': [ '1.0.7' ],
81 silly audit   'axe-core': [ '4.11.0' ],
81 silly audit   'axobject-query': [ '4.1.0' ],
81 silly audit   'balanced-match': [ '1.0.2' ],
81 silly audit   'binary-extensions': [ '2.3.0' ],
81 silly audit   braces: [ '3.0.3' ],
81 silly audit   busboy: [ '1.6.0' ],
81 silly audit   'call-bind': [ '1.0.8' ],
81 silly audit   'call-bind-apply-helpers': [ '1.0.2' ],
81 silly audit   'call-bound': [ '1.0.4' ],
81 silly audit   callsites: [ '3.1.0' ],
81 silly audit   'camelcase-css': [ '2.0.1' ],
81 silly audit   'caniuse-lite': [ '1.0.30001751' ],
81 silly audit   chalk: [ '4.1.2' ],
81 silly audit   chokidar: [ '3.6.0' ],
81 silly audit   'glob-parent': [ '5.1.2', '6.0.2' ],
81 silly audit   'client-only': [ '0.0.1' ],
81 silly audit   'color-convert': [ '2.0.1' ],
81 silly audit   'color-name': [ '1.1.4' ],
81 silly audit   commander: [ '4.1.1' ],
81 silly audit   'concat-map': [ '0.0.1' ],
81 silly audit   'cross-spawn': [ '7.0.6' ],
81 silly audit   cssesc: [ '3.0.0' ],
81 silly audit   csstype: [ '3.1.3' ],
81 silly audit   'damerau-levenshtein': [ '1.0.8' ],
81 silly audit   'data-view-buffer': [ '1.0.2' ],
81 silly audit   'data-view-byte-length': [ '1.0.2' ],
81 silly audit   'data-view-byte-offset': [ '1.0.1' ],
81 silly audit   debug: [ '4.4.3', '3.2.7' ],
81 silly audit   'deep-is': [ '0.1.4' ],
81 silly audit   'define-data-property': [ '1.1.4' ],
81 silly audit   'define-properties': [ '1.2.1' ],
81 silly audit   didyoumean: [ '1.2.2' ],
81 silly audit   dlv: [ '1.1.3' ],
81 silly audit   doctrine: [ '3.0.0', '2.1.0' ],
81 silly audit   'dunder-proto': [ '1.0.1' ],
81 silly audit   eastasianwidth: [ '0.2.0' ],
81 silly audit   'emoji-regex': [ '9.2.2', '8.0.0' ],
81 silly audit   'es-abstract': [ '1.24.0' ],
81 silly audit   'es-define-property': [ '1.0.1' ],
81 silly audit   'es-errors': [ '1.3.0' ],
81 silly audit   'es-iterator-helpers': [ '1.2.1' ],
81 silly audit   'es-object-atoms': [ '1.1.1' ],
81 silly audit   'es-set-tostringtag': [ '2.1.0' ],
81 silly audit   'es-shim-unscopables': [ '1.1.0' ],
81 silly audit   'es-to-primitive': [ '1.3.0' ],
81 silly audit   'escape-string-regexp': [ '4.0.0' ],
81 silly audit   eslint: [ '8.57.1' ],
81 silly audit   'eslint-config-next': [ '14.2.32' ],
81 silly audit   'eslint-import-resolver-node': [ '0.3.9' ],
81 silly audit   'eslint-import-resolver-typescript': [ '3.10.1' ],
81 silly audit   'eslint-module-utils': [ '2.12.1' ],
81 silly audit   'eslint-plugin-import': [ '2.32.0' ],
81 silly audit   semver: [ '6.3.1', '7.7.3' ],
81 silly audit   'eslint-plugin-jsx-a11y': [ '6.10.2' ],
81 silly audit   'eslint-plugin-react': [ '7.37.5' ],
81 silly audit   'eslint-plugin-react-hooks': [ '5.0.0-canary-7118f5dd7-20230705' ],
81 silly audit   resolve: [ '2.0.0-next.5', '1.22.11' ],
81 silly audit   'eslint-scope': [ '7.2.2' ],
81 silly audit   espree: [ '9.6.1' ],
81 silly audit   esquery: [ '1.6.0' ],
81 silly audit   esrecurse: [ '4.3.0' ],
81 silly audit   estraverse: [ '5.3.0' ],
81 silly audit   esutils: [ '2.0.3' ],
81 silly audit   'fast-deep-equal': [ '3.1.3' ],
81 silly audit   'fast-glob': [ '3.3.3' ],
81 silly audit   'fast-json-stable-stringify': [ '2.1.0' ],
81 silly audit   'fast-levenshtein': [ '2.0.6' ],
81 silly audit   fastq: [ '1.19.1' ],
81 silly audit   'file-entry-cache': [ '6.0.1' ],
81 silly audit   'fill-range': [ '7.1.1' ],
81 silly audit   'find-up': [ '5.0.0' ],
81 silly audit   'flat-cache': [ '3.2.0' ],
81 silly audit   flatted: [ '3.3.3' ],
81 silly audit   'for-each': [ '0.3.5' ],
81 silly audit   'foreground-child': [ '3.3.1' ],
81 silly audit   'fs.realpath': [ '1.0.0' ],
81 silly audit   fsevents: [ '2.3.3' ],
81 silly audit   'function-bind': [ '1.1.2' ],
81 silly audit   'function.prototype.name': [ '1.1.8' ],
81 silly audit   'functions-have-names': [ '1.2.3' ],
81 silly audit   'generator-function': [ '2.0.1' ],
81 silly audit   'get-intrinsic': [ '1.3.0' ],
81 silly audit   'get-proto': [ '1.0.1' ],
81 silly audit   'get-symbol-description': [ '1.1.0' ],
81 silly audit   'get-tsconfig': [ '4.12.0' ],
81 silly audit   glob: [ '10.3.10', '7.2.3' ],
81 silly audit   globals: [ '13.24.0' ],
81 silly audit   globalthis: [ '1.0.4' ],
81 silly audit   gopd: [ '1.2.0' ],
81 silly audit   'graceful-fs': [ '4.2.11' ],
81 silly audit   graphemer: [ '1.4.0' ],
81 silly audit   graphql: [ '16.11.0' ],
81 silly audit   'graphql-tag': [ '2.12.6' ],
81 silly audit   'has-bigints': [ '1.1.0' ],
81 silly audit   'has-flag': [ '4.0.0' ],
81 silly audit   'has-property-descriptors': [ '1.0.2' ],
81 silly audit   'has-proto': [ '1.2.0' ],
81 silly audit   'has-symbols': [ '1.1.0' ],
81 silly audit   'has-tostringtag': [ '1.0.2' ],
81 silly audit   hasown: [ '2.0.2' ],
81 silly audit   'import-fresh': [ '3.3.1' ],
81 silly audit   imurmurhash: [ '0.1.4' ],
81 silly audit   inflight: [ '1.0.6' ],
81 silly audit   inherits: [ '2.0.4' ],
81 silly audit   'internal-slot': [ '1.1.0' ],
81 silly audit   'is-array-buffer': [ '3.0.5' ],
81 silly audit   'is-async-function': [ '2.1.1' ],
81 silly audit   'is-bigint': [ '1.1.0' ],
81 silly audit   'is-binary-path': [ '2.1.0' ],
81 silly audit   'is-boolean-object': [ '1.2.2' ],
81 silly audit   'is-bun-module': [ '2.0.0' ],
81 silly audit   'is-callable': [ '1.2.7' ],
81 silly audit   'is-core-module': [ '2.16.1' ],
81 silly audit   'is-data-view': [ '1.0.2' ],
81 silly audit   'is-date-object': [ '1.1.0' ],
81 silly audit   'is-extglob': [ '2.1.1' ],
81 silly audit   'is-finalizationregistry': [ '1.1.1' ],
81 silly audit   'is-fullwidth-code-point': [ '3.0.0' ],
81 silly audit   'is-generator-function': [ '1.1.2' ],
81 silly audit   'is-glob': [ '4.0.3' ],
81 silly audit   'is-map': [ '2.0.3' ],
81 silly audit   'is-negative-zero': [ '2.0.3' ],
81 silly audit   'is-number': [ '7.0.0' ],
81 silly audit   'is-number-object': [ '1.1.1' ],
81 silly audit   'is-path-inside': [ '3.0.3' ],
81 silly audit   'is-regex': [ '1.2.1' ],
81 silly audit   'is-set': [ '2.0.3' ],
81 silly audit   'is-shared-array-buffer': [ '1.0.4' ],
81 silly audit   'is-string': [ '1.1.1' ],
81 silly audit   'is-symbol': [ '1.1.1' ],
81 silly audit   'is-typed-array': [ '1.1.15' ],
81 silly audit   'is-weakmap': [ '2.0.2' ],
81 silly audit   'is-weakref': [ '1.1.1' ],
81 silly audit   'is-weakset': [ '2.0.4' ],
81 silly audit   isarray: [ '2.0.5' ],
81 silly audit   isexe: [ '2.0.0' ],
81 silly audit   'iterator.prototype': [ '1.1.5' ],
81 silly audit   jackspeak: [ '2.3.6' ],
81 silly audit   jiti: [ '1.21.7' ],
81 silly audit   'js-tokens': [ '4.0.0' ],
81 silly audit   'js-yaml': [ '4.1.0' ],
81 silly audit   'json-buffer': [ '3.0.1' ],
81 silly audit   'json-schema-traverse': [ '0.4.1' ],
81 silly audit   'json-stable-stringify-without-jsonify': [ '1.0.1' ],
81 silly audit   json5: [ '1.0.2' ],
81 silly audit   'jsx-ast-utils': [ '3.3.5' ],
81 silly audit   keyv: [ '4.5.4' ],
81 silly audit   'language-subtag-registry': [ '0.3.23' ],
81 silly audit   'language-tags': [ '1.0.9' ],
81 silly audit   levn: [ '0.4.1' ],
81 silly audit   lilconfig: [ '3.1.3' ],
81 silly audit   'lines-and-columns': [ '1.2.4' ],
81 silly audit   'locate-path': [ '6.0.0' ],
81 silly audit   'lodash.merge': [ '4.6.2' ],
81 silly audit   'loose-envify': [ '1.4.0' ],
81 silly audit   'lru-cache': [ '10.4.3' ],
81 silly audit   'math-intrinsics': [ '1.1.0' ],
81 silly audit   merge2: [ '1.4.1' ],
81 silly audit   micromatch: [ '4.0.8' ],
81 silly audit   minimist: [ '1.2.8' ],
81 silly audit   minipass: [ '7.1.2' ],
81 silly audit   ms: [ '2.1.3' ],
81 silly audit   mz: [ '2.7.0' ],
81 silly audit   nanoid: [ '3.3.11' ],
81 silly audit   'napi-postinstall': [ '0.3.4' ],
81 silly audit   'natural-compare': [ '1.4.0' ],
81 silly audit   next: [ '14.2.32' ],
81 silly audit   postcss: [ '8.4.31', '8.5.6' ],
81 silly audit   'normalize-path': [ '3.0.0' ],
81 silly audit   'object-assign': [ '4.1.1' ],
81 silly audit   'object-hash': [ '3.0.0' ],
81 silly audit   'object-inspect': [ '1.13.4' ],
81 silly audit   'object-keys': [ '1.1.1' ],
81 silly audit   'object.assign': [ '4.1.7' ],
81 silly audit   'object.entries': [ '1.1.9' ],
81 silly audit   'object.fromentries': [ '2.0.8' ],
81 silly audit   'object.groupby': [ '1.0.3' ],
81 silly audit   'object.values': [ '1.2.1' ],
81 silly audit   once: [ '1.4.0' ],
81 silly audit   optimism: [ '0.18.1' ],
81 silly audit   optionator: [ '0.9.4' ],
81 silly audit   'own-keys': [ '1.0.1' ],
81 silly audit   'p-limit': [ '3.1.0' ],
81 silly audit   'p-locate': [ '5.0.0' ],
81 silly audit   'parent-module': [ '1.0.1' ],
81 silly audit   'path-exists': [ '4.0.0' ],
81 silly audit   'path-is-absolute': [ '1.0.1' ],
81 silly audit   'path-key': [ '3.1.1' ],
81 silly audit   'path-parse': [ '1.0.7' ],
81 silly audit   'path-scurry': [ '1.11.1' ],
81 silly audit   picocolors: [ '1.1.1' ],
81 silly audit   picomatch: [ '2.3.1', '4.0.3' ],
81 silly audit   pify: [ '2.3.0' ],
81 silly audit   pirates: [ '4.0.7' ],
81 silly audit   'possible-typed-array-names': [ '1.1.0' ],
81 silly audit   'postcss-import': [ '15.1.0' ],
81 silly audit   'postcss-js': [ '4.1.0' ],
81 silly audit   'postcss-load-config': [ '6.0.1' ],
81 silly audit   'postcss-nested': [ '6.2.0' ],
81 silly audit   'postcss-selector-parser': [ '6.1.2' ],
81 silly audit   'postcss-value-parser': [ '4.2.0' ],
81 silly audit   'prelude-ls': [ '1.2.1' ],
81 silly audit   'prop-types': [ '15.8.1' ],
81 silly audit   punycode: [ '2.3.1' ],
81 silly audit   'queue-microtask': [ '1.2.3' ],
81 silly audit   react: [ '18.3.1' ],
81 silly audit   'react-daum-postcode': [ '3.2.0' ],
81 silly audit   'react-dom': [ '18.3.1' ],
81 silly audit   'react-hook-form': [ '7.65.0' ],
81 silly audit   'react-is': [ '16.13.1' ],
81 silly audit   'read-cache': [ '1.0.0' ],
81 silly audit   readdirp: [ '3.6.0' ],
81 silly audit   'reflect.getprototypeof': [ '1.0.10' ],
81 silly audit   'regexp.prototype.flags': [ '1.5.4' ],
81 silly audit   'resolve-from': [ '4.0.0' ],
81 silly audit   'resolve-pkg-maps': [ '1.0.0' ],
81 silly audit   reusify: [ '1.1.0' ],
81 silly audit   rimraf: [ '3.0.2' ],
81 silly audit   'run-parallel': [ '1.2.0' ],
81 silly audit   rxjs: [ '7.8.2' ],
81 silly audit   'safe-array-concat': [ '1.1.3' ],
81 silly audit   'safe-push-apply': [ '1.0.0' ],
81 silly audit   'safe-regex-test': [ '1.1.0' ],
81 silly audit   scheduler: [ '0.23.2' ],
81 silly audit   'set-function-length': [ '1.2.2' ],
81 silly audit   'set-function-name': [ '2.0.2' ],
81 silly audit   'set-proto': [ '1.0.0' ],
81 silly audit   'shebang-command': [ '2.0.0' ],
81 silly audit   'shebang-regex': [ '3.0.0' ],
81 silly audit   'side-channel': [ '1.1.0' ],
81 silly audit   'side-channel-list': [ '1.0.0' ],
81 silly audit   'side-channel-map': [ '1.0.1' ],
81 silly audit   'side-channel-weakmap': [ '1.0.2' ],
81 silly audit   'signal-exit': [ '4.1.0' ],
81 silly audit   'source-map-js': [ '1.2.1' ],
81 silly audit   'stable-hash': [ '0.0.5' ],
81 silly audit   'stop-iteration-iterator': [ '1.1.0' ],
81 silly audit   streamsearch: [ '1.1.0' ],
81 silly audit   'string-width': [ '5.1.2', '4.2.3' ],
81 silly audit   'string.prototype.includes': [ '2.0.1' ],
81 silly audit   'string.prototype.matchall': [ '4.0.12' ],
81 silly audit   'string.prototype.repeat': [ '1.0.0' ],
81 silly audit   'string.prototype.trim': [ '1.2.10' ],
81 silly audit   'string.prototype.trimend': [ '1.0.9' ],
81 silly audit   'string.prototype.trimstart': [ '1.0.8' ],
81 silly audit   'strip-bom': [ '3.0.0' ],
81 silly audit   'strip-json-comments': [ '3.1.1' ],
81 silly audit   'styled-jsx': [ '5.1.1' ],
81 silly audit   sucrase: [ '3.35.0' ],
81 silly audit   'supports-color': [ '7.2.0' ],
81 silly audit   'supports-preserve-symlinks-flag': [ '1.0.0' ],
81 silly audit   tailwindcss: [ '3.4.18' ],
81 silly audit   'text-table': [ '0.2.0' ],
81 silly audit   thenify: [ '3.3.1' ],
81 silly audit   'thenify-all': [ '1.6.0' ],
81 silly audit   tinyglobby: [ '0.2.15' ],
81 silly audit   fdir: [ '6.5.0' ],
81 silly audit   'to-regex-range': [ '5.0.1' ],
81 silly audit   'ts-api-utils': [ '2.1.0' ],
81 silly audit   'ts-interface-checker': [ '0.1.13' ],
81 silly audit   'tsconfig-paths': [ '3.15.0' ],
81 silly audit   tslib: [ '2.8.1' ],
81 silly audit   'type-check': [ '0.4.0' ],
81 silly audit   'type-fest': [ '0.20.2' ],
81 silly audit   'typed-array-buffer': [ '1.0.3' ],
81 silly audit   'typed-array-byte-length': [ '1.0.3' ],
81 silly audit   'typed-array-byte-offset': [ '1.0.4' ],
81 silly audit   'typed-array-length': [ '1.0.7' ],
81 silly audit   typescript: [ '5.9.3' ],
81 silly audit   'unbox-primitive': [ '1.1.0' ],
81 silly audit   'undici-types': [ '6.21.0' ],
81 silly audit   'unrs-resolver': [ '1.11.1' ],
81 silly audit   'uri-js': [ '4.4.1' ],
81 silly audit   'util-deprecate': [ '1.0.2' ],
81 silly audit   which: [ '2.0.2' ],
81 silly audit   'which-boxed-primitive': [ '1.1.1' ],
81 silly audit   'which-builtin-type': [ '1.2.1' ],
81 silly audit   'which-collection': [ '1.0.2' ],
81 silly audit   'which-typed-array': [ '1.1.19' ],
81 silly audit   'word-wrap': [ '1.2.5' ],
81 silly audit   'wrap-ansi': [ '8.1.0', '7.0.0' ],
81 silly audit   wrappy: [ '1.0.2' ],
81 silly audit   'yocto-queue': [ '0.1.0' ],
81 silly audit   zod: [ '4.1.12' ],
81 silly audit   'apollo-upload-client': [ '19.0.0' ],
81 silly audit   'extract-files': [ '13.0.0' ],
81 silly audit   'is-plain-obj': [ '4.1.0' ]
81 silly audit }
82 verbose reify failed optional dependency /Users/sohee/Documents/triptalk/node_modules/@unrs/resolver-binding-win32-x64-msvc
83 silly reify mark deleted [
83 silly reify   '/Users/sohee/Documents/triptalk/node_modules/@unrs/resolver-binding-win32-x64-msvc'
83 silly reify ]
84 verbose reify failed optional dependency /Users/sohee/Documents/triptalk/node_modules/@unrs/resolver-binding-win32-ia32-msvc
85 silly reify mark deleted [
85 silly reify   '/Users/sohee/Documents/triptalk/node_modules/@unrs/resolver-binding-win32-ia32-msvc'
85 silly reify ]
86 verbose reify failed optional dependency /Users/sohee/Documents/triptalk/node_modules/@unrs/resolver-binding-win32-arm64-msvc
87 silly reify mark deleted [
87 silly reify   '/Users/sohee/Documents/triptalk/node_modules/@unrs/resolver-binding-win32-arm64-msvc'
87 silly reify ]
88 verbose reify failed optional dependency /Users/sohee/Documents/triptalk/node_modules/@unrs/resolver-binding-wasm32-wasi
89 silly reify mark deleted [
89 silly reify   '/Users/sohee/Documents/triptalk/node_modules/@unrs/resolver-binding-wasm32-wasi'
89 silly reify ]
90 verbose reify failed optional dependency /Users/sohee/Documents/triptalk/node_modules/@napi-rs/wasm-runtime
91 silly reify mark deleted [
91 silly reify   '/Users/sohee/Documents/triptalk/node_modules/@napi-rs/wasm-runtime'
91 silly reify ]
92 verbose reify failed optional dependency /Users/sohee/Documents/triptalk/node_modules/@emnapi/core
93 silly reify mark deleted [ '/Users/sohee/Documents/triptalk/node_modules/@emnapi/core' ]
94 verbose reify failed optional dependency /Users/sohee/Documents/triptalk/node_modules/@emnapi/runtime
95 silly reify mark deleted [ '/Users/sohee/Documents/triptalk/node_modules/@emnapi/runtime' ]
96 verbose reify failed optional dependency /Users/sohee/Documents/triptalk/node_modules/@tybys/wasm-util
97 silly reify mark deleted [ '/Users/sohee/Documents/triptalk/node_modules/@tybys/wasm-util' ]
98 verbose reify failed optional dependency /Users/sohee/Documents/triptalk/node_modules/@emnapi/wasi-threads
99 silly reify mark deleted [ '/Users/sohee/Documents/triptalk/node_modules/@emnapi/wasi-threads' ]
100 verbose reify failed optional dependency /Users/sohee/Documents/triptalk/node_modules/@unrs/resolver-binding-linux-x64-musl
101 silly reify mark deleted [
101 silly reify   '/Users/sohee/Documents/triptalk/node_modules/@unrs/resolver-binding-linux-x64-musl'
101 silly reify ]
102 verbose reify failed optional dependency /Users/sohee/Documents/triptalk/node_modules/@unrs/resolver-binding-linux-x64-gnu
103 silly reify mark deleted [
103 silly reify   '/Users/sohee/Documents/triptalk/node_modules/@unrs/resolver-binding-linux-x64-gnu'
103 silly reify ]
104 verbose reify failed optional dependency /Users/sohee/Documents/triptalk/node_modules/@unrs/resolver-binding-linux-s390x-gnu
105 silly reify mark deleted [
105 silly reify   '/Users/sohee/Documents/triptalk/node_modules/@unrs/resolver-binding-linux-s390x-gnu'
105 silly reify ]
106 verbose reify failed optional dependency /Users/sohee/Documents/triptalk/node_modules/@unrs/resolver-binding-linux-riscv64-musl
107 silly reify mark deleted [
107 silly reify   '/Users/sohee/Documents/triptalk/node_modules/@unrs/resolver-binding-linux-riscv64-musl'
107 silly reify ]
108 verbose reify failed optional dependency /Users/sohee/Documents/triptalk/node_modules/@unrs/resolver-binding-linux-riscv64-gnu
109 silly reify mark deleted [
109 silly reify   '/Users/sohee/Documents/triptalk/node_modules/@unrs/resolver-binding-linux-riscv64-gnu'
109 silly reify ]
110 verbose reify failed optional dependency /Users/sohee/Documents/triptalk/node_modules/@unrs/resolver-binding-linux-ppc64-gnu
111 silly reify mark deleted [
111 silly reify   '/Users/sohee/Documents/triptalk/node_modules/@unrs/resolver-binding-linux-ppc64-gnu'
111 silly reify ]
112 verbose reify failed optional dependency /Users/sohee/Documents/triptalk/node_modules/@unrs/resolver-binding-linux-arm64-musl
113 silly reify mark deleted [
113 silly reify   '/Users/sohee/Documents/triptalk/node_modules/@unrs/resolver-binding-linux-arm64-musl'
113 silly reify ]
114 verbose reify failed optional dependency /Users/sohee/Documents/triptalk/node_modules/@unrs/resolver-binding-linux-arm64-gnu
115 silly reify mark deleted [
115 silly reify   '/Users/sohee/Documents/triptalk/node_modules/@unrs/resolver-binding-linux-arm64-gnu'
115 silly reify ]
116 verbose reify failed optional dependency /Users/sohee/Documents/triptalk/node_modules/@unrs/resolver-binding-linux-arm-musleabihf
117 silly reify mark deleted [
117 silly reify   '/Users/sohee/Documents/triptalk/node_modules/@unrs/resolver-binding-linux-arm-musleabihf'
117 silly reify ]
118 verbose reify failed optional dependency /Users/sohee/Documents/triptalk/node_modules/@unrs/resolver-binding-linux-arm-gnueabihf
119 silly reify mark deleted [
119 silly reify   '/Users/sohee/Documents/triptalk/node_modules/@unrs/resolver-binding-linux-arm-gnueabihf'
119 silly reify ]
120 verbose reify failed optional dependency /Users/sohee/Documents/triptalk/node_modules/@unrs/resolver-binding-freebsd-x64
121 silly reify mark deleted [
121 silly reify   '/Users/sohee/Documents/triptalk/node_modules/@unrs/resolver-binding-freebsd-x64'
121 silly reify ]
122 verbose reify failed optional dependency /Users/sohee/Documents/triptalk/node_modules/@unrs/resolver-binding-darwin-x64
123 silly reify mark deleted [
123 silly reify   '/Users/sohee/Documents/triptalk/node_modules/@unrs/resolver-binding-darwin-x64'
123 silly reify ]
124 verbose reify failed optional dependency /Users/sohee/Documents/triptalk/node_modules/@unrs/resolver-binding-android-arm64
125 silly reify mark deleted [
125 silly reify   '/Users/sohee/Documents/triptalk/node_modules/@unrs/resolver-binding-android-arm64'
125 silly reify ]
126 verbose reify failed optional dependency /Users/sohee/Documents/triptalk/node_modules/@unrs/resolver-binding-android-arm-eabi
127 silly reify mark deleted [
127 silly reify   '/Users/sohee/Documents/triptalk/node_modules/@unrs/resolver-binding-android-arm-eabi'
127 silly reify ]
128 verbose reify failed optional dependency /Users/sohee/Documents/triptalk/node_modules/@next/swc-win32-x64-msvc
129 silly reify mark deleted [
129 silly reify   '/Users/sohee/Documents/triptalk/node_modules/@next/swc-win32-x64-msvc'
129 silly reify ]
130 verbose reify failed optional dependency /Users/sohee/Documents/triptalk/node_modules/@next/swc-win32-ia32-msvc
131 silly reify mark deleted [
131 silly reify   '/Users/sohee/Documents/triptalk/node_modules/@next/swc-win32-ia32-msvc'
131 silly reify ]
132 verbose reify failed optional dependency /Users/sohee/Documents/triptalk/node_modules/@next/swc-win32-arm64-msvc
133 silly reify mark deleted [
133 silly reify   '/Users/sohee/Documents/triptalk/node_modules/@next/swc-win32-arm64-msvc'
133 silly reify ]
134 verbose reify failed optional dependency /Users/sohee/Documents/triptalk/node_modules/@next/swc-linux-x64-musl
135 silly reify mark deleted [
135 silly reify   '/Users/sohee/Documents/triptalk/node_modules/@next/swc-linux-x64-musl'
135 silly reify ]
136 verbose reify failed optional dependency /Users/sohee/Documents/triptalk/node_modules/@next/swc-linux-x64-gnu
137 silly reify mark deleted [
137 silly reify   '/Users/sohee/Documents/triptalk/node_modules/@next/swc-linux-x64-gnu'
137 silly reify ]
138 verbose reify failed optional dependency /Users/sohee/Documents/triptalk/node_modules/@next/swc-linux-arm64-musl
139 silly reify mark deleted [
139 silly reify   '/Users/sohee/Documents/triptalk/node_modules/@next/swc-linux-arm64-musl'
139 silly reify ]
140 verbose reify failed optional dependency /Users/sohee/Documents/triptalk/node_modules/@next/swc-linux-arm64-gnu
141 silly reify mark deleted [
141 silly reify   '/Users/sohee/Documents/triptalk/node_modules/@next/swc-linux-arm64-gnu'
141 silly reify ]
142 verbose reify failed optional dependency /Users/sohee/Documents/triptalk/node_modules/@next/swc-darwin-x64
143 silly reify mark deleted [ '/Users/sohee/Documents/triptalk/node_modules/@next/swc-darwin-x64' ]
144 http cache extract-files@https://registry.npmjs.org/extract-files/-/extract-files-13.0.0.tgz 0ms (cache hit)
145 http cache @tybys/wasm-util@https://registry.npmjs.org/@tybys/wasm-util/-/wasm-util-0.10.1.tgz 0ms (cache hit)
146 http cache is-plain-obj@https://registry.npmjs.org/is-plain-obj/-/is-plain-obj-4.1.0.tgz 0ms (cache hit)
147 http cache @napi-rs/wasm-runtime@https://registry.npmjs.org/@napi-rs/wasm-runtime/-/wasm-runtime-0.2.12.tgz 0ms (cache hit)
148 http cache @emnapi/wasi-threads@https://registry.npmjs.org/@emnapi/wasi-threads/-/wasi-threads-1.1.0.tgz 0ms (cache hit)
149 http cache @emnapi/core@https://registry.npmjs.org/@emnapi/core/-/core-1.6.0.tgz 0ms (cache hit)
150 http cache apollo-upload-client@https://registry.npmjs.org/apollo-upload-client/-/apollo-upload-client-19.0.0.tgz 0ms (cache hit)
151 http cache @emnapi/runtime@https://registry.npmjs.org/@emnapi/runtime/-/runtime-1.6.0.tgz 0ms (cache hit)
152 silly tarball no local data for extract-files@https://registry.npmjs.org/extract-files/-/extract-files-13.0.0.tgz. Extracting by manifest.
153 silly tarball no local data for is-plain-obj@https://registry.npmjs.org/is-plain-obj/-/is-plain-obj-4.1.0.tgz. Extracting by manifest.
154 silly tarball no local data for apollo-upload-client@https://registry.npmjs.org/apollo-upload-client/-/apollo-upload-client-19.0.0.tgz. Extracting by manifest.
155 http fetch GET 200 https://registry.npmjs.org/apollo-upload-client/-/apollo-upload-client-19.0.0.tgz 171ms (cache miss)
156 http fetch GET 200 https://registry.npmjs.org/is-plain-obj/-/is-plain-obj-4.1.0.tgz 171ms (cache miss)
157 http fetch GET 200 https://registry.npmjs.org/extract-files/-/extract-files-13.0.0.tgz 172ms (cache miss)
158 http fetch POST 200 https://registry.npmjs.org/-/npm/v1/security/advisories/bulk 255ms
159 silly audit report {}
160 silly ADD node_modules/is-plain-obj
161 silly ADD node_modules/extract-files
162 silly ADD node_modules/apollo-upload-client
163 silly ADD
164 silly ADD
165 silly ADD
166 silly ADD
167 silly ADD
168 silly ADD
169 silly ADD
170 silly ADD
171 silly ADD
172 silly ADD
173 silly ADD
174 silly ADD
175 silly ADD
176 silly ADD
177 silly ADD
178 silly ADD
179 silly ADD
180 silly ADD
181 silly ADD
182 silly ADD
183 silly ADD
184 silly ADD
185 silly ADD
186 silly ADD
187 silly ADD
188 silly ADD
189 silly ADD
190 silly ADD
191 silly ADD
192 silly ADD
193 silly ADD
194 verbose cwd /Users/sohee/Documents/triptalk
195 verbose os Darwin 24.6.0
196 verbose node v22.19.0
197 verbose npm  v10.9.3
198 verbose exit 0
199 info ok
