0 verbose cli /usr/local/bin/node /usr/local/bin/npm
1 info using npm@10.9.3
2 info using node@v22.19.0
3 silly config load:file:/usr/local/lib/node_modules/npm/npmrc
4 silly config load:file:/Users/sohee/Documents/triptalk/.npmrc
5 silly config load:file:/Users/sohee/.npmrc
6 silly config load:file:/usr/local/etc/npmrc
7 verbose title npm ci
8 verbose argv "ci" "--cache" "./.npm-cache"
9 verbose logfile logs-max:10 dir:/Users/sohee/Documents/triptalk/.npm-cache/_logs/2025-10-31T10_16_43_132Z-
10 verbose logfile /Users/sohee/Documents/triptalk/.npm-cache/_logs/2025-10-31T10_16_43_132Z-debug-0.log
11 silly logfile done cleaning log files
12 silly packumentCache heap:4345298944 maxSize:1086324736 maxEntrySize:543162368
13 silly idealTree buildDeps
14 silly reify moves {}
15 silly audit bulk request {
15 silly audit   '@alloc/quick-lru': [ '5.2.0' ],
15 silly audit   '@apollo/client': [ '4.0.7' ],
15 silly audit   '@emnapi/core': [ '1.6.0' ],
15 silly audit   '@emnapi/runtime': [ '1.6.0' ],
15 silly audit   '@emnapi/wasi-threads': [ '1.1.0' ],
15 silly audit   '@eslint-community/eslint-utils': [ '4.9.0' ],
15 silly audit   '@eslint-community/regexpp': [ '4.12.1' ],
15 silly audit   '@eslint/eslintrc': [ '2.1.4' ],
15 silly audit   '@eslint/js': [ '8.57.1' ],
15 silly audit   '@graphql-typed-document-node/core': [ '3.2.0' ],
15 silly audit   '@hookform/resolvers': [ '5.2.2' ],
15 silly audit   '@humanwhocodes/config-array': [ '0.13.0' ],
15 silly audit   '@humanwhocodes/module-importer': [ '1.0.1' ],
15 silly audit   '@humanwhocodes/object-schema': [ '2.0.3' ],
15 silly audit   '@isaacs/cliui': [ '8.0.2' ],
15 silly audit   'ansi-regex': [ '6.2.2', '5.0.1' ],
15 silly audit   'strip-ansi': [ '7.1.2', '6.0.1' ],
15 silly audit   '@jridgewell/gen-mapping': [ '0.3.13' ],
15 silly audit   '@jridgewell/resolve-uri': [ '3.1.2' ],
15 silly audit   '@jridgewell/sourcemap-codec': [ '1.5.5' ],
15 silly audit   '@jridgewell/trace-mapping': [ '0.3.31' ],
15 silly audit   '@napi-rs/wasm-runtime': [ '0.2.12' ],
15 silly audit   '@next/env': [ '14.2.32' ],
15 silly audit   '@next/eslint-plugin-next': [ '14.2.32' ],
15 silly audit   '@next/swc-darwin-arm64': [ '14.2.32' ],
15 silly audit   '@next/swc-darwin-x64': [ '14.2.32' ],
15 silly audit   '@next/swc-linux-arm64-gnu': [ '14.2.32' ],
15 silly audit   '@next/swc-linux-arm64-musl': [ '14.2.32' ],
15 silly audit   '@next/swc-linux-x64-gnu': [ '14.2.32' ],
15 silly audit   '@next/swc-linux-x64-musl': [ '14.2.32' ],
15 silly audit   '@next/swc-win32-arm64-msvc': [ '14.2.32' ],
15 silly audit   '@next/swc-win32-ia32-msvc': [ '14.2.32' ],
15 silly audit   '@next/swc-win32-x64-msvc': [ '14.2.32' ],
15 silly audit   '@nodelib/fs.scandir': [ '2.1.5' ],
15 silly audit   '@nodelib/fs.stat': [ '2.0.5' ],
15 silly audit   '@nodelib/fs.walk': [ '1.2.8' ],
15 silly audit   '@nolyfill/is-core-module': [ '1.0.39' ],
15 silly audit   '@pkgjs/parseargs': [ '0.11.0' ],
15 silly audit   '@rtsao/scc': [ '1.1.0' ],
15 silly audit   '@rushstack/eslint-patch': [ '1.14.0' ],
15 silly audit   '@standard-schema/utils': [ '0.3.0' ],
15 silly audit   '@swc/counter': [ '0.1.3' ],
15 silly audit   '@swc/helpers': [ '0.5.5' ],
15 silly audit   '@tanstack/query-core': [ '5.90.5' ],
15 silly audit   '@tanstack/react-query': [ '5.90.5' ],
15 silly audit   '@tybys/wasm-util': [ '0.10.1' ],
15 silly audit   '@types/json5': [ '0.0.29' ],
15 silly audit   '@types/node': [ '20.19.23' ],
15 silly audit   '@types/prop-types': [ '15.7.15' ],
15 silly audit   '@types/react': [ '18.3.26' ],
15 silly audit   '@types/react-daum-postcode': [ '1.3.4' ],
15 silly audit   '@types/react-dom': [ '18.3.7' ],
15 silly audit   '@typescript-eslint/eslint-plugin': [ '8.46.2' ],
15 silly audit   ignore: [ '7.0.5', '5.3.2' ],
15 silly audit   '@typescript-eslint/parser': [ '8.46.2' ],
15 silly audit   '@typescript-eslint/project-service': [ '8.46.2' ],
15 silly audit   '@typescript-eslint/scope-manager': [ '8.46.2' ],
15 silly audit   '@typescript-eslint/tsconfig-utils': [ '8.46.2' ],
15 silly audit   '@typescript-eslint/type-utils': [ '8.46.2' ],
15 silly audit   '@typescript-eslint/types': [ '8.46.2' ],
15 silly audit   '@typescript-eslint/typescript-estree': [ '8.46.2' ],
15 silly audit   'brace-expansion': [ '2.0.2', '1.1.12' ],
15 silly audit   minimatch: [ '9.0.5', '3.1.2' ],
15 silly audit   '@typescript-eslint/utils': [ '8.46.2' ],
15 silly audit   '@typescript-eslint/visitor-keys': [ '8.46.2' ],
15 silly audit   'eslint-visitor-keys': [ '4.2.1', '3.4.3' ],
15 silly audit   '@ungap/structured-clone': [ '1.3.0' ],
15 silly audit   '@unrs/resolver-binding-android-arm-eabi': [ '1.11.1' ],
15 silly audit   '@unrs/resolver-binding-android-arm64': [ '1.11.1' ],
15 silly audit   '@unrs/resolver-binding-darwin-arm64': [ '1.11.1' ],
15 silly audit   '@unrs/resolver-binding-darwin-x64': [ '1.11.1' ],
15 silly audit   '@unrs/resolver-binding-freebsd-x64': [ '1.11.1' ],
15 silly audit   '@unrs/resolver-binding-linux-arm-gnueabihf': [ '1.11.1' ],
15 silly audit   '@unrs/resolver-binding-linux-arm-musleabihf': [ '1.11.1' ],
15 silly audit   '@unrs/resolver-binding-linux-arm64-gnu': [ '1.11.1' ],
15 silly audit   '@unrs/resolver-binding-linux-arm64-musl': [ '1.11.1' ],
15 silly audit   '@unrs/resolver-binding-linux-ppc64-gnu': [ '1.11.1' ],
15 silly audit   '@unrs/resolver-binding-linux-riscv64-gnu': [ '1.11.1' ],
15 silly audit   '@unrs/resolver-binding-linux-riscv64-musl': [ '1.11.1' ],
15 silly audit   '@unrs/resolver-binding-linux-s390x-gnu': [ '1.11.1' ],
15 silly audit   '@unrs/resolver-binding-linux-x64-gnu': [ '1.11.1' ],
15 silly audit   '@unrs/resolver-binding-linux-x64-musl': [ '1.11.1' ],
15 silly audit   '@unrs/resolver-binding-wasm32-wasi': [ '1.11.1' ],
15 silly audit   '@unrs/resolver-binding-win32-arm64-msvc': [ '1.11.1' ],
15 silly audit   '@unrs/resolver-binding-win32-ia32-msvc': [ '1.11.1' ],
15 silly audit   '@unrs/resolver-binding-win32-x64-msvc': [ '1.11.1' ],
15 silly audit   '@wry/caches': [ '1.0.1' ],
15 silly audit   '@wry/context': [ '0.7.4' ],
15 silly audit   '@wry/equality': [ '0.5.7' ],
15 silly audit   '@wry/trie': [ '0.5.0' ],
15 silly audit   acorn: [ '8.15.0' ],
15 silly audit   'acorn-jsx': [ '5.3.2' ],
15 silly audit   ajv: [ '6.12.6' ],
15 silly audit   'ansi-styles': [ '4.3.0', '6.2.3' ],
15 silly audit   'any-promise': [ '1.3.0' ],
15 silly audit   anymatch: [ '3.1.3' ],
15 silly audit   'apollo-upload-client': [ '19.0.0' ],
15 silly audit   arg: [ '5.0.2' ],
15 silly audit   argparse: [ '2.0.1' ],
15 silly audit   'aria-query': [ '5.3.2' ],
15 silly audit   'array-buffer-byte-length': [ '1.0.2' ],
15 silly audit   'array-includes': [ '3.1.9' ],
15 silly audit   'array.prototype.findlast': [ '1.2.5' ],
15 silly audit   'array.prototype.findlastindex': [ '1.2.6' ],
15 silly audit   'array.prototype.flat': [ '1.3.3' ],
15 silly audit   'array.prototype.flatmap': [ '1.3.3' ],
15 silly audit   'array.prototype.tosorted': [ '1.1.4' ],
15 silly audit   'arraybuffer.prototype.slice': [ '1.0.4' ],
15 silly audit   'ast-types-flow': [ '0.0.8' ],
15 silly audit   'async-function': [ '1.0.0' ],
15 silly audit   'available-typed-arrays': [ '1.0.7' ],
15 silly audit   'axe-core': [ '4.11.0' ],
15 silly audit   'axobject-query': [ '4.1.0' ],
15 silly audit   'balanced-match': [ '1.0.2' ],
15 silly audit   'binary-extensions': [ '2.3.0' ],
15 silly audit   braces: [ '3.0.3' ],
15 silly audit   busboy: [ '1.6.0' ],
15 silly audit   'call-bind': [ '1.0.8' ],
15 silly audit   'call-bind-apply-helpers': [ '1.0.2' ],
15 silly audit   'call-bound': [ '1.0.4' ],
15 silly audit   callsites: [ '3.1.0' ],
15 silly audit   'camelcase-css': [ '2.0.1' ],
15 silly audit   'caniuse-lite': [ '1.0.30001751' ],
15 silly audit   chalk: [ '4.1.2' ],
15 silly audit   chokidar: [ '3.6.0' ],
15 silly audit   'glob-parent': [ '5.1.2', '6.0.2' ],
15 silly audit   'client-only': [ '0.0.1' ],
15 silly audit   'color-convert': [ '2.0.1' ],
15 silly audit   'color-name': [ '1.1.4' ],
15 silly audit   commander: [ '4.1.1' ],
15 silly audit   'concat-map': [ '0.0.1' ],
15 silly audit   'cross-spawn': [ '7.0.6' ],
15 silly audit   cssesc: [ '3.0.0' ],
15 silly audit   csstype: [ '3.1.3' ],
15 silly audit   'damerau-levenshtein': [ '1.0.8' ],
15 silly audit   'data-view-buffer': [ '1.0.2' ],
15 silly audit   'data-view-byte-length': [ '1.0.2' ],
15 silly audit   'data-view-byte-offset': [ '1.0.1' ],
15 silly audit   debug: [ '4.4.3', '3.2.7' ],
15 silly audit   'deep-is': [ '0.1.4' ],
15 silly audit   'define-data-property': [ '1.1.4' ],
15 silly audit   'define-properties': [ '1.2.1' ],
15 silly audit   didyoumean: [ '1.2.2' ],
15 silly audit   dlv: [ '1.1.3' ],
15 silly audit   doctrine: [ '3.0.0', '2.1.0' ],
15 silly audit   'dunder-proto': [ '1.0.1' ],
15 silly audit   eastasianwidth: [ '0.2.0' ],
15 silly audit   'emoji-regex': [ '9.2.2', '8.0.0' ],
15 silly audit   'es-abstract': [ '1.24.0' ],
15 silly audit   'es-define-property': [ '1.0.1' ],
15 silly audit   'es-errors': [ '1.3.0' ],
15 silly audit   'es-iterator-helpers': [ '1.2.1' ],
15 silly audit   'es-object-atoms': [ '1.1.1' ],
15 silly audit   'es-set-tostringtag': [ '2.1.0' ],
15 silly audit   'es-shim-unscopables': [ '1.1.0' ],
15 silly audit   'es-to-primitive': [ '1.3.0' ],
15 silly audit   'escape-string-regexp': [ '4.0.0' ],
15 silly audit   eslint: [ '8.57.1' ],
15 silly audit   'eslint-config-next': [ '14.2.32' ],
15 silly audit   'eslint-import-resolver-node': [ '0.3.9' ],
15 silly audit   'eslint-import-resolver-typescript': [ '3.10.1' ],
15 silly audit   'eslint-module-utils': [ '2.12.1' ],
15 silly audit   'eslint-plugin-import': [ '2.32.0' ],
15 silly audit   semver: [ '6.3.1', '7.7.3' ],
15 silly audit   'eslint-plugin-jsx-a11y': [ '6.10.2' ],
15 silly audit   'eslint-plugin-react': [ '7.37.5' ],
15 silly audit   'eslint-plugin-react-hooks': [ '5.0.0-canary-7118f5dd7-20230705' ],
15 silly audit   resolve: [ '2.0.0-next.5', '1.22.11' ],
15 silly audit   'eslint-scope': [ '7.2.2' ],
15 silly audit   espree: [ '9.6.1' ],
15 silly audit   esquery: [ '1.6.0' ],
15 silly audit   esrecurse: [ '4.3.0' ],
15 silly audit   estraverse: [ '5.3.0' ],
15 silly audit   esutils: [ '2.0.3' ],
15 silly audit   'extract-files': [ '13.0.0' ],
15 silly audit   'fast-deep-equal': [ '3.1.3' ],
15 silly audit   'fast-glob': [ '3.3.3' ],
15 silly audit   'fast-json-stable-stringify': [ '2.1.0' ],
15 silly audit   'fast-levenshtein': [ '2.0.6' ],
15 silly audit   fastq: [ '1.19.1' ],
15 silly audit   'file-entry-cache': [ '6.0.1' ],
15 silly audit   'fill-range': [ '7.1.1' ],
15 silly audit   'find-up': [ '5.0.0' ],
15 silly audit   'flat-cache': [ '3.2.0' ],
15 silly audit   flatted: [ '3.3.3' ],
15 silly audit   'for-each': [ '0.3.5' ],
15 silly audit   'foreground-child': [ '3.3.1' ],
15 silly audit   'fs.realpath': [ '1.0.0' ],
15 silly audit   fsevents: [ '2.3.3' ],
15 silly audit   'function-bind': [ '1.1.2' ],
15 silly audit   'function.prototype.name': [ '1.1.8' ],
15 silly audit   'functions-have-names': [ '1.2.3' ],
15 silly audit   'generator-function': [ '2.0.1' ],
15 silly audit   'get-intrinsic': [ '1.3.0' ],
15 silly audit   'get-proto': [ '1.0.1' ],
15 silly audit   'get-symbol-description': [ '1.1.0' ],
15 silly audit   'get-tsconfig': [ '4.12.0' ],
15 silly audit   glob: [ '10.3.10', '7.2.3' ],
15 silly audit   globals: [ '13.24.0' ],
15 silly audit   globalthis: [ '1.0.4' ],
15 silly audit   gopd: [ '1.2.0' ],
15 silly audit   'graceful-fs': [ '4.2.11' ],
15 silly audit   graphemer: [ '1.4.0' ],
15 silly audit   graphql: [ '16.11.0' ],
15 silly audit   'graphql-tag': [ '2.12.6' ],
15 silly audit   'has-bigints': [ '1.1.0' ],
15 silly audit   'has-flag': [ '4.0.0' ],
15 silly audit   'has-property-descriptors': [ '1.0.2' ],
15 silly audit   'has-proto': [ '1.2.0' ],
15 silly audit   'has-symbols': [ '1.1.0' ],
15 silly audit   'has-tostringtag': [ '1.0.2' ],
15 silly audit   hasown: [ '2.0.2' ],
15 silly audit   'import-fresh': [ '3.3.1' ],
15 silly audit   imurmurhash: [ '0.1.4' ],
15 silly audit   inflight: [ '1.0.6' ],
15 silly audit   inherits: [ '2.0.4' ],
15 silly audit   'internal-slot': [ '1.1.0' ],
15 silly audit   'is-array-buffer': [ '3.0.5' ],
15 silly audit   'is-async-function': [ '2.1.1' ],
15 silly audit   'is-bigint': [ '1.1.0' ],
15 silly audit   'is-binary-path': [ '2.1.0' ],
15 silly audit   'is-boolean-object': [ '1.2.2' ],
15 silly audit   'is-bun-module': [ '2.0.0' ],
15 silly audit   'is-callable': [ '1.2.7' ],
15 silly audit   'is-core-module': [ '2.16.1' ],
15 silly audit   'is-data-view': [ '1.0.2' ],
15 silly audit   'is-date-object': [ '1.1.0' ],
15 silly audit   'is-extglob': [ '2.1.1' ],
15 silly audit   'is-finalizationregistry': [ '1.1.1' ],
15 silly audit   'is-fullwidth-code-point': [ '3.0.0' ],
15 silly audit   'is-generator-function': [ '1.1.2' ],
15 silly audit   'is-glob': [ '4.0.3' ],
15 silly audit   'is-map': [ '2.0.3' ],
15 silly audit   'is-negative-zero': [ '2.0.3' ],
15 silly audit   'is-number': [ '7.0.0' ],
15 silly audit   'is-number-object': [ '1.1.1' ],
15 silly audit   'is-path-inside': [ '3.0.3' ],
15 silly audit   'is-plain-obj': [ '4.1.0' ],
15 silly audit   'is-regex': [ '1.2.1' ],
15 silly audit   'is-set': [ '2.0.3' ],
15 silly audit   'is-shared-array-buffer': [ '1.0.4' ],
15 silly audit   'is-string': [ '1.1.1' ],
15 silly audit   'is-symbol': [ '1.1.1' ],
15 silly audit   'is-typed-array': [ '1.1.15' ],
15 silly audit   'is-weakmap': [ '2.0.2' ],
15 silly audit   'is-weakref': [ '1.1.1' ],
15 silly audit   'is-weakset': [ '2.0.4' ],
15 silly audit   isarray: [ '2.0.5' ],
15 silly audit   isexe: [ '2.0.0' ],
15 silly audit   'iterator.prototype': [ '1.1.5' ],
15 silly audit   jackspeak: [ '2.3.6' ],
15 silly audit   jiti: [ '1.21.7' ],
15 silly audit   'js-tokens': [ '4.0.0' ],
15 silly audit   'js-yaml': [ '4.1.0' ],
15 silly audit   'json-buffer': [ '3.0.1' ],
15 silly audit   'json-schema-traverse': [ '0.4.1' ],
15 silly audit   'json-stable-stringify-without-jsonify': [ '1.0.1' ],
15 silly audit   json5: [ '1.0.2' ],
15 silly audit   'jsx-ast-utils': [ '3.3.5' ],
15 silly audit   keyv: [ '4.5.4' ],
15 silly audit   'language-subtag-registry': [ '0.3.23' ],
15 silly audit   'language-tags': [ '1.0.9' ],
15 silly audit   levn: [ '0.4.1' ],
15 silly audit   lilconfig: [ '3.1.3' ],
15 silly audit   'lines-and-columns': [ '1.2.4' ],
15 silly audit   'locate-path': [ '6.0.0' ],
15 silly audit   'lodash.merge': [ '4.6.2' ],
15 silly audit   'loose-envify': [ '1.4.0' ],
15 silly audit   'lru-cache': [ '10.4.3' ],
15 silly audit   'math-intrinsics': [ '1.1.0' ],
15 silly audit   merge2: [ '1.4.1' ],
15 silly audit   micromatch: [ '4.0.8' ],
15 silly audit   minimist: [ '1.2.8' ],
15 silly audit   minipass: [ '7.1.2' ],
15 silly audit   ms: [ '2.1.3' ],
15 silly audit   mz: [ '2.7.0' ],
15 silly audit   nanoid: [ '3.3.11' ],
15 silly audit   'napi-postinstall': [ '0.3.4' ],
15 silly audit   'natural-compare': [ '1.4.0' ],
15 silly audit   next: [ '14.2.32' ],
15 silly audit   postcss: [ '8.4.31', '8.5.6' ],
15 silly audit   'normalize-path': [ '3.0.0' ],
15 silly audit   'object-assign': [ '4.1.1' ],
15 silly audit   'object-hash': [ '3.0.0' ],
15 silly audit   'object-inspect': [ '1.13.4' ],
15 silly audit   'object-keys': [ '1.1.1' ],
15 silly audit   'object.assign': [ '4.1.7' ],
15 silly audit   'object.entries': [ '1.1.9' ],
15 silly audit   'object.fromentries': [ '2.0.8' ],
15 silly audit   'object.groupby': [ '1.0.3' ],
15 silly audit   'object.values': [ '1.2.1' ],
15 silly audit   once: [ '1.4.0' ],
15 silly audit   optimism: [ '0.18.1' ],
15 silly audit   optionator: [ '0.9.4' ],
15 silly audit   'own-keys': [ '1.0.1' ],
15 silly audit   'p-limit': [ '3.1.0' ],
15 silly audit   'p-locate': [ '5.0.0' ],
15 silly audit   'parent-module': [ '1.0.1' ],
15 silly audit   'path-exists': [ '4.0.0' ],
15 silly audit   'path-is-absolute': [ '1.0.1' ],
15 silly audit   'path-key': [ '3.1.1' ],
15 silly audit   'path-parse': [ '1.0.7' ],
15 silly audit   'path-scurry': [ '1.11.1' ],
15 silly audit   picocolors: [ '1.1.1' ],
15 silly audit   picomatch: [ '2.3.1', '4.0.3' ],
15 silly audit   pify: [ '2.3.0' ],
15 silly audit   pirates: [ '4.0.7' ],
15 silly audit   'possible-typed-array-names': [ '1.1.0' ],
15 silly audit   'postcss-import': [ '15.1.0' ],
15 silly audit   'postcss-js': [ '4.1.0' ],
15 silly audit   'postcss-load-config': [ '6.0.1' ],
15 silly audit   'postcss-nested': [ '6.2.0' ],
15 silly audit   'postcss-selector-parser': [ '6.1.2' ],
15 silly audit   'postcss-value-parser': [ '4.2.0' ],
15 silly audit   'prelude-ls': [ '1.2.1' ],
15 silly audit   'prop-types': [ '15.8.1' ],
15 silly audit   punycode: [ '2.3.1' ],
15 silly audit   'queue-microtask': [ '1.2.3' ],
15 silly audit   react: [ '18.3.1' ],
15 silly audit   'react-daum-postcode': [ '3.2.0' ],
15 silly audit   'react-dom': [ '18.3.1' ],
15 silly audit   'react-hook-form': [ '7.65.0' ],
15 silly audit   'react-is': [ '16.13.1' ],
15 silly audit   'read-cache': [ '1.0.0' ],
15 silly audit   readdirp: [ '3.6.0' ],
15 silly audit   'reflect.getprototypeof': [ '1.0.10' ],
15 silly audit   'regexp.prototype.flags': [ '1.5.4' ],
15 silly audit   'resolve-from': [ '4.0.0' ],
15 silly audit   'resolve-pkg-maps': [ '1.0.0' ],
15 silly audit   reusify: [ '1.1.0' ],
15 silly audit   rimraf: [ '3.0.2' ],
15 silly audit   'run-parallel': [ '1.2.0' ],
15 silly audit   rxjs: [ '7.8.2' ],
15 silly audit   'safe-array-concat': [ '1.1.3' ],
15 silly audit   'safe-push-apply': [ '1.0.0' ],
15 silly audit   'safe-regex-test': [ '1.1.0' ],
15 silly audit   scheduler: [ '0.23.2' ],
15 silly audit   'set-function-length': [ '1.2.2' ],
15 silly audit   'set-function-name': [ '2.0.2' ],
15 silly audit   'set-proto': [ '1.0.0' ],
15 silly audit   'shebang-command': [ '2.0.0' ],
15 silly audit   'shebang-regex': [ '3.0.0' ],
15 silly audit   'side-channel': [ '1.1.0' ],
15 silly audit   'side-channel-list': [ '1.0.0' ],
15 silly audit   'side-channel-map': [ '1.0.1' ],
15 silly audit   'side-channel-weakmap': [ '1.0.2' ],
15 silly audit   'signal-exit': [ '4.1.0' ],
15 silly audit   'source-map-js': [ '1.2.1' ],
15 silly audit   'stable-hash': [ '0.0.5' ],
15 silly audit   'stop-iteration-iterator': [ '1.1.0' ],
15 silly audit   streamsearch: [ '1.1.0' ],
15 silly audit   'string-width': [ '5.1.2', '4.2.3' ],
15 silly audit   'string.prototype.includes': [ '2.0.1' ],
15 silly audit   'string.prototype.matchall': [ '4.0.12' ],
15 silly audit   'string.prototype.repeat': [ '1.0.0' ],
15 silly audit   'string.prototype.trim': [ '1.2.10' ],
15 silly audit   'string.prototype.trimend': [ '1.0.9' ],
15 silly audit   'string.prototype.trimstart': [ '1.0.8' ],
15 silly audit   'strip-bom': [ '3.0.0' ],
15 silly audit   'strip-json-comments': [ '3.1.1' ],
15 silly audit   'styled-jsx': [ '5.1.1' ],
15 silly audit   sucrase: [ '3.35.0' ],
15 silly audit   'supports-color': [ '7.2.0' ],
15 silly audit   'supports-preserve-symlinks-flag': [ '1.0.0' ],
15 silly audit   tailwindcss: [ '3.4.18' ],
15 silly audit   'text-table': [ '0.2.0' ],
15 silly audit   thenify: [ '3.3.1' ],
15 silly audit   'thenify-all': [ '1.6.0' ],
15 silly audit   tinyglobby: [ '0.2.15' ],
15 silly audit   fdir: [ '6.5.0' ],
15 silly audit   'to-regex-range': [ '5.0.1' ],
15 silly audit   'ts-api-utils': [ '2.1.0' ],
15 silly audit   'ts-interface-checker': [ '0.1.13' ],
15 silly audit   'tsconfig-paths': [ '3.15.0' ],
15 silly audit   tslib: [ '2.8.1' ],
15 silly audit   'type-check': [ '0.4.0' ],
15 silly audit   'type-fest': [ '0.20.2' ],
15 silly audit   'typed-array-buffer': [ '1.0.3' ],
15 silly audit   'typed-array-byte-length': [ '1.0.3' ],
15 silly audit   'typed-array-byte-offset': [ '1.0.4' ],
15 silly audit   'typed-array-length': [ '1.0.7' ],
15 silly audit   typescript: [ '5.9.3' ],
15 silly audit   'unbox-primitive': [ '1.1.0' ],
15 silly audit   'undici-types': [ '6.21.0' ],
15 silly audit   'unrs-resolver': [ '1.11.1' ],
15 silly audit   'uri-js': [ '4.4.1' ],
15 silly audit   'util-deprecate': [ '1.0.2' ],
15 silly audit   which: [ '2.0.2' ],
15 silly audit   'which-boxed-primitive': [ '1.1.1' ],
15 silly audit   'which-builtin-type': [ '1.2.1' ],
15 silly audit   'which-collection': [ '1.0.2' ],
15 silly audit   'which-typed-array': [ '1.1.19' ],
15 silly audit   'word-wrap': [ '1.2.5' ],
15 silly audit   'wrap-ansi': [ '8.1.0', '7.0.0' ],
15 silly audit   wrappy: [ '1.0.2' ],
15 silly audit   'yocto-queue': [ '0.1.0' ],
15 silly audit   zod: [ '4.1.12' ]
15 silly audit }
16 verbose reify failed optional dependency /Users/sohee/Documents/triptalk/node_modules/@unrs/resolver-binding-win32-x64-msvc
17 silly reify mark deleted [
17 silly reify   '/Users/sohee/Documents/triptalk/node_modules/@unrs/resolver-binding-win32-x64-msvc'
17 silly reify ]
18 verbose reify failed optional dependency /Users/sohee/Documents/triptalk/node_modules/@unrs/resolver-binding-win32-ia32-msvc
19 silly reify mark deleted [
19 silly reify   '/Users/sohee/Documents/triptalk/node_modules/@unrs/resolver-binding-win32-ia32-msvc'
19 silly reify ]
20 verbose reify failed optional dependency /Users/sohee/Documents/triptalk/node_modules/@unrs/resolver-binding-win32-arm64-msvc
21 silly reify mark deleted [
21 silly reify   '/Users/sohee/Documents/triptalk/node_modules/@unrs/resolver-binding-win32-arm64-msvc'
21 silly reify ]
22 verbose reify failed optional dependency /Users/sohee/Documents/triptalk/node_modules/@unrs/resolver-binding-wasm32-wasi
23 silly reify mark deleted [
23 silly reify   '/Users/sohee/Documents/triptalk/node_modules/@unrs/resolver-binding-wasm32-wasi'
23 silly reify ]
24 verbose reify failed optional dependency /Users/sohee/Documents/triptalk/node_modules/@napi-rs/wasm-runtime
25 silly reify mark deleted [
25 silly reify   '/Users/sohee/Documents/triptalk/node_modules/@napi-rs/wasm-runtime'
25 silly reify ]
26 verbose reify failed optional dependency /Users/sohee/Documents/triptalk/node_modules/@emnapi/core
27 silly reify mark deleted [ '/Users/sohee/Documents/triptalk/node_modules/@emnapi/core' ]
28 verbose reify failed optional dependency /Users/sohee/Documents/triptalk/node_modules/@emnapi/runtime
29 silly reify mark deleted [ '/Users/sohee/Documents/triptalk/node_modules/@emnapi/runtime' ]
30 verbose reify failed optional dependency /Users/sohee/Documents/triptalk/node_modules/@tybys/wasm-util
31 silly reify mark deleted [ '/Users/sohee/Documents/triptalk/node_modules/@tybys/wasm-util' ]
32 verbose reify failed optional dependency /Users/sohee/Documents/triptalk/node_modules/@emnapi/wasi-threads
33 silly reify mark deleted [ '/Users/sohee/Documents/triptalk/node_modules/@emnapi/wasi-threads' ]
34 verbose reify failed optional dependency /Users/sohee/Documents/triptalk/node_modules/@unrs/resolver-binding-linux-x64-musl
35 silly reify mark deleted [
35 silly reify   '/Users/sohee/Documents/triptalk/node_modules/@unrs/resolver-binding-linux-x64-musl'
35 silly reify ]
36 verbose reify failed optional dependency /Users/sohee/Documents/triptalk/node_modules/@unrs/resolver-binding-linux-x64-gnu
37 silly reify mark deleted [
37 silly reify   '/Users/sohee/Documents/triptalk/node_modules/@unrs/resolver-binding-linux-x64-gnu'
37 silly reify ]
38 verbose reify failed optional dependency /Users/sohee/Documents/triptalk/node_modules/@unrs/resolver-binding-linux-s390x-gnu
39 silly reify mark deleted [
39 silly reify   '/Users/sohee/Documents/triptalk/node_modules/@unrs/resolver-binding-linux-s390x-gnu'
39 silly reify ]
40 verbose reify failed optional dependency /Users/sohee/Documents/triptalk/node_modules/@unrs/resolver-binding-linux-riscv64-musl
41 silly reify mark deleted [
41 silly reify   '/Users/sohee/Documents/triptalk/node_modules/@unrs/resolver-binding-linux-riscv64-musl'
41 silly reify ]
42 verbose reify failed optional dependency /Users/sohee/Documents/triptalk/node_modules/@unrs/resolver-binding-linux-riscv64-gnu
43 silly reify mark deleted [
43 silly reify   '/Users/sohee/Documents/triptalk/node_modules/@unrs/resolver-binding-linux-riscv64-gnu'
43 silly reify ]
44 verbose reify failed optional dependency /Users/sohee/Documents/triptalk/node_modules/@unrs/resolver-binding-linux-ppc64-gnu
45 silly reify mark deleted [
45 silly reify   '/Users/sohee/Documents/triptalk/node_modules/@unrs/resolver-binding-linux-ppc64-gnu'
45 silly reify ]
46 verbose reify failed optional dependency /Users/sohee/Documents/triptalk/node_modules/@unrs/resolver-binding-linux-arm64-musl
47 silly reify mark deleted [
47 silly reify   '/Users/sohee/Documents/triptalk/node_modules/@unrs/resolver-binding-linux-arm64-musl'
47 silly reify ]
48 verbose reify failed optional dependency /Users/sohee/Documents/triptalk/node_modules/@unrs/resolver-binding-linux-arm64-gnu
49 silly reify mark deleted [
49 silly reify   '/Users/sohee/Documents/triptalk/node_modules/@unrs/resolver-binding-linux-arm64-gnu'
49 silly reify ]
50 verbose reify failed optional dependency /Users/sohee/Documents/triptalk/node_modules/@unrs/resolver-binding-linux-arm-musleabihf
51 silly reify mark deleted [
51 silly reify   '/Users/sohee/Documents/triptalk/node_modules/@unrs/resolver-binding-linux-arm-musleabihf'
51 silly reify ]
52 verbose reify failed optional dependency /Users/sohee/Documents/triptalk/node_modules/@unrs/resolver-binding-linux-arm-gnueabihf
53 silly reify mark deleted [
53 silly reify   '/Users/sohee/Documents/triptalk/node_modules/@unrs/resolver-binding-linux-arm-gnueabihf'
53 silly reify ]
54 verbose reify failed optional dependency /Users/sohee/Documents/triptalk/node_modules/@unrs/resolver-binding-freebsd-x64
55 silly reify mark deleted [
55 silly reify   '/Users/sohee/Documents/triptalk/node_modules/@unrs/resolver-binding-freebsd-x64'
55 silly reify ]
56 verbose reify failed optional dependency /Users/sohee/Documents/triptalk/node_modules/@unrs/resolver-binding-darwin-x64
57 silly reify mark deleted [
57 silly reify   '/Users/sohee/Documents/triptalk/node_modules/@unrs/resolver-binding-darwin-x64'
57 silly reify ]
58 verbose reify failed optional dependency /Users/sohee/Documents/triptalk/node_modules/@unrs/resolver-binding-android-arm64
59 silly reify mark deleted [
59 silly reify   '/Users/sohee/Documents/triptalk/node_modules/@unrs/resolver-binding-android-arm64'
59 silly reify ]
60 verbose reify failed optional dependency /Users/sohee/Documents/triptalk/node_modules/@unrs/resolver-binding-android-arm-eabi
61 silly reify mark deleted [
61 silly reify   '/Users/sohee/Documents/triptalk/node_modules/@unrs/resolver-binding-android-arm-eabi'
61 silly reify ]
62 verbose reify failed optional dependency /Users/sohee/Documents/triptalk/node_modules/@next/swc-win32-x64-msvc
63 silly reify mark deleted [
63 silly reify   '/Users/sohee/Documents/triptalk/node_modules/@next/swc-win32-x64-msvc'
63 silly reify ]
64 verbose reify failed optional dependency /Users/sohee/Documents/triptalk/node_modules/@next/swc-win32-ia32-msvc
65 silly reify mark deleted [
65 silly reify   '/Users/sohee/Documents/triptalk/node_modules/@next/swc-win32-ia32-msvc'
65 silly reify ]
66 verbose reify failed optional dependency /Users/sohee/Documents/triptalk/node_modules/@next/swc-win32-arm64-msvc
67 silly reify mark deleted [
67 silly reify   '/Users/sohee/Documents/triptalk/node_modules/@next/swc-win32-arm64-msvc'
67 silly reify ]
68 verbose reify failed optional dependency /Users/sohee/Documents/triptalk/node_modules/@next/swc-linux-x64-musl
69 silly reify mark deleted [
69 silly reify   '/Users/sohee/Documents/triptalk/node_modules/@next/swc-linux-x64-musl'
69 silly reify ]
70 verbose reify failed optional dependency /Users/sohee/Documents/triptalk/node_modules/@next/swc-linux-x64-gnu
71 silly reify mark deleted [
71 silly reify   '/Users/sohee/Documents/triptalk/node_modules/@next/swc-linux-x64-gnu'
71 silly reify ]
72 verbose reify failed optional dependency /Users/sohee/Documents/triptalk/node_modules/@next/swc-linux-arm64-musl
73 silly reify mark deleted [
73 silly reify   '/Users/sohee/Documents/triptalk/node_modules/@next/swc-linux-arm64-musl'
73 silly reify ]
74 verbose reify failed optional dependency /Users/sohee/Documents/triptalk/node_modules/@next/swc-linux-arm64-gnu
75 silly reify mark deleted [
75 silly reify   '/Users/sohee/Documents/triptalk/node_modules/@next/swc-linux-arm64-gnu'
75 silly reify ]
76 verbose reify failed optional dependency /Users/sohee/Documents/triptalk/node_modules/@next/swc-darwin-x64
77 silly reify mark deleted [ '/Users/sohee/Documents/triptalk/node_modules/@next/swc-darwin-x64' ]
78 silly audit bulk request failed undefined
79 verbose audit error FetchError: request to https://registry.npmjs.org/-/npm/v1/security/audits/quick failed, reason: getaddrinfo ENOTFOUND registry.npmjs.org
79 verbose audit error     at ClientRequest.<anonymous> (/usr/local/lib/node_modules/npm/node_modules/minipass-fetch/lib/index.js:130:14)
79 verbose audit error     at ClientRequest.emit (node:events:519:28)
79 verbose audit error     at emitErrorEvent (node:_http_client:105:11)
79 verbose audit error     at _destroy (node:_http_client:898:9)
79 verbose audit error     at onSocketNT (node:_http_client:918:5)
79 verbose audit error     at process.processTicksAndRejections (node:internal/process/task_queues:91:21) {
79 verbose audit error   code: 'ENOTFOUND',
79 verbose audit error   errno: 'ENOTFOUND',
79 verbose audit error   syscall: 'getaddrinfo',
79 verbose audit error   hostname: 'registry.npmjs.org',
79 verbose audit error   type: 'system'
79 verbose audit error }
80 silly audit error undefined
81 silly audit report null
82 http cache zod@https://registry.npmjs.org/zod/-/zod-4.1.12.tgz 0ms (cache hit)
83 http cache yocto-queue@https://registry.npmjs.org/yocto-queue/-/yocto-queue-0.1.0.tgz 0ms (cache hit)
84 http cache wrappy@https://registry.npmjs.org/wrappy/-/wrappy-1.0.2.tgz 0ms (cache hit)
85 http cache wrap-ansi@https://registry.npmjs.org/wrap-ansi/-/wrap-ansi-8.1.0.tgz 0ms (cache hit)
86 http cache word-wrap@https://registry.npmjs.org/word-wrap/-/word-wrap-1.2.5.tgz 0ms (cache hit)
87 http cache wrap-ansi-cjs@https://registry.npmjs.org/wrap-ansi/-/wrap-ansi-7.0.0.tgz 0ms (cache hit)
88 http cache which-typed-array@https://registry.npmjs.org/which-typed-array/-/which-typed-array-1.1.19.tgz 0ms (cache hit)
89 http cache which-builtin-type@https://registry.npmjs.org/which-builtin-type/-/which-builtin-type-1.2.1.tgz 0ms (cache hit)
90 http cache which-collection@https://registry.npmjs.org/which-collection/-/which-collection-1.0.2.tgz 0ms (cache hit)
91 http cache which-boxed-primitive@https://registry.npmjs.org/which-boxed-primitive/-/which-boxed-primitive-1.1.1.tgz 0ms (cache hit)
92 http cache which@https://registry.npmjs.org/which/-/which-2.0.2.tgz 1ms (cache hit)
93 http cache util-deprecate@https://registry.npmjs.org/util-deprecate/-/util-deprecate-1.0.2.tgz 0ms (cache hit)
94 http cache uri-js@https://registry.npmjs.org/uri-js/-/uri-js-4.4.1.tgz 0ms (cache hit)
95 http cache unrs-resolver@https://registry.npmjs.org/unrs-resolver/-/unrs-resolver-1.11.1.tgz 0ms (cache hit)
96 http cache unbox-primitive@https://registry.npmjs.org/unbox-primitive/-/unbox-primitive-1.1.0.tgz 0ms (cache hit)
97 http cache typescript@https://registry.npmjs.org/typescript/-/typescript-5.9.3.tgz 0ms (cache hit)
98 http cache typed-array-length@https://registry.npmjs.org/typed-array-length/-/typed-array-length-1.0.7.tgz 0ms (cache hit)
99 http cache typed-array-byte-offset@https://registry.npmjs.org/typed-array-byte-offset/-/typed-array-byte-offset-1.0.4.tgz 0ms (cache hit)
100 http cache typed-array-byte-length@https://registry.npmjs.org/typed-array-byte-length/-/typed-array-byte-length-1.0.3.tgz 0ms (cache hit)
101 http cache typed-array-buffer@https://registry.npmjs.org/typed-array-buffer/-/typed-array-buffer-1.0.3.tgz 0ms (cache hit)
102 http cache type-check@https://registry.npmjs.org/type-check/-/type-check-0.4.0.tgz 0ms (cache hit)
103 http cache type-fest@https://registry.npmjs.org/type-fest/-/type-fest-0.20.2.tgz 0ms (cache hit)
104 http cache tslib@https://registry.npmjs.org/tslib/-/tslib-2.8.1.tgz 0ms (cache hit)
105 http cache tsconfig-paths@https://registry.npmjs.org/tsconfig-paths/-/tsconfig-paths-3.15.0.tgz 0ms (cache hit)
106 http cache ts-interface-checker@https://registry.npmjs.org/ts-interface-checker/-/ts-interface-checker-0.1.13.tgz 0ms (cache hit)
107 http cache ts-api-utils@https://registry.npmjs.org/ts-api-utils/-/ts-api-utils-2.1.0.tgz 0ms (cache hit)
108 http cache to-regex-range@https://registry.npmjs.org/to-regex-range/-/to-regex-range-5.0.1.tgz 0ms (cache hit)
109 http cache tinyglobby@https://registry.npmjs.org/tinyglobby/-/tinyglobby-0.2.15.tgz 0ms (cache hit)
110 http cache thenify-all@https://registry.npmjs.org/thenify-all/-/thenify-all-1.6.0.tgz 0ms (cache hit)
111 http cache thenify@https://registry.npmjs.org/thenify/-/thenify-3.3.1.tgz 0ms (cache hit)
112 http cache tailwindcss@https://registry.npmjs.org/tailwindcss/-/tailwindcss-3.4.18.tgz 0ms (cache hit)
113 http cache supports-preserve-symlinks-flag@https://registry.npmjs.org/supports-preserve-symlinks-flag/-/supports-preserve-symlinks-flag-1.0.0.tgz 0ms (cache hit)
114 http cache text-table@https://registry.npmjs.org/text-table/-/text-table-0.2.0.tgz 0ms (cache hit)
115 http cache supports-color@https://registry.npmjs.org/supports-color/-/supports-color-7.2.0.tgz 0ms (cache hit)
116 http cache sucrase@https://registry.npmjs.org/sucrase/-/sucrase-3.35.0.tgz 0ms (cache hit)
117 http cache styled-jsx@https://registry.npmjs.org/styled-jsx/-/styled-jsx-5.1.1.tgz 0ms (cache hit)
118 http cache strip-json-comments@https://registry.npmjs.org/strip-json-comments/-/strip-json-comments-3.1.1.tgz 0ms (cache hit)
119 http cache strip-bom@https://registry.npmjs.org/strip-bom/-/strip-bom-3.0.0.tgz 0ms (cache hit)
120 http cache strip-ansi-cjs@https://registry.npmjs.org/strip-ansi/-/strip-ansi-6.0.1.tgz 0ms (cache hit)
121 http cache strip-ansi@https://registry.npmjs.org/strip-ansi/-/strip-ansi-6.0.1.tgz 0ms (cache hit)
122 http cache string.prototype.trimstart@https://registry.npmjs.org/string.prototype.trimstart/-/string.prototype.trimstart-1.0.8.tgz 0ms (cache hit)
123 http cache string.prototype.trimend@https://registry.npmjs.org/string.prototype.trimend/-/string.prototype.trimend-1.0.9.tgz 0ms (cache hit)
124 http cache string.prototype.trim@https://registry.npmjs.org/string.prototype.trim/-/string.prototype.trim-1.2.10.tgz 0ms (cache hit)
125 http cache string.prototype.repeat@https://registry.npmjs.org/string.prototype.repeat/-/string.prototype.repeat-1.0.0.tgz 0ms (cache hit)
126 http cache string.prototype.matchall@https://registry.npmjs.org/string.prototype.matchall/-/string.prototype.matchall-4.0.12.tgz 0ms (cache hit)
127 http cache string.prototype.includes@https://registry.npmjs.org/string.prototype.includes/-/string.prototype.includes-2.0.1.tgz 0ms (cache hit)
128 http cache string-width-cjs@https://registry.npmjs.org/string-width/-/string-width-4.2.3.tgz 0ms (cache hit)
129 http cache string-width@https://registry.npmjs.org/string-width/-/string-width-5.1.2.tgz 0ms (cache hit)
130 http cache streamsearch@https://registry.npmjs.org/streamsearch/-/streamsearch-1.1.0.tgz 0ms (cache hit)
131 http cache stop-iteration-iterator@https://registry.npmjs.org/stop-iteration-iterator/-/stop-iteration-iterator-1.1.0.tgz 0ms (cache hit)
132 http cache source-map-js@https://registry.npmjs.org/source-map-js/-/source-map-js-1.2.1.tgz 0ms (cache hit)
133 http cache signal-exit@https://registry.npmjs.org/signal-exit/-/signal-exit-4.1.0.tgz 0ms (cache hit)
134 http cache stable-hash@https://registry.npmjs.org/stable-hash/-/stable-hash-0.0.5.tgz 0ms (cache hit)
135 http cache side-channel-weakmap@https://registry.npmjs.org/side-channel-weakmap/-/side-channel-weakmap-1.0.2.tgz 0ms (cache hit)
136 http cache side-channel-map@https://registry.npmjs.org/side-channel-map/-/side-channel-map-1.0.1.tgz 0ms (cache hit)
137 http cache side-channel-list@https://registry.npmjs.org/side-channel-list/-/side-channel-list-1.0.0.tgz 0ms (cache hit)
138 http cache undici-types@https://registry.npmjs.org/undici-types/-/undici-types-6.21.0.tgz 0ms (cache hit)
139 http cache side-channel@https://registry.npmjs.org/side-channel/-/side-channel-1.1.0.tgz 0ms (cache hit)
140 http cache shebang-command@https://registry.npmjs.org/shebang-command/-/shebang-command-2.0.0.tgz 0ms (cache hit)
141 http cache set-function-name@https://registry.npmjs.org/set-function-name/-/set-function-name-2.0.2.tgz 0ms (cache hit)
142 http cache set-function-length@https://registry.npmjs.org/set-function-length/-/set-function-length-1.2.2.tgz 0ms (cache hit)
143 http cache shebang-regex@https://registry.npmjs.org/shebang-regex/-/shebang-regex-3.0.0.tgz 0ms (cache hit)
144 http cache semver@https://registry.npmjs.org/semver/-/semver-7.7.3.tgz 0ms (cache hit)
145 http cache scheduler@https://registry.npmjs.org/scheduler/-/scheduler-0.23.2.tgz 0ms (cache hit)
146 http cache safe-push-apply@https://registry.npmjs.org/safe-push-apply/-/safe-push-apply-1.0.0.tgz 0ms (cache hit)
147 http cache rxjs@https://registry.npmjs.org/rxjs/-/rxjs-7.8.2.tgz 0ms (cache hit)
148 http cache set-proto@https://registry.npmjs.org/set-proto/-/set-proto-1.0.0.tgz 0ms (cache hit)
149 http cache rimraf@https://registry.npmjs.org/rimraf/-/rimraf-3.0.2.tgz 0ms (cache hit)
150 http cache safe-array-concat@https://registry.npmjs.org/safe-array-concat/-/safe-array-concat-1.1.3.tgz 0ms (cache hit)
151 http cache reusify@https://registry.npmjs.org/reusify/-/reusify-1.1.0.tgz 0ms (cache hit)
152 http cache resolve-pkg-maps@https://registry.npmjs.org/resolve-pkg-maps/-/resolve-pkg-maps-1.0.0.tgz 0ms (cache hit)
153 http cache run-parallel@https://registry.npmjs.org/run-parallel/-/run-parallel-1.2.0.tgz 0ms (cache hit)
154 http cache resolve@https://registry.npmjs.org/resolve/-/resolve-1.22.11.tgz 0ms (cache hit)
155 http cache safe-regex-test@https://registry.npmjs.org/safe-regex-test/-/safe-regex-test-1.1.0.tgz 0ms (cache hit)
156 http cache regexp.prototype.flags@https://registry.npmjs.org/regexp.prototype.flags/-/regexp.prototype.flags-1.5.4.tgz 0ms (cache hit)
157 http cache resolve-from@https://registry.npmjs.org/resolve-from/-/resolve-from-4.0.0.tgz 0ms (cache hit)
158 http cache reflect.getprototypeof@https://registry.npmjs.org/reflect.getprototypeof/-/reflect.getprototypeof-1.0.10.tgz 0ms (cache hit)
159 http cache react-is@https://registry.npmjs.org/react-is/-/react-is-16.13.1.tgz 0ms (cache hit)
160 http cache react-hook-form@https://registry.npmjs.org/react-hook-form/-/react-hook-form-7.65.0.tgz 0ms (cache hit)
161 http cache readdirp@https://registry.npmjs.org/readdirp/-/readdirp-3.6.0.tgz 0ms (cache hit)
162 http cache react-daum-postcode@https://registry.npmjs.org/react-daum-postcode/-/react-daum-postcode-3.2.0.tgz 0ms (cache hit)
163 http cache react-dom@https://registry.npmjs.org/react-dom/-/react-dom-18.3.1.tgz 0ms (cache hit)
164 http cache react@https://registry.npmjs.org/react/-/react-18.3.1.tgz 0ms (cache hit)
165 http cache prop-types@https://registry.npmjs.org/prop-types/-/prop-types-15.8.1.tgz 0ms (cache hit)
166 http cache punycode@https://registry.npmjs.org/punycode/-/punycode-2.3.1.tgz 0ms (cache hit)
167 http cache read-cache@https://registry.npmjs.org/read-cache/-/read-cache-1.0.0.tgz 0ms (cache hit)
168 http cache queue-microtask@https://registry.npmjs.org/queue-microtask/-/queue-microtask-1.2.3.tgz 0ms (cache hit)
169 http cache postcss-value-parser@https://registry.npmjs.org/postcss-value-parser/-/postcss-value-parser-4.2.0.tgz 0ms (cache hit)
170 http cache prelude-ls@https://registry.npmjs.org/prelude-ls/-/prelude-ls-1.2.1.tgz 0ms (cache hit)
171 http cache postcss-nested@https://registry.npmjs.org/postcss-nested/-/postcss-nested-6.2.0.tgz 0ms (cache hit)
172 http cache postcss-load-config@https://registry.npmjs.org/postcss-load-config/-/postcss-load-config-6.0.1.tgz 0ms (cache hit)
173 http cache postcss-js@https://registry.npmjs.org/postcss-js/-/postcss-js-4.1.0.tgz 0ms (cache hit)
174 http cache postcss-import@https://registry.npmjs.org/postcss-import/-/postcss-import-15.1.0.tgz 0ms (cache hit)
175 http cache postcss@https://registry.npmjs.org/postcss/-/postcss-8.5.6.tgz 0ms (cache hit)
176 http cache pirates@https://registry.npmjs.org/pirates/-/pirates-4.0.7.tgz 0ms (cache hit)
177 http cache postcss-selector-parser@https://registry.npmjs.org/postcss-selector-parser/-/postcss-selector-parser-6.1.2.tgz 0ms (cache hit)
178 http cache pify@https://registry.npmjs.org/pify/-/pify-2.3.0.tgz 0ms (cache hit)
179 http cache picomatch@https://registry.npmjs.org/picomatch/-/picomatch-2.3.1.tgz 0ms (cache hit)
180 http cache picocolors@https://registry.npmjs.org/picocolors/-/picocolors-1.1.1.tgz 0ms (cache hit)
181 http cache path-scurry@https://registry.npmjs.org/path-scurry/-/path-scurry-1.11.1.tgz 0ms (cache hit)
182 http cache path-parse@https://registry.npmjs.org/path-parse/-/path-parse-1.0.7.tgz 0ms (cache hit)
183 http cache path-key@https://registry.npmjs.org/path-key/-/path-key-3.1.1.tgz 0ms (cache hit)
184 http cache possible-typed-array-names@https://registry.npmjs.org/possible-typed-array-names/-/possible-typed-array-names-1.1.0.tgz 0ms (cache hit)
185 http cache path-is-absolute@https://registry.npmjs.org/path-is-absolute/-/path-is-absolute-1.0.1.tgz 0ms (cache hit)
186 http cache path-exists@https://registry.npmjs.org/path-exists/-/path-exists-4.0.0.tgz 0ms (cache hit)
187 http cache parent-module@https://registry.npmjs.org/parent-module/-/parent-module-1.0.1.tgz 0ms (cache hit)
188 http cache p-locate@https://registry.npmjs.org/p-locate/-/p-locate-5.0.0.tgz 0ms (cache hit)
189 http cache p-limit@https://registry.npmjs.org/p-limit/-/p-limit-3.1.0.tgz 0ms (cache hit)
190 http cache own-keys@https://registry.npmjs.org/own-keys/-/own-keys-1.0.1.tgz 0ms (cache hit)
191 http cache optionator@https://registry.npmjs.org/optionator/-/optionator-0.9.4.tgz 0ms (cache hit)
192 http cache optimism@https://registry.npmjs.org/optimism/-/optimism-0.18.1.tgz 0ms (cache hit)
193 http cache once@https://registry.npmjs.org/once/-/once-1.4.0.tgz 0ms (cache hit)
194 http cache object.groupby@https://registry.npmjs.org/object.groupby/-/object.groupby-1.0.3.tgz 0ms (cache hit)
195 http cache object.fromentries@https://registry.npmjs.org/object.fromentries/-/object.fromentries-2.0.8.tgz 0ms (cache hit)
196 http cache object.entries@https://registry.npmjs.org/object.entries/-/object.entries-1.1.9.tgz 0ms (cache hit)
197 http cache object-inspect@https://registry.npmjs.org/object-inspect/-/object-inspect-1.13.4.tgz 0ms (cache hit)
198 http cache object-keys@https://registry.npmjs.org/object-keys/-/object-keys-1.1.1.tgz 0ms (cache hit)
199 http cache object.assign@https://registry.npmjs.org/object.assign/-/object.assign-4.1.7.tgz 0ms (cache hit)
200 http cache object-hash@https://registry.npmjs.org/object-hash/-/object-hash-3.0.0.tgz 0ms (cache hit)
201 http cache object-assign@https://registry.npmjs.org/object-assign/-/object-assign-4.1.1.tgz 0ms (cache hit)
202 http cache object.values@https://registry.npmjs.org/object.values/-/object.values-1.2.1.tgz 0ms (cache hit)
203 http cache normalize-path@https://registry.npmjs.org/normalize-path/-/normalize-path-3.0.0.tgz 0ms (cache hit)
204 http cache next@https://registry.npmjs.org/next/-/next-14.2.32.tgz 0ms (cache hit)
205 http cache natural-compare@https://registry.npmjs.org/natural-compare/-/natural-compare-1.4.0.tgz 0ms (cache hit)
206 http cache nanoid@https://registry.npmjs.org/nanoid/-/nanoid-3.3.11.tgz 0ms (cache hit)
207 http cache mz@https://registry.npmjs.org/mz/-/mz-2.7.0.tgz 0ms (cache hit)
208 http cache ms@https://registry.npmjs.org/ms/-/ms-2.1.3.tgz 0ms (cache hit)
209 http cache napi-postinstall@https://registry.npmjs.org/napi-postinstall/-/napi-postinstall-0.3.4.tgz 0ms (cache hit)
210 http cache minimist@https://registry.npmjs.org/minimist/-/minimist-1.2.8.tgz 0ms (cache hit)
211 http cache minipass@https://registry.npmjs.org/minipass/-/minipass-7.1.2.tgz 0ms (cache hit)
212 http cache merge2@https://registry.npmjs.org/merge2/-/merge2-1.4.1.tgz 0ms (cache hit)
213 http cache minimatch@https://registry.npmjs.org/minimatch/-/minimatch-3.1.2.tgz 0ms (cache hit)
214 http cache math-intrinsics@https://registry.npmjs.org/math-intrinsics/-/math-intrinsics-1.1.0.tgz 0ms (cache hit)
215 http cache lru-cache@https://registry.npmjs.org/lru-cache/-/lru-cache-10.4.3.tgz 0ms (cache hit)
216 http cache loose-envify@https://registry.npmjs.org/loose-envify/-/loose-envify-1.4.0.tgz 0ms (cache hit)
217 http cache lodash.merge@https://registry.npmjs.org/lodash.merge/-/lodash.merge-4.6.2.tgz 0ms (cache hit)
218 http cache locate-path@https://registry.npmjs.org/locate-path/-/locate-path-6.0.0.tgz 0ms (cache hit)
219 http cache lines-and-columns@https://registry.npmjs.org/lines-and-columns/-/lines-and-columns-1.2.4.tgz 0ms (cache hit)
220 http cache lilconfig@https://registry.npmjs.org/lilconfig/-/lilconfig-3.1.3.tgz 0ms (cache hit)
221 http cache levn@https://registry.npmjs.org/levn/-/levn-0.4.1.tgz 0ms (cache hit)
222 http cache language-tags@https://registry.npmjs.org/language-tags/-/language-tags-1.0.9.tgz 0ms (cache hit)
223 http cache language-subtag-registry@https://registry.npmjs.org/language-subtag-registry/-/language-subtag-registry-0.3.23.tgz 0ms (cache hit)
224 http cache micromatch@https://registry.npmjs.org/micromatch/-/micromatch-4.0.8.tgz 0ms (cache hit)
225 http cache jsx-ast-utils@https://registry.npmjs.org/jsx-ast-utils/-/jsx-ast-utils-3.3.5.tgz 0ms (cache hit)
226 http cache json5@https://registry.npmjs.org/json5/-/json5-1.0.2.tgz 0ms (cache hit)
227 http cache keyv@https://registry.npmjs.org/keyv/-/keyv-4.5.4.tgz 0ms (cache hit)
228 http cache json-stable-stringify-without-jsonify@https://registry.npmjs.org/json-stable-stringify-without-jsonify/-/json-stable-stringify-without-jsonify-1.0.1.tgz 0ms (cache hit)
229 http cache json-schema-traverse@https://registry.npmjs.org/json-schema-traverse/-/json-schema-traverse-0.4.1.tgz 0ms (cache hit)
230 http cache json-buffer@https://registry.npmjs.org/json-buffer/-/json-buffer-3.0.1.tgz 0ms (cache hit)
231 http cache js-yaml@https://registry.npmjs.org/js-yaml/-/js-yaml-4.1.0.tgz 0ms (cache hit)
232 http cache js-tokens@https://registry.npmjs.org/js-tokens/-/js-tokens-4.0.0.tgz 0ms (cache hit)
233 http cache isexe@https://registry.npmjs.org/isexe/-/isexe-2.0.0.tgz 0ms (cache hit)
234 http cache iterator.prototype@https://registry.npmjs.org/iterator.prototype/-/iterator.prototype-1.1.5.tgz 0ms (cache hit)
235 http cache jackspeak@https://registry.npmjs.org/jackspeak/-/jackspeak-2.3.6.tgz 0ms (cache hit)
236 http cache isarray@https://registry.npmjs.org/isarray/-/isarray-2.0.5.tgz 0ms (cache hit)
237 http cache is-weakref@https://registry.npmjs.org/is-weakref/-/is-weakref-1.1.1.tgz 0ms (cache hit)
238 http cache is-weakset@https://registry.npmjs.org/is-weakset/-/is-weakset-2.0.4.tgz 0ms (cache hit)
239 http cache jiti@https://registry.npmjs.org/jiti/-/jiti-1.21.7.tgz 0ms (cache hit)
240 http cache is-weakmap@https://registry.npmjs.org/is-weakmap/-/is-weakmap-2.0.2.tgz 0ms (cache hit)
241 http cache is-symbol@https://registry.npmjs.org/is-symbol/-/is-symbol-1.1.1.tgz 0ms (cache hit)
242 http cache is-shared-array-buffer@https://registry.npmjs.org/is-shared-array-buffer/-/is-shared-array-buffer-1.0.4.tgz 0ms (cache hit)
243 http cache is-typed-array@https://registry.npmjs.org/is-typed-array/-/is-typed-array-1.1.15.tgz 0ms (cache hit)
244 http cache is-set@https://registry.npmjs.org/is-set/-/is-set-2.0.3.tgz 0ms (cache hit)
245 http cache is-regex@https://registry.npmjs.org/is-regex/-/is-regex-1.2.1.tgz 0ms (cache hit)
246 http cache is-plain-obj@https://registry.npmjs.org/is-plain-obj/-/is-plain-obj-4.1.0.tgz 0ms (cache hit)
247 http cache is-path-inside@https://registry.npmjs.org/is-path-inside/-/is-path-inside-3.0.3.tgz 0ms (cache hit)
248 http cache is-number-object@https://registry.npmjs.org/is-number-object/-/is-number-object-1.1.1.tgz 0ms (cache hit)
249 http cache is-number@https://registry.npmjs.org/is-number/-/is-number-7.0.0.tgz 0ms (cache hit)
250 http cache is-negative-zero@https://registry.npmjs.org/is-negative-zero/-/is-negative-zero-2.0.3.tgz 0ms (cache hit)
251 http cache is-map@https://registry.npmjs.org/is-map/-/is-map-2.0.3.tgz 0ms (cache hit)
252 http cache is-glob@https://registry.npmjs.org/is-glob/-/is-glob-4.0.3.tgz 0ms (cache hit)
253 http cache is-generator-function@https://registry.npmjs.org/is-generator-function/-/is-generator-function-1.1.2.tgz 0ms (cache hit)
254 http cache is-string@https://registry.npmjs.org/is-string/-/is-string-1.1.1.tgz 0ms (cache hit)
255 http cache is-fullwidth-code-point@https://registry.npmjs.org/is-fullwidth-code-point/-/is-fullwidth-code-point-3.0.0.tgz 0ms (cache hit)
256 http cache is-finalizationregistry@https://registry.npmjs.org/is-finalizationregistry/-/is-finalizationregistry-1.1.1.tgz 0ms (cache hit)
257 http cache is-extglob@https://registry.npmjs.org/is-extglob/-/is-extglob-2.1.1.tgz 0ms (cache hit)
258 http cache is-callable@https://registry.npmjs.org/is-callable/-/is-callable-1.2.7.tgz 0ms (cache hit)
259 http cache is-data-view@https://registry.npmjs.org/is-data-view/-/is-data-view-1.0.2.tgz 0ms (cache hit)
260 http cache is-core-module@https://registry.npmjs.org/is-core-module/-/is-core-module-2.16.1.tgz 0ms (cache hit)
261 http cache is-bun-module@https://registry.npmjs.org/is-bun-module/-/is-bun-module-2.0.0.tgz 0ms (cache hit)
262 http cache is-boolean-object@https://registry.npmjs.org/is-boolean-object/-/is-boolean-object-1.2.2.tgz 0ms (cache hit)
263 http cache is-date-object@https://registry.npmjs.org/is-date-object/-/is-date-object-1.1.0.tgz 0ms (cache hit)
264 http cache is-binary-path@https://registry.npmjs.org/is-binary-path/-/is-binary-path-2.1.0.tgz 0ms (cache hit)
265 http cache is-bigint@https://registry.npmjs.org/is-bigint/-/is-bigint-1.1.0.tgz 0ms (cache hit)
266 http cache is-async-function@https://registry.npmjs.org/is-async-function/-/is-async-function-2.1.1.tgz 0ms (cache hit)
267 http cache internal-slot@https://registry.npmjs.org/internal-slot/-/internal-slot-1.1.0.tgz 0ms (cache hit)
268 http cache inherits@https://registry.npmjs.org/inherits/-/inherits-2.0.4.tgz 0ms (cache hit)
269 http cache inflight@https://registry.npmjs.org/inflight/-/inflight-1.0.6.tgz 0ms (cache hit)
270 http cache imurmurhash@https://registry.npmjs.org/imurmurhash/-/imurmurhash-0.1.4.tgz 0ms (cache hit)
271 http cache import-fresh@https://registry.npmjs.org/import-fresh/-/import-fresh-3.3.1.tgz 0ms (cache hit)
272 http cache is-array-buffer@https://registry.npmjs.org/is-array-buffer/-/is-array-buffer-3.0.5.tgz 0ms (cache hit)
273 http cache ignore@https://registry.npmjs.org/ignore/-/ignore-5.3.2.tgz 0ms (cache hit)
274 http cache hasown@https://registry.npmjs.org/hasown/-/hasown-2.0.2.tgz 0ms (cache hit)
275 http cache has-tostringtag@https://registry.npmjs.org/has-tostringtag/-/has-tostringtag-1.0.2.tgz 0ms (cache hit)
276 http cache has-proto@https://registry.npmjs.org/has-proto/-/has-proto-1.2.0.tgz 0ms (cache hit)
277 http cache has-property-descriptors@https://registry.npmjs.org/has-property-descriptors/-/has-property-descriptors-1.0.2.tgz 0ms (cache hit)
278 http cache has-flag@https://registry.npmjs.org/has-flag/-/has-flag-4.0.0.tgz 0ms (cache hit)
279 http cache graphql-tag@https://registry.npmjs.org/graphql-tag/-/graphql-tag-2.12.6.tgz 0ms (cache hit)
280 http cache has-symbols@https://registry.npmjs.org/has-symbols/-/has-symbols-1.1.0.tgz 0ms (cache hit)
281 http cache graphql@https://registry.npmjs.org/graphql/-/graphql-16.11.0.tgz 0ms (cache hit)
282 http cache has-bigints@https://registry.npmjs.org/has-bigints/-/has-bigints-1.1.0.tgz 0ms (cache hit)
283 http cache graphemer@https://registry.npmjs.org/graphemer/-/graphemer-1.4.0.tgz 0ms (cache hit)
284 http cache globalthis@https://registry.npmjs.org/globalthis/-/globalthis-1.0.4.tgz 0ms (cache hit)
285 http cache gopd@https://registry.npmjs.org/gopd/-/gopd-1.2.0.tgz 0ms (cache hit)
286 http cache globals@https://registry.npmjs.org/globals/-/globals-13.24.0.tgz 0ms (cache hit)
287 http cache glob-parent@https://registry.npmjs.org/glob-parent/-/glob-parent-6.0.2.tgz 0ms (cache hit)
288 http cache glob@https://registry.npmjs.org/glob/-/glob-10.3.10.tgz 0ms (cache hit)
289 http cache get-tsconfig@https://registry.npmjs.org/get-tsconfig/-/get-tsconfig-4.12.0.tgz 0ms (cache hit)
290 http cache get-symbol-description@https://registry.npmjs.org/get-symbol-description/-/get-symbol-description-1.1.0.tgz 0ms (cache hit)
291 http cache get-proto@https://registry.npmjs.org/get-proto/-/get-proto-1.0.1.tgz 0ms (cache hit)
292 http cache get-intrinsic@https://registry.npmjs.org/get-intrinsic/-/get-intrinsic-1.3.0.tgz 0ms (cache hit)
293 http cache graceful-fs@https://registry.npmjs.org/graceful-fs/-/graceful-fs-4.2.11.tgz 0ms (cache hit)
294 http cache functions-have-names@https://registry.npmjs.org/functions-have-names/-/functions-have-names-1.2.3.tgz 0ms (cache hit)
295 http cache function.prototype.name@https://registry.npmjs.org/function.prototype.name/-/function.prototype.name-1.1.8.tgz 0ms (cache hit)
296 http cache fsevents@https://registry.npmjs.org/fsevents/-/fsevents-2.3.3.tgz 0ms (cache hit)
297 http cache generator-function@https://registry.npmjs.org/generator-function/-/generator-function-2.0.1.tgz 0ms (cache hit)
298 http cache fs.realpath@https://registry.npmjs.org/fs.realpath/-/fs.realpath-1.0.0.tgz 0ms (cache hit)
299 http cache foreground-child@https://registry.npmjs.org/foreground-child/-/foreground-child-3.3.1.tgz 0ms (cache hit)
300 http cache for-each@https://registry.npmjs.org/for-each/-/for-each-0.3.5.tgz 0ms (cache hit)
301 http cache flatted@https://registry.npmjs.org/flatted/-/flatted-3.3.3.tgz 0ms (cache hit)
302 http cache flat-cache@https://registry.npmjs.org/flat-cache/-/flat-cache-3.2.0.tgz 0ms (cache hit)
303 http cache find-up@https://registry.npmjs.org/find-up/-/find-up-5.0.0.tgz 0ms (cache hit)
304 http cache fill-range@https://registry.npmjs.org/fill-range/-/fill-range-7.1.1.tgz 0ms (cache hit)
305 http cache fastq@https://registry.npmjs.org/fastq/-/fastq-1.19.1.tgz 0ms (cache hit)
306 http cache file-entry-cache@https://registry.npmjs.org/file-entry-cache/-/file-entry-cache-6.0.1.tgz 0ms (cache hit)
307 http cache fast-levenshtein@https://registry.npmjs.org/fast-levenshtein/-/fast-levenshtein-2.0.6.tgz 0ms (cache hit)
308 http cache function-bind@https://registry.npmjs.org/function-bind/-/function-bind-1.1.2.tgz 0ms (cache hit)
309 http cache fast-glob@https://registry.npmjs.org/fast-glob/-/fast-glob-3.3.3.tgz 0ms (cache hit)
310 http cache fast-json-stable-stringify@https://registry.npmjs.org/fast-json-stable-stringify/-/fast-json-stable-stringify-2.1.0.tgz 0ms (cache hit)
311 http cache fast-deep-equal@https://registry.npmjs.org/fast-deep-equal/-/fast-deep-equal-3.1.3.tgz 0ms (cache hit)
312 http cache estraverse@https://registry.npmjs.org/estraverse/-/estraverse-5.3.0.tgz 0ms (cache hit)
313 http cache esutils@https://registry.npmjs.org/esutils/-/esutils-2.0.3.tgz 0ms (cache hit)
314 http cache esrecurse@https://registry.npmjs.org/esrecurse/-/esrecurse-4.3.0.tgz 0ms (cache hit)
315 http cache espree@https://registry.npmjs.org/espree/-/espree-9.6.1.tgz 0ms (cache hit)
316 http cache esquery@https://registry.npmjs.org/esquery/-/esquery-1.6.0.tgz 0ms (cache hit)
317 http cache eslint-visitor-keys@https://registry.npmjs.org/eslint-visitor-keys/-/eslint-visitor-keys-3.4.3.tgz 0ms (cache hit)
318 http cache eslint-scope@https://registry.npmjs.org/eslint-scope/-/eslint-scope-7.2.2.tgz 0ms (cache hit)
319 http cache eslint-plugin-react-hooks@https://registry.npmjs.org/eslint-plugin-react-hooks/-/eslint-plugin-react-hooks-5.0.0-canary-7118f5dd7-20230705.tgz 0ms (cache hit)
320 http cache eslint-plugin-react@https://registry.npmjs.org/eslint-plugin-react/-/eslint-plugin-react-7.37.5.tgz 0ms (cache hit)
321 http cache extract-files@https://registry.npmjs.org/extract-files/-/extract-files-13.0.0.tgz 0ms (cache hit)
322 http cache eslint-plugin-jsx-a11y@https://registry.npmjs.org/eslint-plugin-jsx-a11y/-/eslint-plugin-jsx-a11y-6.10.2.tgz 0ms (cache hit)
323 http cache eslint-plugin-import@https://registry.npmjs.org/eslint-plugin-import/-/eslint-plugin-import-2.32.0.tgz 0ms (cache hit)
324 http cache eslint-module-utils@https://registry.npmjs.org/eslint-module-utils/-/eslint-module-utils-2.12.1.tgz 0ms (cache hit)
325 http cache eslint-import-resolver-node@https://registry.npmjs.org/eslint-import-resolver-node/-/eslint-import-resolver-node-0.3.9.tgz 0ms (cache hit)
326 http cache eslint-config-next@https://registry.npmjs.org/eslint-config-next/-/eslint-config-next-14.2.32.tgz 0ms (cache hit)
327 http cache eslint@https://registry.npmjs.org/eslint/-/eslint-8.57.1.tgz 0ms (cache hit)
328 http cache escape-string-regexp@https://registry.npmjs.org/escape-string-regexp/-/escape-string-regexp-4.0.0.tgz 0ms (cache hit)
329 http cache eslint-import-resolver-typescript@https://registry.npmjs.org/eslint-import-resolver-typescript/-/eslint-import-resolver-typescript-3.10.1.tgz 0ms (cache hit)
330 http cache es-to-primitive@https://registry.npmjs.org/es-to-primitive/-/es-to-primitive-1.3.0.tgz 0ms (cache hit)
331 http cache es-set-tostringtag@https://registry.npmjs.org/es-set-tostringtag/-/es-set-tostringtag-2.1.0.tgz 0ms (cache hit)
332 http cache es-shim-unscopables@https://registry.npmjs.org/es-shim-unscopables/-/es-shim-unscopables-1.1.0.tgz 0ms (cache hit)
333 http cache es-errors@https://registry.npmjs.org/es-errors/-/es-errors-1.3.0.tgz 0ms (cache hit)
334 http cache es-iterator-helpers@https://registry.npmjs.org/es-iterator-helpers/-/es-iterator-helpers-1.2.1.tgz 0ms (cache hit)
335 http cache es-abstract@https://registry.npmjs.org/es-abstract/-/es-abstract-1.24.0.tgz 0ms (cache hit)
336 http cache es-define-property@https://registry.npmjs.org/es-define-property/-/es-define-property-1.0.1.tgz 0ms (cache hit)
337 http cache emoji-regex@https://registry.npmjs.org/emoji-regex/-/emoji-regex-9.2.2.tgz 0ms (cache hit)
338 http cache eastasianwidth@https://registry.npmjs.org/eastasianwidth/-/eastasianwidth-0.2.0.tgz 0ms (cache hit)
339 http cache dunder-proto@https://registry.npmjs.org/dunder-proto/-/dunder-proto-1.0.1.tgz 0ms (cache hit)
340 http cache doctrine@https://registry.npmjs.org/doctrine/-/doctrine-3.0.0.tgz 0ms (cache hit)
341 http cache dlv@https://registry.npmjs.org/dlv/-/dlv-1.1.3.tgz 0ms (cache hit)
342 http cache es-object-atoms@https://registry.npmjs.org/es-object-atoms/-/es-object-atoms-1.1.1.tgz 0ms (cache hit)
343 http cache define-properties@https://registry.npmjs.org/define-properties/-/define-properties-1.2.1.tgz 0ms (cache hit)
344 http cache define-data-property@https://registry.npmjs.org/define-data-property/-/define-data-property-1.1.4.tgz 0ms (cache hit)
345 http cache deep-is@https://registry.npmjs.org/deep-is/-/deep-is-0.1.4.tgz 0ms (cache hit)
346 http cache debug@https://registry.npmjs.org/debug/-/debug-4.4.3.tgz 0ms (cache hit)
347 http cache data-view-byte-offset@https://registry.npmjs.org/data-view-byte-offset/-/data-view-byte-offset-1.0.1.tgz 0ms (cache hit)
348 http cache didyoumean@https://registry.npmjs.org/didyoumean/-/didyoumean-1.2.2.tgz 0ms (cache hit)
349 http cache data-view-byte-length@https://registry.npmjs.org/data-view-byte-length/-/data-view-byte-length-1.0.2.tgz 0ms (cache hit)
350 http cache data-view-buffer@https://registry.npmjs.org/data-view-buffer/-/data-view-buffer-1.0.2.tgz 0ms (cache hit)
351 http cache damerau-levenshtein@https://registry.npmjs.org/damerau-levenshtein/-/damerau-levenshtein-1.0.8.tgz 0ms (cache hit)
352 http cache csstype@https://registry.npmjs.org/csstype/-/csstype-3.1.3.tgz 0ms (cache hit)
353 http cache cssesc@https://registry.npmjs.org/cssesc/-/cssesc-3.0.0.tgz 0ms (cache hit)
354 http cache cross-spawn@https://registry.npmjs.org/cross-spawn/-/cross-spawn-7.0.6.tgz 0ms (cache hit)
355 http cache concat-map@https://registry.npmjs.org/concat-map/-/concat-map-0.0.1.tgz 0ms (cache hit)
356 http cache commander@https://registry.npmjs.org/commander/-/commander-4.1.1.tgz 0ms (cache hit)
357 http cache color-name@https://registry.npmjs.org/color-name/-/color-name-1.1.4.tgz 0ms (cache hit)
358 http cache color-convert@https://registry.npmjs.org/color-convert/-/color-convert-2.0.1.tgz 0ms (cache hit)
359 http cache chokidar@https://registry.npmjs.org/chokidar/-/chokidar-3.6.0.tgz 0ms (cache hit)
360 http cache chalk@https://registry.npmjs.org/chalk/-/chalk-4.1.2.tgz 0ms (cache hit)
361 http cache caniuse-lite@https://registry.npmjs.org/caniuse-lite/-/caniuse-lite-1.0.30001751.tgz 0ms (cache hit)
362 http cache camelcase-css@https://registry.npmjs.org/camelcase-css/-/camelcase-css-2.0.1.tgz 0ms (cache hit)
363 http cache callsites@https://registry.npmjs.org/callsites/-/callsites-3.1.0.tgz 0ms (cache hit)
364 http cache call-bound@https://registry.npmjs.org/call-bound/-/call-bound-1.0.4.tgz 0ms (cache hit)
365 http cache client-only@https://registry.npmjs.org/client-only/-/client-only-0.0.1.tgz 0ms (cache hit)
366 http cache call-bind-apply-helpers@https://registry.npmjs.org/call-bind-apply-helpers/-/call-bind-apply-helpers-1.0.2.tgz 0ms (cache hit)
367 http cache call-bind@https://registry.npmjs.org/call-bind/-/call-bind-1.0.8.tgz 0ms (cache hit)
368 http cache brace-expansion@https://registry.npmjs.org/brace-expansion/-/brace-expansion-1.1.12.tgz 0ms (cache hit)
369 http cache busboy@https://registry.npmjs.org/busboy/-/busboy-1.6.0.tgz 0ms (cache hit)
370 http cache binary-extensions@https://registry.npmjs.org/binary-extensions/-/binary-extensions-2.3.0.tgz 0ms (cache hit)
371 http cache axobject-query@https://registry.npmjs.org/axobject-query/-/axobject-query-4.1.0.tgz 0ms (cache hit)
372 http cache axe-core@https://registry.npmjs.org/axe-core/-/axe-core-4.11.0.tgz 0ms (cache hit)
373 http cache balanced-match@https://registry.npmjs.org/balanced-match/-/balanced-match-1.0.2.tgz 0ms (cache hit)
374 http cache available-typed-arrays@https://registry.npmjs.org/available-typed-arrays/-/available-typed-arrays-1.0.7.tgz 0ms (cache hit)
375 http cache async-function@https://registry.npmjs.org/async-function/-/async-function-1.0.0.tgz 0ms (cache hit)
376 http cache ast-types-flow@https://registry.npmjs.org/ast-types-flow/-/ast-types-flow-0.0.8.tgz 0ms (cache hit)
377 http cache braces@https://registry.npmjs.org/braces/-/braces-3.0.3.tgz 0ms (cache hit)
378 http cache array.prototype.tosorted@https://registry.npmjs.org/array.prototype.tosorted/-/array.prototype.tosorted-1.1.4.tgz 0ms (cache hit)
379 http cache array.prototype.flatmap@https://registry.npmjs.org/array.prototype.flatmap/-/array.prototype.flatmap-1.3.3.tgz 0ms (cache hit)
380 http cache array.prototype.findlastindex@https://registry.npmjs.org/array.prototype.findlastindex/-/array.prototype.findlastindex-1.2.6.tgz 0ms (cache hit)
381 http cache arraybuffer.prototype.slice@https://registry.npmjs.org/arraybuffer.prototype.slice/-/arraybuffer.prototype.slice-1.0.4.tgz 0ms (cache hit)
382 http cache array.prototype.findlast@https://registry.npmjs.org/array.prototype.findlast/-/array.prototype.findlast-1.2.5.tgz 0ms (cache hit)
383 http cache array-includes@https://registry.npmjs.org/array-includes/-/array-includes-3.1.9.tgz 0ms (cache hit)
384 http cache aria-query@https://registry.npmjs.org/aria-query/-/aria-query-5.3.2.tgz 0ms (cache hit)
385 http cache array-buffer-byte-length@https://registry.npmjs.org/array-buffer-byte-length/-/array-buffer-byte-length-1.0.2.tgz 0ms (cache hit)
386 http cache argparse@https://registry.npmjs.org/argparse/-/argparse-2.0.1.tgz 0ms (cache hit)
387 http cache apollo-upload-client@https://registry.npmjs.org/apollo-upload-client/-/apollo-upload-client-19.0.0.tgz 0ms (cache hit)
388 http cache arg@https://registry.npmjs.org/arg/-/arg-5.0.2.tgz 0ms (cache hit)
389 http cache anymatch@https://registry.npmjs.org/anymatch/-/anymatch-3.1.3.tgz 0ms (cache hit)
390 http cache any-promise@https://registry.npmjs.org/any-promise/-/any-promise-1.3.0.tgz 0ms (cache hit)
391 http cache ansi-styles@https://registry.npmjs.org/ansi-styles/-/ansi-styles-4.3.0.tgz 0ms (cache hit)
392 http cache ansi-regex@https://registry.npmjs.org/ansi-regex/-/ansi-regex-5.0.1.tgz 0ms (cache hit)
393 http cache array.prototype.flat@https://registry.npmjs.org/array.prototype.flat/-/array.prototype.flat-1.3.3.tgz 0ms (cache hit)
394 http cache ajv@https://registry.npmjs.org/ajv/-/ajv-6.12.6.tgz 0ms (cache hit)
395 http cache acorn-jsx@https://registry.npmjs.org/acorn-jsx/-/acorn-jsx-5.3.2.tgz 0ms (cache hit)
396 http cache acorn@https://registry.npmjs.org/acorn/-/acorn-8.15.0.tgz 0ms (cache hit)
397 http cache @wry/context@https://registry.npmjs.org/@wry/context/-/context-0.7.4.tgz 0ms (cache hit)
398 http cache @wry/equality@https://registry.npmjs.org/@wry/equality/-/equality-0.5.7.tgz 0ms (cache hit)
399 http cache @wry/caches@https://registry.npmjs.org/@wry/caches/-/caches-1.0.1.tgz 0ms (cache hit)
400 http cache @ungap/structured-clone@https://registry.npmjs.org/@ungap/structured-clone/-/structured-clone-1.3.0.tgz 0ms (cache hit)
401 http cache @unrs/resolver-binding-darwin-arm64@https://registry.npmjs.org/@unrs/resolver-binding-darwin-arm64/-/resolver-binding-darwin-arm64-1.11.1.tgz 0ms (cache hit)
402 http cache @typescript-eslint/visitor-keys@https://registry.npmjs.org/@typescript-eslint/visitor-keys/-/visitor-keys-8.46.2.tgz 0ms (cache hit)
403 http cache @typescript-eslint/utils@https://registry.npmjs.org/@typescript-eslint/utils/-/utils-8.46.2.tgz 0ms (cache hit)
404 http cache @typescript-eslint/typescript-estree@https://registry.npmjs.org/@typescript-eslint/typescript-estree/-/typescript-estree-8.46.2.tgz 0ms (cache hit)
405 http cache @typescript-eslint/types@https://registry.npmjs.org/@typescript-eslint/types/-/types-8.46.2.tgz 0ms (cache hit)
406 http cache @wry/trie@https://registry.npmjs.org/@wry/trie/-/trie-0.5.0.tgz 0ms (cache hit)
407 http cache @typescript-eslint/type-utils@https://registry.npmjs.org/@typescript-eslint/type-utils/-/type-utils-8.46.2.tgz 0ms (cache hit)
408 http cache @typescript-eslint/tsconfig-utils@https://registry.npmjs.org/@typescript-eslint/tsconfig-utils/-/tsconfig-utils-8.46.2.tgz 0ms (cache hit)
409 http cache @typescript-eslint/scope-manager@https://registry.npmjs.org/@typescript-eslint/scope-manager/-/scope-manager-8.46.2.tgz 0ms (cache hit)
410 http cache @typescript-eslint/eslint-plugin@https://registry.npmjs.org/@typescript-eslint/eslint-plugin/-/eslint-plugin-8.46.2.tgz 0ms (cache hit)
411 http cache @types/react-dom@https://registry.npmjs.org/@types/react-dom/-/react-dom-18.3.7.tgz 0ms (cache hit)
412 http cache @typescript-eslint/parser@https://registry.npmjs.org/@typescript-eslint/parser/-/parser-8.46.2.tgz 0ms (cache hit)
413 http cache @types/react@https://registry.npmjs.org/@types/react/-/react-18.3.26.tgz 0ms (cache hit)
414 http cache @types/react-daum-postcode@https://registry.npmjs.org/@types/react-daum-postcode/-/react-daum-postcode-1.3.4.tgz 0ms (cache hit)
415 http cache @types/prop-types@https://registry.npmjs.org/@types/prop-types/-/prop-types-15.7.15.tgz 0ms (cache hit)
416 http cache @typescript-eslint/project-service@https://registry.npmjs.org/@typescript-eslint/project-service/-/project-service-8.46.2.tgz 0ms (cache hit)
417 http cache @types/node@https://registry.npmjs.org/@types/node/-/node-20.19.23.tgz 0ms (cache hit)
418 http cache @types/json5@https://registry.npmjs.org/@types/json5/-/json5-0.0.29.tgz 0ms (cache hit)
419 http cache @tybys/wasm-util@https://registry.npmjs.org/@tybys/wasm-util/-/wasm-util-0.10.1.tgz 0ms (cache hit)
420 http cache @tanstack/query-core@https://registry.npmjs.org/@tanstack/query-core/-/query-core-5.90.5.tgz 0ms (cache hit)
421 http cache @swc/helpers@https://registry.npmjs.org/@swc/helpers/-/helpers-0.5.5.tgz 0ms (cache hit)
422 http cache @swc/counter@https://registry.npmjs.org/@swc/counter/-/counter-0.1.3.tgz 0ms (cache hit)
423 http cache @tanstack/react-query@https://registry.npmjs.org/@tanstack/react-query/-/react-query-5.90.5.tgz 0ms (cache hit)
424 http cache @rtsao/scc@https://registry.npmjs.org/@rtsao/scc/-/scc-1.1.0.tgz 0ms (cache hit)
425 http cache @standard-schema/utils@https://registry.npmjs.org/@standard-schema/utils/-/utils-0.3.0.tgz 0ms (cache hit)
426 http cache @nolyfill/is-core-module@https://registry.npmjs.org/@nolyfill/is-core-module/-/is-core-module-1.0.39.tgz 0ms (cache hit)
427 http cache @nodelib/fs.walk@https://registry.npmjs.org/@nodelib/fs.walk/-/fs.walk-1.2.8.tgz 0ms (cache hit)
428 http cache @rushstack/eslint-patch@https://registry.npmjs.org/@rushstack/eslint-patch/-/eslint-patch-1.14.0.tgz 0ms (cache hit)
429 http cache @nodelib/fs.stat@https://registry.npmjs.org/@nodelib/fs.stat/-/fs.stat-2.0.5.tgz 0ms (cache hit)
430 http cache @nodelib/fs.scandir@https://registry.npmjs.org/@nodelib/fs.scandir/-/fs.scandir-2.1.5.tgz 0ms (cache hit)
431 http cache @next/swc-darwin-arm64@https://registry.npmjs.org/@next/swc-darwin-arm64/-/swc-darwin-arm64-14.2.32.tgz 1ms (cache hit)
432 http cache @next/eslint-plugin-next@https://registry.npmjs.org/@next/eslint-plugin-next/-/eslint-plugin-next-14.2.32.tgz 0ms (cache hit)
433 http cache @next/env@https://registry.npmjs.org/@next/env/-/env-14.2.32.tgz 0ms (cache hit)
434 http cache @napi-rs/wasm-runtime@https://registry.npmjs.org/@napi-rs/wasm-runtime/-/wasm-runtime-0.2.12.tgz 0ms (cache hit)
435 http cache @jridgewell/trace-mapping@https://registry.npmjs.org/@jridgewell/trace-mapping/-/trace-mapping-0.3.31.tgz 0ms (cache hit)
436 http cache @jridgewell/sourcemap-codec@https://registry.npmjs.org/@jridgewell/sourcemap-codec/-/sourcemap-codec-1.5.5.tgz 0ms (cache hit)
437 http cache @pkgjs/parseargs@https://registry.npmjs.org/@pkgjs/parseargs/-/parseargs-0.11.0.tgz 0ms (cache hit)
438 http cache @jridgewell/gen-mapping@https://registry.npmjs.org/@jridgewell/gen-mapping/-/gen-mapping-0.3.13.tgz 0ms (cache hit)
439 http cache @jridgewell/resolve-uri@https://registry.npmjs.org/@jridgewell/resolve-uri/-/resolve-uri-3.1.2.tgz 0ms (cache hit)
440 http cache @isaacs/cliui@https://registry.npmjs.org/@isaacs/cliui/-/cliui-8.0.2.tgz 0ms (cache hit)
441 http cache @humanwhocodes/module-importer@https://registry.npmjs.org/@humanwhocodes/module-importer/-/module-importer-1.0.1.tgz 0ms (cache hit)
442 http cache @humanwhocodes/config-array@https://registry.npmjs.org/@humanwhocodes/config-array/-/config-array-0.13.0.tgz 0ms (cache hit)
443 http cache @hookform/resolvers@https://registry.npmjs.org/@hookform/resolvers/-/resolvers-5.2.2.tgz 0ms (cache hit)
444 http cache @eslint/js@https://registry.npmjs.org/@eslint/js/-/js-8.57.1.tgz 0ms (cache hit)
445 http cache @graphql-typed-document-node/core@https://registry.npmjs.org/@graphql-typed-document-node/core/-/core-3.2.0.tgz 0ms (cache hit)
446 http cache @eslint/eslintrc@https://registry.npmjs.org/@eslint/eslintrc/-/eslintrc-2.1.4.tgz 0ms (cache hit)
447 http cache @humanwhocodes/object-schema@https://registry.npmjs.org/@humanwhocodes/object-schema/-/object-schema-2.0.3.tgz 0ms (cache hit)
448 http cache @eslint-community/regexpp@https://registry.npmjs.org/@eslint-community/regexpp/-/regexpp-4.12.1.tgz 0ms (cache hit)
449 http cache @emnapi/wasi-threads@https://registry.npmjs.org/@emnapi/wasi-threads/-/wasi-threads-1.1.0.tgz 0ms (cache hit)
450 http cache @emnapi/core@https://registry.npmjs.org/@emnapi/core/-/core-1.6.0.tgz 0ms (cache hit)
451 http cache @eslint-community/eslint-utils@https://registry.npmjs.org/@eslint-community/eslint-utils/-/eslint-utils-4.9.0.tgz 0ms (cache hit)
452 http cache @apollo/client@https://registry.npmjs.org/@apollo/client/-/client-4.0.7.tgz 0ms (cache hit)
453 http cache string-width@https://registry.npmjs.org/string-width/-/string-width-4.2.3.tgz 0ms (cache hit)
454 http cache @alloc/quick-lru@https://registry.npmjs.org/@alloc/quick-lru/-/quick-lru-5.2.0.tgz 0ms (cache hit)
455 http cache emoji-regex@https://registry.npmjs.org/emoji-regex/-/emoji-regex-8.0.0.tgz 0ms (cache hit)
456 http cache strip-ansi@https://registry.npmjs.org/strip-ansi/-/strip-ansi-7.1.2.tgz 0ms (cache hit)
457 http cache ansi-styles@https://registry.npmjs.org/ansi-styles/-/ansi-styles-6.2.3.tgz 0ms (cache hit)
458 http cache ansi-regex@https://registry.npmjs.org/ansi-regex/-/ansi-regex-6.2.2.tgz 0ms (cache hit)
459 http cache @emnapi/runtime@https://registry.npmjs.org/@emnapi/runtime/-/runtime-1.6.0.tgz 0ms (cache hit)
460 http cache picomatch@https://registry.npmjs.org/picomatch/-/picomatch-4.0.3.tgz 0ms (cache hit)
461 http cache fdir@https://registry.npmjs.org/fdir/-/fdir-6.5.0.tgz 0ms (cache hit)
462 http cache emoji-regex@https://registry.npmjs.org/emoji-regex/-/emoji-regex-8.0.0.tgz 0ms (cache hit)
463 http cache ansi-regex@https://registry.npmjs.org/ansi-regex/-/ansi-regex-6.2.2.tgz 0ms (cache hit)
464 http cache glob@https://registry.npmjs.org/glob/-/glob-7.2.3.tgz 0ms (cache hit)
465 http cache postcss@https://registry.npmjs.org/postcss/-/postcss-8.4.31.tgz 0ms (cache hit)
466 http cache minimatch@https://registry.npmjs.org/minimatch/-/minimatch-9.0.5.tgz 0ms (cache hit)
467 http cache semver@https://registry.npmjs.org/semver/-/semver-6.3.1.tgz 0ms (cache hit)
468 http cache brace-expansion@https://registry.npmjs.org/brace-expansion/-/brace-expansion-2.0.2.tgz 0ms (cache hit)
469 http cache strip-ansi@https://registry.npmjs.org/strip-ansi/-/strip-ansi-7.1.2.tgz 0ms (cache hit)
470 http cache resolve@https://registry.npmjs.org/resolve/-/resolve-2.0.0-next.5.tgz 0ms (cache hit)
471 http cache glob-parent@https://registry.npmjs.org/glob-parent/-/glob-parent-5.1.2.tgz 0ms (cache hit)
472 http cache semver@https://registry.npmjs.org/semver/-/semver-6.3.1.tgz 0ms (cache hit)
473 http cache debug@https://registry.npmjs.org/debug/-/debug-3.2.7.tgz 0ms (cache hit)
474 http cache doctrine@https://registry.npmjs.org/doctrine/-/doctrine-2.1.0.tgz 0ms (cache hit)
475 http cache debug@https://registry.npmjs.org/debug/-/debug-3.2.7.tgz 0ms (cache hit)
476 http cache doctrine@https://registry.npmjs.org/doctrine/-/doctrine-2.1.0.tgz 0ms (cache hit)
477 http cache glob-parent@https://registry.npmjs.org/glob-parent/-/glob-parent-5.1.2.tgz 0ms (cache hit)
478 http cache debug@https://registry.npmjs.org/debug/-/debug-3.2.7.tgz 0ms (cache hit)
479 http cache minimatch@https://registry.npmjs.org/minimatch/-/minimatch-9.0.5.tgz 0ms (cache hit)
480 http cache eslint-visitor-keys@https://registry.npmjs.org/eslint-visitor-keys/-/eslint-visitor-keys-4.2.1.tgz 0ms (cache hit)
481 http cache brace-expansion@https://registry.npmjs.org/brace-expansion/-/brace-expansion-2.0.2.tgz 0ms (cache hit)
482 http cache strip-ansi@https://registry.npmjs.org/strip-ansi/-/strip-ansi-7.1.2.tgz 0ms (cache hit)
483 http cache ansi-regex@https://registry.npmjs.org/ansi-regex/-/ansi-regex-6.2.2.tgz 0ms (cache hit)
484 http cache ignore@https://registry.npmjs.org/ignore/-/ignore-7.0.5.tgz 0ms (cache hit)
485 warn deprecated inflight@1.0.6: This module is not supported, and leaks memory. Do not use it. Check out lru-cache if you want a good and tested way to coalesce async requests by a key value, which is much more comprehensive and powerful.
486 warn deprecated @humanwhocodes/config-array@0.13.0: Use @eslint/config-array instead
487 warn deprecated rimraf@3.0.2: Rimraf versions prior to v4 are no longer supported
488 warn deprecated @humanwhocodes/object-schema@2.0.3: Use @eslint/object-schema instead
489 warn deprecated glob@7.2.3: Glob versions prior to v9 are no longer supported
490 warn deprecated eslint@8.57.1: This version is no longer supported. Please see https://eslint.org/version-support for other options.
491 info run unrs-resolver@1.11.1 postinstall node_modules/unrs-resolver napi-postinstall unrs-resolver 1.11.1 check
492 info run unrs-resolver@1.11.1 postinstall { code: 0, signal: null }
493 silly ADD node_modules/zod
494 silly ADD node_modules/yocto-queue
495 silly ADD node_modules/wrappy
496 silly ADD node_modules/wrap-ansi-cjs
497 silly ADD node_modules/wrap-ansi-cjs/node_modules/string-width
498 silly ADD node_modules/wrap-ansi-cjs/node_modules/emoji-regex
499 silly ADD node_modules/wrap-ansi
500 silly ADD node_modules/wrap-ansi/node_modules/strip-ansi
501 silly ADD node_modules/wrap-ansi/node_modules/ansi-styles
502 silly ADD node_modules/wrap-ansi/node_modules/ansi-regex
503 silly ADD node_modules/word-wrap
504 silly ADD node_modules/which-typed-array
505 silly ADD node_modules/which-collection
506 silly ADD node_modules/which-builtin-type
507 silly ADD node_modules/which-boxed-primitive
508 silly ADD node_modules/which
509 silly ADD node_modules/util-deprecate
510 silly ADD node_modules/uri-js
511 silly ADD node_modules/unrs-resolver
512 silly ADD node_modules/undici-types
513 silly ADD node_modules/unbox-primitive
514 silly ADD node_modules/typescript
515 silly ADD node_modules/typed-array-length
516 silly ADD node_modules/typed-array-byte-offset
517 silly ADD node_modules/typed-array-byte-length
518 silly ADD node_modules/typed-array-buffer
519 silly ADD node_modules/type-fest
520 silly ADD node_modules/type-check
521 silly ADD node_modules/tslib
522 silly ADD node_modules/tsconfig-paths
523 silly ADD node_modules/ts-interface-checker
524 silly ADD node_modules/ts-api-utils
525 silly ADD node_modules/to-regex-range
526 silly ADD node_modules/tinyglobby
527 silly ADD node_modules/tinyglobby/node_modules/picomatch
528 silly ADD node_modules/tinyglobby/node_modules/fdir
529 silly ADD node_modules/thenify-all
530 silly ADD node_modules/thenify
531 silly ADD node_modules/text-table
532 silly ADD node_modules/tailwindcss
533 silly ADD node_modules/supports-preserve-symlinks-flag
534 silly ADD node_modules/supports-color
535 silly ADD node_modules/sucrase
536 silly ADD node_modules/styled-jsx
537 silly ADD node_modules/strip-json-comments
538 silly ADD node_modules/strip-bom
539 silly ADD node_modules/strip-ansi-cjs
540 silly ADD node_modules/strip-ansi
541 silly ADD node_modules/string.prototype.trimstart
542 silly ADD node_modules/string.prototype.trimend
543 silly ADD node_modules/string.prototype.trim
544 silly ADD node_modules/string.prototype.repeat
545 silly ADD node_modules/string.prototype.matchall
546 silly ADD node_modules/string.prototype.includes
547 silly ADD node_modules/string-width-cjs
548 silly ADD node_modules/string-width-cjs/node_modules/emoji-regex
549 silly ADD node_modules/string-width
550 silly ADD node_modules/string-width/node_modules/strip-ansi
551 silly ADD node_modules/string-width/node_modules/ansi-regex
552 silly ADD node_modules/streamsearch
553 silly ADD node_modules/stop-iteration-iterator
554 silly ADD node_modules/stable-hash
555 silly ADD node_modules/source-map-js
556 silly ADD node_modules/signal-exit
557 silly ADD node_modules/side-channel-weakmap
558 silly ADD node_modules/side-channel-map
559 silly ADD node_modules/side-channel-list
560 silly ADD node_modules/side-channel
561 silly ADD node_modules/shebang-regex
562 silly ADD node_modules/shebang-command
563 silly ADD node_modules/set-proto
564 silly ADD node_modules/set-function-name
565 silly ADD node_modules/set-function-length
566 silly ADD node_modules/semver
567 silly ADD node_modules/scheduler
568 silly ADD node_modules/safe-regex-test
569 silly ADD node_modules/safe-push-apply
570 silly ADD node_modules/safe-array-concat
571 silly ADD node_modules/rxjs
572 silly ADD node_modules/run-parallel
573 silly ADD node_modules/rimraf
574 silly ADD node_modules/rimraf/node_modules/glob
575 silly ADD node_modules/reusify
576 silly ADD node_modules/resolve-pkg-maps
577 silly ADD node_modules/resolve-from
578 silly ADD node_modules/resolve
579 silly ADD node_modules/regexp.prototype.flags
580 silly ADD node_modules/reflect.getprototypeof
581 silly ADD node_modules/readdirp
582 silly ADD node_modules/read-cache
583 silly ADD node_modules/react-is
584 silly ADD node_modules/react-hook-form
585 silly ADD node_modules/react-dom
586 silly ADD node_modules/react-daum-postcode
587 silly ADD node_modules/react
588 silly ADD node_modules/queue-microtask
589 silly ADD node_modules/punycode
590 silly ADD node_modules/prop-types
591 silly ADD node_modules/prelude-ls
592 silly ADD node_modules/postcss-value-parser
593 silly ADD node_modules/postcss-selector-parser
594 silly ADD node_modules/postcss-nested
595 silly ADD node_modules/postcss-load-config
596 silly ADD node_modules/postcss-js
597 silly ADD node_modules/postcss-import
598 silly ADD node_modules/postcss
599 silly ADD node_modules/possible-typed-array-names
600 silly ADD node_modules/pirates
601 silly ADD node_modules/pify
602 silly ADD node_modules/picomatch
603 silly ADD node_modules/picocolors
604 silly ADD node_modules/path-scurry
605 silly ADD node_modules/path-parse
606 silly ADD node_modules/path-key
607 silly ADD node_modules/path-is-absolute
608 silly ADD node_modules/path-exists
609 silly ADD node_modules/parent-module
610 silly ADD node_modules/p-locate
611 silly ADD node_modules/p-limit
612 silly ADD node_modules/own-keys
613 silly ADD node_modules/optionator
614 silly ADD node_modules/optimism
615 silly ADD node_modules/once
616 silly ADD node_modules/object.values
617 silly ADD node_modules/object.groupby
618 silly ADD node_modules/object.fromentries
619 silly ADD node_modules/object.entries
620 silly ADD node_modules/object.assign
621 silly ADD node_modules/object-keys
622 silly ADD node_modules/object-inspect
623 silly ADD node_modules/object-hash
624 silly ADD node_modules/object-assign
625 silly ADD node_modules/normalize-path
626 silly ADD node_modules/next
627 silly ADD node_modules/next/node_modules/postcss
628 silly ADD node_modules/natural-compare
629 silly ADD node_modules/napi-postinstall
630 silly ADD node_modules/nanoid
631 silly ADD node_modules/mz
632 silly ADD node_modules/ms
633 silly ADD node_modules/minipass
634 silly ADD node_modules/minimist
635 silly ADD node_modules/minimatch
636 silly ADD node_modules/micromatch
637 silly ADD node_modules/merge2
638 silly ADD node_modules/math-intrinsics
639 silly ADD node_modules/lru-cache
640 silly ADD node_modules/loose-envify
641 silly ADD node_modules/lodash.merge
642 silly ADD node_modules/locate-path
643 silly ADD node_modules/lines-and-columns
644 silly ADD node_modules/lilconfig
645 silly ADD node_modules/levn
646 silly ADD node_modules/language-tags
647 silly ADD node_modules/language-subtag-registry
648 silly ADD node_modules/keyv
649 silly ADD node_modules/jsx-ast-utils
650 silly ADD node_modules/json5
651 silly ADD node_modules/json-stable-stringify-without-jsonify
652 silly ADD node_modules/json-schema-traverse
653 silly ADD node_modules/json-buffer
654 silly ADD node_modules/js-yaml
655 silly ADD node_modules/js-tokens
656 silly ADD node_modules/jiti
657 silly ADD node_modules/jackspeak
658 silly ADD node_modules/iterator.prototype
659 silly ADD node_modules/isexe
660 silly ADD node_modules/isarray
661 silly ADD node_modules/is-weakset
662 silly ADD node_modules/is-weakref
663 silly ADD node_modules/is-weakmap
664 silly ADD node_modules/is-typed-array
665 silly ADD node_modules/is-symbol
666 silly ADD node_modules/is-string
667 silly ADD node_modules/is-shared-array-buffer
668 silly ADD node_modules/is-set
669 silly ADD node_modules/is-regex
670 silly ADD node_modules/is-plain-obj
671 silly ADD node_modules/is-path-inside
672 silly ADD node_modules/is-number-object
673 silly ADD node_modules/is-number
674 silly ADD node_modules/is-negative-zero
675 silly ADD node_modules/is-map
676 silly ADD node_modules/is-glob
677 silly ADD node_modules/is-generator-function
678 silly ADD node_modules/is-fullwidth-code-point
679 silly ADD node_modules/is-finalizationregistry
680 silly ADD node_modules/is-extglob
681 silly ADD node_modules/is-date-object
682 silly ADD node_modules/is-data-view
683 silly ADD node_modules/is-core-module
684 silly ADD node_modules/is-callable
685 silly ADD node_modules/is-bun-module
686 silly ADD node_modules/is-boolean-object
687 silly ADD node_modules/is-binary-path
688 silly ADD node_modules/is-bigint
689 silly ADD node_modules/is-async-function
690 silly ADD node_modules/is-array-buffer
691 silly ADD node_modules/internal-slot
692 silly ADD node_modules/inherits
693 silly ADD node_modules/inflight
694 silly ADD node_modules/imurmurhash
695 silly ADD node_modules/import-fresh
696 silly ADD node_modules/ignore
697 silly ADD node_modules/hasown
698 silly ADD node_modules/has-tostringtag
699 silly ADD node_modules/has-symbols
700 silly ADD node_modules/has-proto
701 silly ADD node_modules/has-property-descriptors
702 silly ADD node_modules/has-flag
703 silly ADD node_modules/has-bigints
704 silly ADD node_modules/graphql-tag
705 silly ADD node_modules/graphql
706 silly ADD node_modules/graphemer
707 silly ADD node_modules/graceful-fs
708 silly ADD node_modules/gopd
709 silly ADD node_modules/globalthis
710 silly ADD node_modules/globals
711 silly ADD node_modules/glob-parent
712 silly ADD node_modules/glob
713 silly ADD node_modules/glob/node_modules/minimatch
714 silly ADD node_modules/glob/node_modules/brace-expansion
715 silly ADD node_modules/get-tsconfig
716 silly ADD node_modules/get-symbol-description
717 silly ADD node_modules/get-proto
718 silly ADD node_modules/get-intrinsic
719 silly ADD node_modules/generator-function
720 silly ADD node_modules/functions-have-names
721 silly ADD node_modules/function.prototype.name
722 silly ADD node_modules/function-bind
723 silly ADD node_modules/fsevents
724 silly ADD node_modules/fs.realpath
725 silly ADD node_modules/foreground-child
726 silly ADD node_modules/for-each
727 silly ADD node_modules/flatted
728 silly ADD node_modules/flat-cache
729 silly ADD node_modules/find-up
730 silly ADD node_modules/fill-range
731 silly ADD node_modules/file-entry-cache
732 silly ADD node_modules/fastq
733 silly ADD node_modules/fast-levenshtein
734 silly ADD node_modules/fast-json-stable-stringify
735 silly ADD node_modules/fast-glob
736 silly ADD node_modules/fast-glob/node_modules/glob-parent
737 silly ADD node_modules/fast-deep-equal
738 silly ADD node_modules/extract-files
739 silly ADD node_modules/esutils
740 silly ADD node_modules/estraverse
741 silly ADD node_modules/esrecurse
742 silly ADD node_modules/esquery
743 silly ADD node_modules/espree
744 silly ADD node_modules/eslint-visitor-keys
745 silly ADD node_modules/eslint-scope
746 silly ADD node_modules/eslint-plugin-react-hooks
747 silly ADD node_modules/eslint-plugin-react
748 silly ADD node_modules/eslint-plugin-react/node_modules/semver
749 silly ADD node_modules/eslint-plugin-react/node_modules/resolve
750 silly ADD node_modules/eslint-plugin-react/node_modules/doctrine
751 silly ADD node_modules/eslint-plugin-jsx-a11y
752 silly ADD node_modules/eslint-plugin-import
753 silly ADD node_modules/eslint-plugin-import/node_modules/semver
754 silly ADD node_modules/eslint-plugin-import/node_modules/doctrine
755 silly ADD node_modules/eslint-plugin-import/node_modules/debug
756 silly ADD node_modules/eslint-module-utils
757 silly ADD node_modules/eslint-module-utils/node_modules/debug
758 silly ADD node_modules/eslint-import-resolver-typescript
759 silly ADD node_modules/eslint-import-resolver-node
760 silly ADD node_modules/eslint-import-resolver-node/node_modules/debug
761 silly ADD node_modules/eslint-config-next
762 silly ADD node_modules/eslint
763 silly ADD node_modules/escape-string-regexp
764 silly ADD node_modules/es-to-primitive
765 silly ADD node_modules/es-shim-unscopables
766 silly ADD node_modules/es-set-tostringtag
767 silly ADD node_modules/es-object-atoms
768 silly ADD node_modules/es-iterator-helpers
769 silly ADD node_modules/es-errors
770 silly ADD node_modules/es-define-property
771 silly ADD node_modules/es-abstract
772 silly ADD node_modules/emoji-regex
773 silly ADD node_modules/eastasianwidth
774 silly ADD node_modules/dunder-proto
775 silly ADD node_modules/doctrine
776 silly ADD node_modules/dlv
777 silly ADD node_modules/didyoumean
778 silly ADD node_modules/define-properties
779 silly ADD node_modules/define-data-property
780 silly ADD node_modules/deep-is
781 silly ADD node_modules/debug
782 silly ADD node_modules/data-view-byte-offset
783 silly ADD node_modules/data-view-byte-length
784 silly ADD node_modules/data-view-buffer
785 silly ADD node_modules/damerau-levenshtein
786 silly ADD node_modules/csstype
787 silly ADD node_modules/cssesc
788 silly ADD node_modules/cross-spawn
789 silly ADD node_modules/concat-map
790 silly ADD node_modules/commander
791 silly ADD node_modules/color-name
792 silly ADD node_modules/color-convert
793 silly ADD node_modules/client-only
794 silly ADD node_modules/chokidar
795 silly ADD node_modules/chokidar/node_modules/glob-parent
796 silly ADD node_modules/chalk
797 silly ADD node_modules/caniuse-lite
798 silly ADD node_modules/camelcase-css
799 silly ADD node_modules/callsites
800 silly ADD node_modules/call-bound
801 silly ADD node_modules/call-bind-apply-helpers
802 silly ADD node_modules/call-bind
803 silly ADD node_modules/busboy
804 silly ADD node_modules/braces
805 silly ADD node_modules/brace-expansion
806 silly ADD node_modules/binary-extensions
807 silly ADD node_modules/balanced-match
808 silly ADD node_modules/axobject-query
809 silly ADD node_modules/axe-core
810 silly ADD node_modules/available-typed-arrays
811 silly ADD node_modules/async-function
812 silly ADD node_modules/ast-types-flow
813 silly ADD node_modules/arraybuffer.prototype.slice
814 silly ADD node_modules/array.prototype.tosorted
815 silly ADD node_modules/array.prototype.flatmap
816 silly ADD node_modules/array.prototype.flat
817 silly ADD node_modules/array.prototype.findlastindex
818 silly ADD node_modules/array.prototype.findlast
819 silly ADD node_modules/array-includes
820 silly ADD node_modules/array-buffer-byte-length
821 silly ADD node_modules/aria-query
822 silly ADD node_modules/argparse
823 silly ADD node_modules/arg
824 silly ADD node_modules/apollo-upload-client
825 silly ADD node_modules/anymatch
826 silly ADD node_modules/any-promise
827 silly ADD node_modules/ansi-styles
828 silly ADD node_modules/ansi-regex
829 silly ADD node_modules/ajv
830 silly ADD node_modules/acorn-jsx
831 silly ADD node_modules/acorn
832 silly ADD node_modules/@wry/trie
833 silly ADD node_modules/@wry/equality
834 silly ADD node_modules/@wry/context
835 silly ADD node_modules/@wry/caches
836 silly ADD
837 silly ADD
838 silly ADD
839 silly ADD
840 silly ADD
841 silly ADD
842 silly ADD
843 silly ADD
844 silly ADD
845 silly ADD
846 silly ADD
847 silly ADD
848 silly ADD
849 silly ADD
850 silly ADD
851 silly ADD
852 silly ADD node_modules/@unrs/resolver-binding-darwin-arm64
853 silly ADD
854 silly ADD
855 silly ADD node_modules/@ungap/structured-clone
856 silly ADD node_modules/@typescript-eslint/visitor-keys
857 silly ADD node_modules/@typescript-eslint/visitor-keys/node_modules/eslint-visitor-keys
858 silly ADD node_modules/@typescript-eslint/utils
859 silly ADD node_modules/@typescript-eslint/typescript-estree
860 silly ADD node_modules/@typescript-eslint/typescript-estree/node_modules/minimatch
861 silly ADD node_modules/@typescript-eslint/typescript-estree/node_modules/brace-expansion
862 silly ADD node_modules/@typescript-eslint/types
863 silly ADD node_modules/@typescript-eslint/type-utils
864 silly ADD node_modules/@typescript-eslint/tsconfig-utils
865 silly ADD node_modules/@typescript-eslint/scope-manager
866 silly ADD node_modules/@typescript-eslint/project-service
867 silly ADD node_modules/@typescript-eslint/parser
868 silly ADD node_modules/@typescript-eslint/eslint-plugin
869 silly ADD node_modules/@typescript-eslint/eslint-plugin/node_modules/ignore
870 silly ADD node_modules/@types/react-dom
871 silly ADD node_modules/@types/react-daum-postcode
872 silly ADD node_modules/@types/react
873 silly ADD node_modules/@types/prop-types
874 silly ADD node_modules/@types/node
875 silly ADD node_modules/@types/json5
876 silly ADD
877 silly ADD node_modules/@tanstack/react-query
878 silly ADD node_modules/@tanstack/query-core
879 silly ADD node_modules/@swc/helpers
880 silly ADD node_modules/@swc/counter
881 silly ADD node_modules/@standard-schema/utils
882 silly ADD node_modules/@rushstack/eslint-patch
883 silly ADD node_modules/@rtsao/scc
884 silly ADD node_modules/@pkgjs/parseargs
885 silly ADD node_modules/@nolyfill/is-core-module
886 silly ADD node_modules/@nodelib/fs.walk
887 silly ADD node_modules/@nodelib/fs.stat
888 silly ADD node_modules/@nodelib/fs.scandir
889 silly ADD
890 silly ADD
891 silly ADD
892 silly ADD
893 silly ADD
894 silly ADD
895 silly ADD
896 silly ADD
897 silly ADD node_modules/@next/swc-darwin-arm64
898 silly ADD node_modules/@next/eslint-plugin-next
899 silly ADD node_modules/@next/env
900 silly ADD
901 silly ADD node_modules/@jridgewell/trace-mapping
902 silly ADD node_modules/@jridgewell/sourcemap-codec
903 silly ADD node_modules/@jridgewell/resolve-uri
904 silly ADD node_modules/@jridgewell/gen-mapping
905 silly ADD node_modules/@isaacs/cliui
906 silly ADD node_modules/@isaacs/cliui/node_modules/strip-ansi
907 silly ADD node_modules/@isaacs/cliui/node_modules/ansi-regex
908 silly ADD node_modules/@humanwhocodes/object-schema
909 silly ADD node_modules/@humanwhocodes/module-importer
910 silly ADD node_modules/@humanwhocodes/config-array
911 silly ADD node_modules/@hookform/resolvers
912 silly ADD node_modules/@graphql-typed-document-node/core
913 silly ADD node_modules/@eslint/js
914 silly ADD node_modules/@eslint/eslintrc
915 silly ADD node_modules/@eslint-community/regexpp
916 silly ADD node_modules/@eslint-community/eslint-utils
917 silly ADD
918 silly ADD
919 silly ADD
920 silly ADD node_modules/@apollo/client
921 silly ADD node_modules/@alloc/quick-lru
922 verbose cwd /Users/sohee/Documents/triptalk
923 verbose os Darwin 24.6.0
924 verbose node v22.19.0
925 verbose npm  v10.9.3
926 verbose exit 0
927 info ok
