0 verbose cli /usr/local/bin/node /usr/local/bin/npm
1 info using npm@10.9.3
2 info using node@v22.19.0
3 silly config load:file:/usr/local/lib/node_modules/npm/npmrc
4 silly config load:file:/Users/sohee/Documents/triptalk/.npmrc
5 silly config load:file:/Users/sohee/.npmrc
6 silly config load:file:/usr/local/etc/npmrc
7 verbose title npm i react-daum-postcode @types/react-daum-postcode
8 verbose argv "i" "react-daum-postcode" "@types/react-daum-postcode" "--save-dev" "--cache" ".npm-cache"
9 verbose logfile logs-max:10 dir:/Users/sohee/Documents/triptalk/.npm-cache/_logs/2025-10-30T06_50_30_979Z-
10 verbose logfile /Users/sohee/Documents/triptalk/.npm-cache/_logs/2025-10-30T06_50_30_979Z-debug-0.log
11 silly logfile done cleaning log files
12 silly packumentCache heap:4345298944 maxSize:1086324736 maxEntrySize:543162368
13 silly idealTree buildDeps
14 silly fetch manifest react-daum-postcode@*
15 silly packumentCache full:https://registry.npmjs.org/react-daum-postcode cache-miss
16 http fetch GET 200 https://registry.npmjs.org/react-daum-postcode 100ms (cache miss)
17 silly packumentCache full:https://registry.npmjs.org/react-daum-postcode set size:undefined disposed:false
18 silly fetch manifest react@^18
19 silly packumentCache full:https://registry.npmjs.org/react cache-miss
20 http fetch GET 200 https://registry.npmjs.org/react 177ms (cache miss)
21 silly packumentCache full:https://registry.npmjs.org/react set size:undefined disposed:false
22 silly fetch manifest @types/react-daum-postcode@*
23 silly packumentCache full:https://registry.npmjs.org/@types%2freact-daum-postcode cache-miss
24 http fetch GET 200 https://registry.npmjs.org/@types%2freact-daum-postcode 50ms (cache miss)
25 silly packumentCache full:https://registry.npmjs.org/@types%2freact-daum-postcode set size:undefined disposed:false
26 silly placeDep ROOT @types/react-daum-postcode@1.3.4 OK for: triptalk@0.1.0 want: *
27 silly placeDep ROOT react-daum-postcode@3.2.0 OK for: triptalk@0.1.0 want: *
28 silly reify moves {}
29 silly audit bulk request {
29 silly audit   '@alloc/quick-lru': [ '5.2.0' ],
29 silly audit   '@apollo/client': [ '4.0.7' ],
29 silly audit   '@emnapi/core': [ '1.6.0' ],
29 silly audit   '@emnapi/runtime': [ '1.6.0' ],
29 silly audit   '@emnapi/wasi-threads': [ '1.1.0' ],
29 silly audit   '@eslint-community/eslint-utils': [ '4.9.0' ],
29 silly audit   '@eslint-community/regexpp': [ '4.12.1' ],
29 silly audit   '@eslint/eslintrc': [ '2.1.4' ],
29 silly audit   '@eslint/js': [ '8.57.1' ],
29 silly audit   '@graphql-typed-document-node/core': [ '3.2.0' ],
29 silly audit   '@hookform/resolvers': [ '5.2.2' ],
29 silly audit   '@humanwhocodes/config-array': [ '0.13.0' ],
29 silly audit   '@humanwhocodes/module-importer': [ '1.0.1' ],
29 silly audit   '@humanwhocodes/object-schema': [ '2.0.3' ],
29 silly audit   '@isaacs/cliui': [ '8.0.2' ],
29 silly audit   'ansi-regex': [ '6.2.2', '5.0.1' ],
29 silly audit   'strip-ansi': [ '7.1.2', '6.0.1' ],
29 silly audit   '@jridgewell/gen-mapping': [ '0.3.13' ],
29 silly audit   '@jridgewell/resolve-uri': [ '3.1.2' ],
29 silly audit   '@jridgewell/sourcemap-codec': [ '1.5.5' ],
29 silly audit   '@jridgewell/trace-mapping': [ '0.3.31' ],
29 silly audit   '@napi-rs/wasm-runtime': [ '0.2.12' ],
29 silly audit   '@next/env': [ '14.2.32' ],
29 silly audit   '@next/eslint-plugin-next': [ '14.2.32' ],
29 silly audit   '@next/swc-darwin-arm64': [ '14.2.32' ],
29 silly audit   '@next/swc-darwin-x64': [ '14.2.32' ],
29 silly audit   '@next/swc-linux-arm64-gnu': [ '14.2.32' ],
29 silly audit   '@next/swc-linux-arm64-musl': [ '14.2.32' ],
29 silly audit   '@next/swc-linux-x64-gnu': [ '14.2.32' ],
29 silly audit   '@next/swc-linux-x64-musl': [ '14.2.32' ],
29 silly audit   '@next/swc-win32-arm64-msvc': [ '14.2.32' ],
29 silly audit   '@next/swc-win32-ia32-msvc': [ '14.2.32' ],
29 silly audit   '@next/swc-win32-x64-msvc': [ '14.2.32' ],
29 silly audit   '@nodelib/fs.scandir': [ '2.1.5' ],
29 silly audit   '@nodelib/fs.stat': [ '2.0.5' ],
29 silly audit   '@nodelib/fs.walk': [ '1.2.8' ],
29 silly audit   '@nolyfill/is-core-module': [ '1.0.39' ],
29 silly audit   '@pkgjs/parseargs': [ '0.11.0' ],
29 silly audit   '@rtsao/scc': [ '1.1.0' ],
29 silly audit   '@rushstack/eslint-patch': [ '1.14.0' ],
29 silly audit   '@standard-schema/utils': [ '0.3.0' ],
29 silly audit   '@swc/counter': [ '0.1.3' ],
29 silly audit   '@swc/helpers': [ '0.5.5' ],
29 silly audit   '@tanstack/query-core': [ '5.90.5' ],
29 silly audit   '@tanstack/react-query': [ '5.90.5' ],
29 silly audit   '@tybys/wasm-util': [ '0.10.1' ],
29 silly audit   '@types/json5': [ '0.0.29' ],
29 silly audit   '@types/node': [ '20.19.23' ],
29 silly audit   '@types/prop-types': [ '15.7.15' ],
29 silly audit   '@types/react': [ '18.3.26' ],
29 silly audit   '@types/react-dom': [ '18.3.7' ],
29 silly audit   '@typescript-eslint/eslint-plugin': [ '8.46.2' ],
29 silly audit   ignore: [ '7.0.5', '5.3.2' ],
29 silly audit   '@typescript-eslint/parser': [ '8.46.2' ],
29 silly audit   '@typescript-eslint/project-service': [ '8.46.2' ],
29 silly audit   '@typescript-eslint/scope-manager': [ '8.46.2' ],
29 silly audit   '@typescript-eslint/tsconfig-utils': [ '8.46.2' ],
29 silly audit   '@typescript-eslint/type-utils': [ '8.46.2' ],
29 silly audit   '@typescript-eslint/types': [ '8.46.2' ],
29 silly audit   '@typescript-eslint/typescript-estree': [ '8.46.2' ],
29 silly audit   'brace-expansion': [ '2.0.2', '1.1.12' ],
29 silly audit   minimatch: [ '9.0.5', '3.1.2' ],
29 silly audit   '@typescript-eslint/utils': [ '8.46.2' ],
29 silly audit   '@typescript-eslint/visitor-keys': [ '8.46.2' ],
29 silly audit   'eslint-visitor-keys': [ '4.2.1', '3.4.3' ],
29 silly audit   '@ungap/structured-clone': [ '1.3.0' ],
29 silly audit   '@unrs/resolver-binding-android-arm-eabi': [ '1.11.1' ],
29 silly audit   '@unrs/resolver-binding-android-arm64': [ '1.11.1' ],
29 silly audit   '@unrs/resolver-binding-darwin-arm64': [ '1.11.1' ],
29 silly audit   '@unrs/resolver-binding-darwin-x64': [ '1.11.1' ],
29 silly audit   '@unrs/resolver-binding-freebsd-x64': [ '1.11.1' ],
29 silly audit   '@unrs/resolver-binding-linux-arm-gnueabihf': [ '1.11.1' ],
29 silly audit   '@unrs/resolver-binding-linux-arm-musleabihf': [ '1.11.1' ],
29 silly audit   '@unrs/resolver-binding-linux-arm64-gnu': [ '1.11.1' ],
29 silly audit   '@unrs/resolver-binding-linux-arm64-musl': [ '1.11.1' ],
29 silly audit   '@unrs/resolver-binding-linux-ppc64-gnu': [ '1.11.1' ],
29 silly audit   '@unrs/resolver-binding-linux-riscv64-gnu': [ '1.11.1' ],
29 silly audit   '@unrs/resolver-binding-linux-riscv64-musl': [ '1.11.1' ],
29 silly audit   '@unrs/resolver-binding-linux-s390x-gnu': [ '1.11.1' ],
29 silly audit   '@unrs/resolver-binding-linux-x64-gnu': [ '1.11.1' ],
29 silly audit   '@unrs/resolver-binding-linux-x64-musl': [ '1.11.1' ],
29 silly audit   '@unrs/resolver-binding-wasm32-wasi': [ '1.11.1' ],
29 silly audit   '@unrs/resolver-binding-win32-arm64-msvc': [ '1.11.1' ],
29 silly audit   '@unrs/resolver-binding-win32-ia32-msvc': [ '1.11.1' ],
29 silly audit   '@unrs/resolver-binding-win32-x64-msvc': [ '1.11.1' ],
29 silly audit   '@wry/caches': [ '1.0.1' ],
29 silly audit   '@wry/context': [ '0.7.4' ],
29 silly audit   '@wry/equality': [ '0.5.7' ],
29 silly audit   '@wry/trie': [ '0.5.0' ],
29 silly audit   acorn: [ '8.15.0' ],
29 silly audit   'acorn-jsx': [ '5.3.2' ],
29 silly audit   ajv: [ '6.12.6' ],
29 silly audit   'ansi-styles': [ '4.3.0', '6.2.3' ],
29 silly audit   'any-promise': [ '1.3.0' ],
29 silly audit   anymatch: [ '3.1.3' ],
29 silly audit   arg: [ '5.0.2' ],
29 silly audit   argparse: [ '2.0.1' ],
29 silly audit   'aria-query': [ '5.3.2' ],
29 silly audit   'array-buffer-byte-length': [ '1.0.2' ],
29 silly audit   'array-includes': [ '3.1.9' ],
29 silly audit   'array.prototype.findlast': [ '1.2.5' ],
29 silly audit   'array.prototype.findlastindex': [ '1.2.6' ],
29 silly audit   'array.prototype.flat': [ '1.3.3' ],
29 silly audit   'array.prototype.flatmap': [ '1.3.3' ],
29 silly audit   'array.prototype.tosorted': [ '1.1.4' ],
29 silly audit   'arraybuffer.prototype.slice': [ '1.0.4' ],
29 silly audit   'ast-types-flow': [ '0.0.8' ],
29 silly audit   'async-function': [ '1.0.0' ],
29 silly audit   'available-typed-arrays': [ '1.0.7' ],
29 silly audit   'axe-core': [ '4.11.0' ],
29 silly audit   'axobject-query': [ '4.1.0' ],
29 silly audit   'balanced-match': [ '1.0.2' ],
29 silly audit   'binary-extensions': [ '2.3.0' ],
29 silly audit   braces: [ '3.0.3' ],
29 silly audit   busboy: [ '1.6.0' ],
29 silly audit   'call-bind': [ '1.0.8' ],
29 silly audit   'call-bind-apply-helpers': [ '1.0.2' ],
29 silly audit   'call-bound': [ '1.0.4' ],
29 silly audit   callsites: [ '3.1.0' ],
29 silly audit   'camelcase-css': [ '2.0.1' ],
29 silly audit   'caniuse-lite': [ '1.0.30001751' ],
29 silly audit   chalk: [ '4.1.2' ],
29 silly audit   chokidar: [ '3.6.0' ],
29 silly audit   'glob-parent': [ '5.1.2', '6.0.2' ],
29 silly audit   'client-only': [ '0.0.1' ],
29 silly audit   'color-convert': [ '2.0.1' ],
29 silly audit   'color-name': [ '1.1.4' ],
29 silly audit   commander: [ '4.1.1' ],
29 silly audit   'concat-map': [ '0.0.1' ],
29 silly audit   'cross-spawn': [ '7.0.6' ],
29 silly audit   cssesc: [ '3.0.0' ],
29 silly audit   csstype: [ '3.1.3' ],
29 silly audit   'damerau-levenshtein': [ '1.0.8' ],
29 silly audit   'data-view-buffer': [ '1.0.2' ],
29 silly audit   'data-view-byte-length': [ '1.0.2' ],
29 silly audit   'data-view-byte-offset': [ '1.0.1' ],
29 silly audit   debug: [ '4.4.3', '3.2.7' ],
29 silly audit   'deep-is': [ '0.1.4' ],
29 silly audit   'define-data-property': [ '1.1.4' ],
29 silly audit   'define-properties': [ '1.2.1' ],
29 silly audit   didyoumean: [ '1.2.2' ],
29 silly audit   dlv: [ '1.1.3' ],
29 silly audit   doctrine: [ '3.0.0', '2.1.0' ],
29 silly audit   'dunder-proto': [ '1.0.1' ],
29 silly audit   eastasianwidth: [ '0.2.0' ],
29 silly audit   'emoji-regex': [ '9.2.2', '8.0.0' ],
29 silly audit   'es-abstract': [ '1.24.0' ],
29 silly audit   'es-define-property': [ '1.0.1' ],
29 silly audit   'es-errors': [ '1.3.0' ],
29 silly audit   'es-iterator-helpers': [ '1.2.1' ],
29 silly audit   'es-object-atoms': [ '1.1.1' ],
29 silly audit   'es-set-tostringtag': [ '2.1.0' ],
29 silly audit   'es-shim-unscopables': [ '1.1.0' ],
29 silly audit   'es-to-primitive': [ '1.3.0' ],
29 silly audit   'escape-string-regexp': [ '4.0.0' ],
29 silly audit   eslint: [ '8.57.1' ],
29 silly audit   'eslint-config-next': [ '14.2.32' ],
29 silly audit   'eslint-import-resolver-node': [ '0.3.9' ],
29 silly audit   'eslint-import-resolver-typescript': [ '3.10.1' ],
29 silly audit   'eslint-module-utils': [ '2.12.1' ],
29 silly audit   'eslint-plugin-import': [ '2.32.0' ],
29 silly audit   semver: [ '6.3.1', '7.7.3' ],
29 silly audit   'eslint-plugin-jsx-a11y': [ '6.10.2' ],
29 silly audit   'eslint-plugin-react': [ '7.37.5' ],
29 silly audit   'eslint-plugin-react-hooks': [ '5.0.0-canary-7118f5dd7-20230705' ],
29 silly audit   resolve: [ '2.0.0-next.5', '1.22.11' ],
29 silly audit   'eslint-scope': [ '7.2.2' ],
29 silly audit   espree: [ '9.6.1' ],
29 silly audit   esquery: [ '1.6.0' ],
29 silly audit   esrecurse: [ '4.3.0' ],
29 silly audit   estraverse: [ '5.3.0' ],
29 silly audit   esutils: [ '2.0.3' ],
29 silly audit   'fast-deep-equal': [ '3.1.3' ],
29 silly audit   'fast-glob': [ '3.3.3' ],
29 silly audit   'fast-json-stable-stringify': [ '2.1.0' ],
29 silly audit   'fast-levenshtein': [ '2.0.6' ],
29 silly audit   fastq: [ '1.19.1' ],
29 silly audit   'file-entry-cache': [ '6.0.1' ],
29 silly audit   'fill-range': [ '7.1.1' ],
29 silly audit   'find-up': [ '5.0.0' ],
29 silly audit   'flat-cache': [ '3.2.0' ],
29 silly audit   flatted: [ '3.3.3' ],
29 silly audit   'for-each': [ '0.3.5' ],
29 silly audit   'foreground-child': [ '3.3.1' ],
29 silly audit   'fs.realpath': [ '1.0.0' ],
29 silly audit   fsevents: [ '2.3.3' ],
29 silly audit   'function-bind': [ '1.1.2' ],
29 silly audit   'function.prototype.name': [ '1.1.8' ],
29 silly audit   'functions-have-names': [ '1.2.3' ],
29 silly audit   'generator-function': [ '2.0.1' ],
29 silly audit   'get-intrinsic': [ '1.3.0' ],
29 silly audit   'get-proto': [ '1.0.1' ],
29 silly audit   'get-symbol-description': [ '1.1.0' ],
29 silly audit   'get-tsconfig': [ '4.12.0' ],
29 silly audit   glob: [ '10.3.10', '7.2.3' ],
29 silly audit   globals: [ '13.24.0' ],
29 silly audit   globalthis: [ '1.0.4' ],
29 silly audit   gopd: [ '1.2.0' ],
29 silly audit   'graceful-fs': [ '4.2.11' ],
29 silly audit   graphemer: [ '1.4.0' ],
29 silly audit   graphql: [ '16.11.0' ],
29 silly audit   'graphql-tag': [ '2.12.6' ],
29 silly audit   'has-bigints': [ '1.1.0' ],
29 silly audit   'has-flag': [ '4.0.0' ],
29 silly audit   'has-property-descriptors': [ '1.0.2' ],
29 silly audit   'has-proto': [ '1.2.0' ],
29 silly audit   'has-symbols': [ '1.1.0' ],
29 silly audit   'has-tostringtag': [ '1.0.2' ],
29 silly audit   hasown: [ '2.0.2' ],
29 silly audit   'import-fresh': [ '3.3.1' ],
29 silly audit   imurmurhash: [ '0.1.4' ],
29 silly audit   inflight: [ '1.0.6' ],
29 silly audit   inherits: [ '2.0.4' ],
29 silly audit   'internal-slot': [ '1.1.0' ],
29 silly audit   'is-array-buffer': [ '3.0.5' ],
29 silly audit   'is-async-function': [ '2.1.1' ],
29 silly audit   'is-bigint': [ '1.1.0' ],
29 silly audit   'is-binary-path': [ '2.1.0' ],
29 silly audit   'is-boolean-object': [ '1.2.2' ],
29 silly audit   'is-bun-module': [ '2.0.0' ],
29 silly audit   'is-callable': [ '1.2.7' ],
29 silly audit   'is-core-module': [ '2.16.1' ],
29 silly audit   'is-data-view': [ '1.0.2' ],
29 silly audit   'is-date-object': [ '1.1.0' ],
29 silly audit   'is-extglob': [ '2.1.1' ],
29 silly audit   'is-finalizationregistry': [ '1.1.1' ],
29 silly audit   'is-fullwidth-code-point': [ '3.0.0' ],
29 silly audit   'is-generator-function': [ '1.1.2' ],
29 silly audit   'is-glob': [ '4.0.3' ],
29 silly audit   'is-map': [ '2.0.3' ],
29 silly audit   'is-negative-zero': [ '2.0.3' ],
29 silly audit   'is-number': [ '7.0.0' ],
29 silly audit   'is-number-object': [ '1.1.1' ],
29 silly audit   'is-path-inside': [ '3.0.3' ],
29 silly audit   'is-regex': [ '1.2.1' ],
29 silly audit   'is-set': [ '2.0.3' ],
29 silly audit   'is-shared-array-buffer': [ '1.0.4' ],
29 silly audit   'is-string': [ '1.1.1' ],
29 silly audit   'is-symbol': [ '1.1.1' ],
29 silly audit   'is-typed-array': [ '1.1.15' ],
29 silly audit   'is-weakmap': [ '2.0.2' ],
29 silly audit   'is-weakref': [ '1.1.1' ],
29 silly audit   'is-weakset': [ '2.0.4' ],
29 silly audit   isarray: [ '2.0.5' ],
29 silly audit   isexe: [ '2.0.0' ],
29 silly audit   'iterator.prototype': [ '1.1.5' ],
29 silly audit   jackspeak: [ '2.3.6' ],
29 silly audit   jiti: [ '1.21.7' ],
29 silly audit   'js-tokens': [ '4.0.0' ],
29 silly audit   'js-yaml': [ '4.1.0' ],
29 silly audit   'json-buffer': [ '3.0.1' ],
29 silly audit   'json-schema-traverse': [ '0.4.1' ],
29 silly audit   'json-stable-stringify-without-jsonify': [ '1.0.1' ],
29 silly audit   json5: [ '1.0.2' ],
29 silly audit   'jsx-ast-utils': [ '3.3.5' ],
29 silly audit   keyv: [ '4.5.4' ],
29 silly audit   'language-subtag-registry': [ '0.3.23' ],
29 silly audit   'language-tags': [ '1.0.9' ],
29 silly audit   levn: [ '0.4.1' ],
29 silly audit   lilconfig: [ '3.1.3' ],
29 silly audit   'lines-and-columns': [ '1.2.4' ],
29 silly audit   'locate-path': [ '6.0.0' ],
29 silly audit   'lodash.merge': [ '4.6.2' ],
29 silly audit   'loose-envify': [ '1.4.0' ],
29 silly audit   'lru-cache': [ '10.4.3' ],
29 silly audit   'math-intrinsics': [ '1.1.0' ],
29 silly audit   merge2: [ '1.4.1' ],
29 silly audit   micromatch: [ '4.0.8' ],
29 silly audit   minimist: [ '1.2.8' ],
29 silly audit   minipass: [ '7.1.2' ],
29 silly audit   ms: [ '2.1.3' ],
29 silly audit   mz: [ '2.7.0' ],
29 silly audit   nanoid: [ '3.3.11' ],
29 silly audit   'napi-postinstall': [ '0.3.4' ],
29 silly audit   'natural-compare': [ '1.4.0' ],
29 silly audit   next: [ '14.2.32' ],
29 silly audit   postcss: [ '8.4.31', '8.5.6' ],
29 silly audit   'normalize-path': [ '3.0.0' ],
29 silly audit   'object-assign': [ '4.1.1' ],
29 silly audit   'object-hash': [ '3.0.0' ],
29 silly audit   'object-inspect': [ '1.13.4' ],
29 silly audit   'object-keys': [ '1.1.1' ],
29 silly audit   'object.assign': [ '4.1.7' ],
29 silly audit   'object.entries': [ '1.1.9' ],
29 silly audit   'object.fromentries': [ '2.0.8' ],
29 silly audit   'object.groupby': [ '1.0.3' ],
29 silly audit   'object.values': [ '1.2.1' ],
29 silly audit   once: [ '1.4.0' ],
29 silly audit   optimism: [ '0.18.1' ],
29 silly audit   optionator: [ '0.9.4' ],
29 silly audit   'own-keys': [ '1.0.1' ],
29 silly audit   'p-limit': [ '3.1.0' ],
29 silly audit   'p-locate': [ '5.0.0' ],
29 silly audit   'parent-module': [ '1.0.1' ],
29 silly audit   'path-exists': [ '4.0.0' ],
29 silly audit   'path-is-absolute': [ '1.0.1' ],
29 silly audit   'path-key': [ '3.1.1' ],
29 silly audit   'path-parse': [ '1.0.7' ],
29 silly audit   'path-scurry': [ '1.11.1' ],
29 silly audit   picocolors: [ '1.1.1' ],
29 silly audit   picomatch: [ '2.3.1', '4.0.3' ],
29 silly audit   pify: [ '2.3.0' ],
29 silly audit   pirates: [ '4.0.7' ],
29 silly audit   'possible-typed-array-names': [ '1.1.0' ],
29 silly audit   'postcss-import': [ '15.1.0' ],
29 silly audit   'postcss-js': [ '4.1.0' ],
29 silly audit   'postcss-load-config': [ '6.0.1' ],
29 silly audit   'postcss-nested': [ '6.2.0' ],
29 silly audit   'postcss-selector-parser': [ '6.1.2' ],
29 silly audit   'postcss-value-parser': [ '4.2.0' ],
29 silly audit   'prelude-ls': [ '1.2.1' ],
29 silly audit   'prop-types': [ '15.8.1' ],
29 silly audit   punycode: [ '2.3.1' ],
29 silly audit   'queue-microtask': [ '1.2.3' ],
29 silly audit   react: [ '18.3.1' ],
29 silly audit   'react-dom': [ '18.3.1' ],
29 silly audit   'react-hook-form': [ '7.65.0' ],
29 silly audit   'react-is': [ '16.13.1' ],
29 silly audit   'read-cache': [ '1.0.0' ],
29 silly audit   readdirp: [ '3.6.0' ],
29 silly audit   'reflect.getprototypeof': [ '1.0.10' ],
29 silly audit   'regexp.prototype.flags': [ '1.5.4' ],
29 silly audit   'resolve-from': [ '4.0.0' ],
29 silly audit   'resolve-pkg-maps': [ '1.0.0' ],
29 silly audit   reusify: [ '1.1.0' ],
29 silly audit   rimraf: [ '3.0.2' ],
29 silly audit   'run-parallel': [ '1.2.0' ],
29 silly audit   rxjs: [ '7.8.2' ],
29 silly audit   'safe-array-concat': [ '1.1.3' ],
29 silly audit   'safe-push-apply': [ '1.0.0' ],
29 silly audit   'safe-regex-test': [ '1.1.0' ],
29 silly audit   scheduler: [ '0.23.2' ],
29 silly audit   'set-function-length': [ '1.2.2' ],
29 silly audit   'set-function-name': [ '2.0.2' ],
29 silly audit   'set-proto': [ '1.0.0' ],
29 silly audit   'shebang-command': [ '2.0.0' ],
29 silly audit   'shebang-regex': [ '3.0.0' ],
29 silly audit   'side-channel': [ '1.1.0' ],
29 silly audit   'side-channel-list': [ '1.0.0' ],
29 silly audit   'side-channel-map': [ '1.0.1' ],
29 silly audit   'side-channel-weakmap': [ '1.0.2' ],
29 silly audit   'signal-exit': [ '4.1.0' ],
29 silly audit   'source-map-js': [ '1.2.1' ],
29 silly audit   'stable-hash': [ '0.0.5' ],
29 silly audit   'stop-iteration-iterator': [ '1.1.0' ],
29 silly audit   streamsearch: [ '1.1.0' ],
29 silly audit   'string-width': [ '5.1.2', '4.2.3' ],
29 silly audit   'string.prototype.includes': [ '2.0.1' ],
29 silly audit   'string.prototype.matchall': [ '4.0.12' ],
29 silly audit   'string.prototype.repeat': [ '1.0.0' ],
29 silly audit   'string.prototype.trim': [ '1.2.10' ],
29 silly audit   'string.prototype.trimend': [ '1.0.9' ],
29 silly audit   'string.prototype.trimstart': [ '1.0.8' ],
29 silly audit   'strip-bom': [ '3.0.0' ],
29 silly audit   'strip-json-comments': [ '3.1.1' ],
29 silly audit   'styled-jsx': [ '5.1.1' ],
29 silly audit   sucrase: [ '3.35.0' ],
29 silly audit   'supports-color': [ '7.2.0' ],
29 silly audit   'supports-preserve-symlinks-flag': [ '1.0.0' ],
29 silly audit   tailwindcss: [ '3.4.18' ],
29 silly audit   'text-table': [ '0.2.0' ],
29 silly audit   thenify: [ '3.3.1' ],
29 silly audit   'thenify-all': [ '1.6.0' ],
29 silly audit   tinyglobby: [ '0.2.15' ],
29 silly audit   fdir: [ '6.5.0' ],
29 silly audit   'to-regex-range': [ '5.0.1' ],
29 silly audit   'ts-api-utils': [ '2.1.0' ],
29 silly audit   'ts-interface-checker': [ '0.1.13' ],
29 silly audit   'tsconfig-paths': [ '3.15.0' ],
29 silly audit   tslib: [ '2.8.1' ],
29 silly audit   'type-check': [ '0.4.0' ],
29 silly audit   'type-fest': [ '0.20.2' ],
29 silly audit   'typed-array-buffer': [ '1.0.3' ],
29 silly audit   'typed-array-byte-length': [ '1.0.3' ],
29 silly audit   'typed-array-byte-offset': [ '1.0.4' ],
29 silly audit   'typed-array-length': [ '1.0.7' ],
29 silly audit   typescript: [ '5.9.3' ],
29 silly audit   'unbox-primitive': [ '1.1.0' ],
29 silly audit   'undici-types': [ '6.21.0' ],
29 silly audit   'unrs-resolver': [ '1.11.1' ],
29 silly audit   'uri-js': [ '4.4.1' ],
29 silly audit   'util-deprecate': [ '1.0.2' ],
29 silly audit   which: [ '2.0.2' ],
29 silly audit   'which-boxed-primitive': [ '1.1.1' ],
29 silly audit   'which-builtin-type': [ '1.2.1' ],
29 silly audit   'which-collection': [ '1.0.2' ],
29 silly audit   'which-typed-array': [ '1.1.19' ],
29 silly audit   'word-wrap': [ '1.2.5' ],
29 silly audit   'wrap-ansi': [ '8.1.0', '7.0.0' ],
29 silly audit   wrappy: [ '1.0.2' ],
29 silly audit   'yocto-queue': [ '0.1.0' ],
29 silly audit   zod: [ '4.1.12' ],
29 silly audit   '@types/react-daum-postcode': [ '1.3.4' ],
29 silly audit   'react-daum-postcode': [ '3.2.0' ]
29 silly audit }
30 verbose reify failed optional dependency /Users/sohee/Documents/triptalk/node_modules/@unrs/resolver-binding-win32-x64-msvc
31 silly reify mark deleted [
31 silly reify   '/Users/sohee/Documents/triptalk/node_modules/@unrs/resolver-binding-win32-x64-msvc'
31 silly reify ]
32 verbose reify failed optional dependency /Users/sohee/Documents/triptalk/node_modules/@unrs/resolver-binding-win32-ia32-msvc
33 silly reify mark deleted [
33 silly reify   '/Users/sohee/Documents/triptalk/node_modules/@unrs/resolver-binding-win32-ia32-msvc'
33 silly reify ]
34 verbose reify failed optional dependency /Users/sohee/Documents/triptalk/node_modules/@unrs/resolver-binding-win32-arm64-msvc
35 silly reify mark deleted [
35 silly reify   '/Users/sohee/Documents/triptalk/node_modules/@unrs/resolver-binding-win32-arm64-msvc'
35 silly reify ]
36 verbose reify failed optional dependency /Users/sohee/Documents/triptalk/node_modules/@unrs/resolver-binding-wasm32-wasi
37 silly reify mark deleted [
37 silly reify   '/Users/sohee/Documents/triptalk/node_modules/@unrs/resolver-binding-wasm32-wasi'
37 silly reify ]
38 verbose reify failed optional dependency /Users/sohee/Documents/triptalk/node_modules/@napi-rs/wasm-runtime
39 silly reify mark deleted [
39 silly reify   '/Users/sohee/Documents/triptalk/node_modules/@napi-rs/wasm-runtime'
39 silly reify ]
40 verbose reify failed optional dependency /Users/sohee/Documents/triptalk/node_modules/@emnapi/core
41 silly reify mark deleted [ '/Users/sohee/Documents/triptalk/node_modules/@emnapi/core' ]
42 verbose reify failed optional dependency /Users/sohee/Documents/triptalk/node_modules/@emnapi/runtime
43 silly reify mark deleted [ '/Users/sohee/Documents/triptalk/node_modules/@emnapi/runtime' ]
44 verbose reify failed optional dependency /Users/sohee/Documents/triptalk/node_modules/@tybys/wasm-util
45 silly reify mark deleted [ '/Users/sohee/Documents/triptalk/node_modules/@tybys/wasm-util' ]
46 verbose reify failed optional dependency /Users/sohee/Documents/triptalk/node_modules/@emnapi/wasi-threads
47 silly reify mark deleted [ '/Users/sohee/Documents/triptalk/node_modules/@emnapi/wasi-threads' ]
48 verbose reify failed optional dependency /Users/sohee/Documents/triptalk/node_modules/@unrs/resolver-binding-linux-x64-musl
49 silly reify mark deleted [
49 silly reify   '/Users/sohee/Documents/triptalk/node_modules/@unrs/resolver-binding-linux-x64-musl'
49 silly reify ]
50 verbose reify failed optional dependency /Users/sohee/Documents/triptalk/node_modules/@unrs/resolver-binding-linux-x64-gnu
51 silly reify mark deleted [
51 silly reify   '/Users/sohee/Documents/triptalk/node_modules/@unrs/resolver-binding-linux-x64-gnu'
51 silly reify ]
52 verbose reify failed optional dependency /Users/sohee/Documents/triptalk/node_modules/@unrs/resolver-binding-linux-s390x-gnu
53 silly reify mark deleted [
53 silly reify   '/Users/sohee/Documents/triptalk/node_modules/@unrs/resolver-binding-linux-s390x-gnu'
53 silly reify ]
54 verbose reify failed optional dependency /Users/sohee/Documents/triptalk/node_modules/@unrs/resolver-binding-linux-riscv64-musl
55 silly reify mark deleted [
55 silly reify   '/Users/sohee/Documents/triptalk/node_modules/@unrs/resolver-binding-linux-riscv64-musl'
55 silly reify ]
56 verbose reify failed optional dependency /Users/sohee/Documents/triptalk/node_modules/@unrs/resolver-binding-linux-riscv64-gnu
57 silly reify mark deleted [
57 silly reify   '/Users/sohee/Documents/triptalk/node_modules/@unrs/resolver-binding-linux-riscv64-gnu'
57 silly reify ]
58 verbose reify failed optional dependency /Users/sohee/Documents/triptalk/node_modules/@unrs/resolver-binding-linux-ppc64-gnu
59 silly reify mark deleted [
59 silly reify   '/Users/sohee/Documents/triptalk/node_modules/@unrs/resolver-binding-linux-ppc64-gnu'
59 silly reify ]
60 verbose reify failed optional dependency /Users/sohee/Documents/triptalk/node_modules/@unrs/resolver-binding-linux-arm64-musl
61 silly reify mark deleted [
61 silly reify   '/Users/sohee/Documents/triptalk/node_modules/@unrs/resolver-binding-linux-arm64-musl'
61 silly reify ]
62 verbose reify failed optional dependency /Users/sohee/Documents/triptalk/node_modules/@unrs/resolver-binding-linux-arm64-gnu
63 silly reify mark deleted [
63 silly reify   '/Users/sohee/Documents/triptalk/node_modules/@unrs/resolver-binding-linux-arm64-gnu'
63 silly reify ]
64 verbose reify failed optional dependency /Users/sohee/Documents/triptalk/node_modules/@unrs/resolver-binding-linux-arm-musleabihf
65 silly reify mark deleted [
65 silly reify   '/Users/sohee/Documents/triptalk/node_modules/@unrs/resolver-binding-linux-arm-musleabihf'
65 silly reify ]
66 verbose reify failed optional dependency /Users/sohee/Documents/triptalk/node_modules/@unrs/resolver-binding-linux-arm-gnueabihf
67 silly reify mark deleted [
67 silly reify   '/Users/sohee/Documents/triptalk/node_modules/@unrs/resolver-binding-linux-arm-gnueabihf'
67 silly reify ]
68 verbose reify failed optional dependency /Users/sohee/Documents/triptalk/node_modules/@unrs/resolver-binding-freebsd-x64
69 silly reify mark deleted [
69 silly reify   '/Users/sohee/Documents/triptalk/node_modules/@unrs/resolver-binding-freebsd-x64'
69 silly reify ]
70 verbose reify failed optional dependency /Users/sohee/Documents/triptalk/node_modules/@unrs/resolver-binding-darwin-x64
71 silly reify mark deleted [
71 silly reify   '/Users/sohee/Documents/triptalk/node_modules/@unrs/resolver-binding-darwin-x64'
71 silly reify ]
72 verbose reify failed optional dependency /Users/sohee/Documents/triptalk/node_modules/@unrs/resolver-binding-android-arm64
73 silly reify mark deleted [
73 silly reify   '/Users/sohee/Documents/triptalk/node_modules/@unrs/resolver-binding-android-arm64'
73 silly reify ]
74 verbose reify failed optional dependency /Users/sohee/Documents/triptalk/node_modules/@unrs/resolver-binding-android-arm-eabi
75 silly reify mark deleted [
75 silly reify   '/Users/sohee/Documents/triptalk/node_modules/@unrs/resolver-binding-android-arm-eabi'
75 silly reify ]
76 verbose reify failed optional dependency /Users/sohee/Documents/triptalk/node_modules/@next/swc-win32-x64-msvc
77 silly reify mark deleted [
77 silly reify   '/Users/sohee/Documents/triptalk/node_modules/@next/swc-win32-x64-msvc'
77 silly reify ]
78 verbose reify failed optional dependency /Users/sohee/Documents/triptalk/node_modules/@next/swc-win32-ia32-msvc
79 silly reify mark deleted [
79 silly reify   '/Users/sohee/Documents/triptalk/node_modules/@next/swc-win32-ia32-msvc'
79 silly reify ]
80 verbose reify failed optional dependency /Users/sohee/Documents/triptalk/node_modules/@next/swc-win32-arm64-msvc
81 silly reify mark deleted [
81 silly reify   '/Users/sohee/Documents/triptalk/node_modules/@next/swc-win32-arm64-msvc'
81 silly reify ]
82 verbose reify failed optional dependency /Users/sohee/Documents/triptalk/node_modules/@next/swc-linux-x64-musl
83 silly reify mark deleted [
83 silly reify   '/Users/sohee/Documents/triptalk/node_modules/@next/swc-linux-x64-musl'
83 silly reify ]
84 verbose reify failed optional dependency /Users/sohee/Documents/triptalk/node_modules/@next/swc-linux-x64-gnu
85 silly reify mark deleted [
85 silly reify   '/Users/sohee/Documents/triptalk/node_modules/@next/swc-linux-x64-gnu'
85 silly reify ]
86 verbose reify failed optional dependency /Users/sohee/Documents/triptalk/node_modules/@next/swc-linux-arm64-musl
87 silly reify mark deleted [
87 silly reify   '/Users/sohee/Documents/triptalk/node_modules/@next/swc-linux-arm64-musl'
87 silly reify ]
88 verbose reify failed optional dependency /Users/sohee/Documents/triptalk/node_modules/@next/swc-linux-arm64-gnu
89 silly reify mark deleted [
89 silly reify   '/Users/sohee/Documents/triptalk/node_modules/@next/swc-linux-arm64-gnu'
89 silly reify ]
90 verbose reify failed optional dependency /Users/sohee/Documents/triptalk/node_modules/@next/swc-darwin-x64
91 silly reify mark deleted [ '/Users/sohee/Documents/triptalk/node_modules/@next/swc-darwin-x64' ]
92 http cache react-daum-postcode@https://registry.npmjs.org/react-daum-postcode/-/react-daum-postcode-3.2.0.tgz 0ms (cache hit)
93 http cache @types/react-daum-postcode@https://registry.npmjs.org/@types/react-daum-postcode/-/react-daum-postcode-1.3.4.tgz 0ms (cache hit)
94 http cache @tybys/wasm-util@https://registry.npmjs.org/@tybys/wasm-util/-/wasm-util-0.10.1.tgz 0ms (cache hit)
95 http cache @napi-rs/wasm-runtime@https://registry.npmjs.org/@napi-rs/wasm-runtime/-/wasm-runtime-0.2.12.tgz 0ms (cache hit)
96 http cache @emnapi/wasi-threads@https://registry.npmjs.org/@emnapi/wasi-threads/-/wasi-threads-1.1.0.tgz 0ms (cache hit)
97 http cache @emnapi/runtime@https://registry.npmjs.org/@emnapi/runtime/-/runtime-1.6.0.tgz 0ms (cache hit)
98 http cache @emnapi/core@https://registry.npmjs.org/@emnapi/core/-/core-1.6.0.tgz 0ms (cache hit)
99 silly tarball no local data for react-daum-postcode@https://registry.npmjs.org/react-daum-postcode/-/react-daum-postcode-3.2.0.tgz. Extracting by manifest.
100 silly tarball no local data for @types/react-daum-postcode@https://registry.npmjs.org/@types/react-daum-postcode/-/react-daum-postcode-1.3.4.tgz. Extracting by manifest.
101 silly tarball no local data for @tybys/wasm-util@https://registry.npmjs.org/@tybys/wasm-util/-/wasm-util-0.10.1.tgz. Extracting by manifest.
102 silly tarball no local data for @napi-rs/wasm-runtime@https://registry.npmjs.org/@napi-rs/wasm-runtime/-/wasm-runtime-0.2.12.tgz. Extracting by manifest.
103 silly tarball no local data for @emnapi/wasi-threads@https://registry.npmjs.org/@emnapi/wasi-threads/-/wasi-threads-1.1.0.tgz. Extracting by manifest.
104 silly tarball no local data for @emnapi/runtime@https://registry.npmjs.org/@emnapi/runtime/-/runtime-1.6.0.tgz. Extracting by manifest.
105 silly tarball no local data for @emnapi/core@https://registry.npmjs.org/@emnapi/core/-/core-1.6.0.tgz. Extracting by manifest.
106 http fetch GET 200 https://registry.npmjs.org/react-daum-postcode/-/react-daum-postcode-3.2.0.tgz 58ms (cache miss)
107 http fetch GET 200 https://registry.npmjs.org/@tybys/wasm-util/-/wasm-util-0.10.1.tgz 79ms (cache miss)
108 http fetch GET 200 https://registry.npmjs.org/@emnapi/wasi-threads/-/wasi-threads-1.1.0.tgz 89ms (cache miss)
109 http fetch GET 200 https://registry.npmjs.org/@emnapi/core/-/core-1.6.0.tgz 95ms (cache miss)
110 http fetch GET 200 https://registry.npmjs.org/@emnapi/runtime/-/runtime-1.6.0.tgz 98ms (cache miss)
111 http fetch GET 200 https://registry.npmjs.org/@napi-rs/wasm-runtime/-/wasm-runtime-0.2.12.tgz 127ms (cache miss)
112 http fetch POST 200 https://registry.npmjs.org/-/npm/v1/security/advisories/bulk 199ms
113 silly audit report {}
114 http fetch GET 200 https://registry.npmjs.org/@types/react-daum-postcode/-/react-daum-postcode-1.3.4.tgz 576ms (cache miss)
115 silly ADD node_modules/react-daum-postcode
116 silly ADD node_modules/@types/react-daum-postcode
117 silly ADD
118 silly ADD
119 silly ADD
120 silly ADD
121 silly ADD
122 silly ADD
123 silly ADD
124 silly ADD
125 silly ADD
126 silly ADD
127 silly ADD
128 silly ADD
129 silly ADD
130 silly ADD
131 silly ADD
132 silly ADD
133 silly ADD
134 silly ADD
135 silly ADD
136 silly ADD
137 silly ADD
138 silly ADD
139 silly ADD
140 silly ADD
141 silly ADD
142 silly ADD
143 silly ADD
144 silly ADD
145 silly ADD
146 silly ADD
147 silly ADD
148 verbose cwd /Users/sohee/Documents/triptalk
149 verbose os Darwin 24.6.0
150 verbose node v22.19.0
151 verbose npm  v10.9.3
152 verbose exit 0
153 info ok
